make tsbs-run-queries TSBS_QUERY_TYPE=single-groupby-1-1-1
make[1]: Entering directory '/home/rtm_victoriametrics_com/VictoriaMetrics/01/src'
cat /tmp/tsbs-queries-single-groupby-1-1-1-100000-2025-10-20T00:00:00Z-2025-10-20T23:59:59Z-1000.gz | gunzip | /tmp/tsbs/bin/tsbs_run_queries_victoriametrics --workers=4 --urls=http://localhost:8428
Run complete after 1000 queries with 4 workers (Overall query rate 2610.72 queries/sec):
VictoriaMetrics 1 cpu metric(s), random    1 hosts, random 1h0m0s by 1m:
min:     0.46ms, med:     1.06ms, mean:     1.50ms, max:   15.33ms, stddev:     1.34ms, sum:   1.5sec, count: 1000
all queries                                                            :
min:     0.46ms, med:     1.06ms, mean:     1.50ms, max:   15.33ms, stddev:     1.34ms, sum:   1.5sec, count: 1000
wall clock time: 0.386929sec
make[1]: Leaving directory '/home/rtm_victoriametrics_com/VictoriaMetrics/01/src'
make tsbs-run-queries TSBS_QUERY_TYPE=single-groupby-1-1-12
make[1]: Entering directory '/home/rtm_victoriametrics_com/VictoriaMetrics/01/src'
cat /tmp/tsbs-queries-single-groupby-1-1-12-100000-2025-10-20T00:00:00Z-2025-10-20T23:59:59Z-1000.gz | gunzip | /tmp/tsbs/bin/tsbs_run_queries_victoriametrics --workers=4 --urls=http://localhost:8428
Run complete after 1000 queries with 4 workers (Overall query rate 2956.71 queries/sec):
VictoriaMetrics 1 cpu metric(s), random    1 hosts, random 12h0m0s by 1m:
min:     0.60ms, med:     1.10ms, mean:     1.33ms, max:    8.13ms, stddev:     0.72ms, sum:   1.3sec, count: 1000
all queries                                                             :
min:     0.60ms, med:     1.10ms, mean:     1.33ms, max:    8.13ms, stddev:     0.72ms, sum:   1.3sec, count: 1000
wall clock time: 0.341158sec
make[1]: Leaving directory '/home/rtm_victoriametrics_com/VictoriaMetrics/01/src'
make tsbs-run-queries TSBS_QUERY_TYPE=single-groupby-1-8-1
make[1]: Entering directory '/home/rtm_victoriametrics_com/VictoriaMetrics/01/src'
cat /tmp/tsbs-queries-single-groupby-1-8-1-100000-2025-10-20T00:00:00Z-2025-10-20T23:59:59Z-1000.gz | gunzip | /tmp/tsbs/bin/tsbs_run_queries_victoriametrics --workers=4 --urls=http://localhost:8428
Run complete after 1000 queries with 4 workers (Overall query rate 2248.18 queries/sec):
VictoriaMetrics 1 cpu metric(s), random    8 hosts, random 1h0m0s by 1m:
min:     0.80ms, med:     1.42ms, mean:     1.76ms, max:    8.95ms, stddev:     1.10ms, sum:   1.8sec, count: 1000
all queries                                                            :
min:     0.80ms, med:     1.42ms, mean:     1.76ms, max:    8.95ms, stddev:     1.10ms, sum:   1.8sec, count: 1000
wall clock time: 0.447898sec
make[1]: Leaving directory '/home/rtm_victoriametrics_com/VictoriaMetrics/01/src'
make tsbs-run-queries TSBS_QUERY_TYPE=single-groupby-5-1-1
make[1]: Entering directory '/home/rtm_victoriametrics_com/VictoriaMetrics/01/src'
cat /tmp/tsbs-queries-single-groupby-5-1-1-100000-2025-10-20T00:00:00Z-2025-10-20T23:59:59Z-1000.gz | gunzip | /tmp/tsbs/bin/tsbs_run_queries_victoriametrics --workers=4 --urls=http://localhost:8428
Run complete after 1000 queries with 4 workers (Overall query rate 2003.93 queries/sec):
VictoriaMetrics 5 cpu metric(s), random    1 hosts, random 1h0m0s by 1m:
min:     0.73ms, med:     1.64ms, mean:     1.96ms, max:   14.39ms, stddev:     1.51ms, sum:   2.0sec, count: 1000
all queries                                                            :
min:     0.73ms, med:     1.64ms, mean:     1.96ms, max:   14.39ms, stddev:     1.51ms, sum:   2.0sec, count: 1000
wall clock time: 0.502800sec
make[1]: Leaving directory '/home/rtm_victoriametrics_com/VictoriaMetrics/01/src'
make tsbs-run-queries TSBS_QUERY_TYPE=single-groupby-5-1-12
make[1]: Entering directory '/home/rtm_victoriametrics_com/VictoriaMetrics/01/src'
cat /tmp/tsbs-queries-single-groupby-5-1-12-100000-2025-10-20T00:00:00Z-2025-10-20T23:59:59Z-1000.gz | gunzip | /tmp/tsbs/bin/tsbs_run_queries_victoriametrics --workers=4 --urls=http://localhost:8428
Run complete after 1000 queries with 4 workers (Overall query rate 1214.59 queries/sec):
VictoriaMetrics 5 cpu metric(s), random    1 hosts, random 12h0m0s by 1m:
min:     1.36ms, med:     2.71ms, mean:     3.26ms, max:   13.72ms, stddev:     1.69ms, sum:   3.3sec, count: 1000
all queries                                                             :
min:     1.36ms, med:     2.71ms, mean:     3.26ms, max:   13.72ms, stddev:     1.69ms, sum:   3.3sec, count: 1000
wall clock time: 0.826966sec
make[1]: Leaving directory '/home/rtm_victoriametrics_com/VictoriaMetrics/01/src'
make tsbs-run-queries TSBS_QUERY_TYPE=single-groupby-5-8-1
make[1]: Entering directory '/home/rtm_victoriametrics_com/VictoriaMetrics/01/src'
cat /tmp/tsbs-queries-single-groupby-5-8-1-100000-2025-10-20T00:00:00Z-2025-10-20T23:59:59Z-1000.gz | gunzip | /tmp/tsbs/bin/tsbs_run_queries_victoriametrics --workers=4 --urls=http://localhost:8428
Run complete after 1000 queries with 4 workers (Overall query rate 1531.30 queries/sec):
VictoriaMetrics 5 cpu metric(s), random    8 hosts, random 1h0m0s by 1m:
min:     1.32ms, med:     1.90ms, mean:     2.56ms, max:   26.65ms, stddev:     2.64ms, sum:   2.6sec, count: 1000
all queries                                                            :
min:     1.32ms, med:     1.90ms, mean:     2.56ms, max:   26.65ms, stddev:     2.64ms, sum:   2.6sec, count: 1000
wall clock time: 0.657529sec
make[1]: Leaving directory '/home/rtm_victoriametrics_com/VictoriaMetrics/01/src'
make tsbs-run-queries TSBS_QUERY_TYPE=cpu-max-all-1
make[1]: Entering directory '/home/rtm_victoriametrics_com/VictoriaMetrics/01/src'
cat /tmp/tsbs-queries-cpu-max-all-1-100000-2025-10-20T00:00:00Z-2025-10-20T23:59:59Z-1000.gz | gunzip | /tmp/tsbs/bin/tsbs_run_queries_victoriametrics --workers=4 --urls=http://localhost:8428
Run complete after 1000 queries with 4 workers (Overall query rate 968.18 queries/sec):
VictoriaMetrics max of all CPU metrics, random    1 hosts, random 8h0m0s by 1h:
min:     0.65ms, med:     2.39ms, mean:     4.02ms, max:   46.86ms, stddev:     4.94ms, sum:   4.0sec, count: 1000
all queries                                                                   :
min:     0.65ms, med:     2.39ms, mean:     4.02ms, max:   46.86ms, stddev:     4.94ms, sum:   4.0sec, count: 1000
wall clock time: 1.038488sec
make[1]: Leaving directory '/home/rtm_victoriametrics_com/VictoriaMetrics/01/src'
make tsbs-run-queries TSBS_QUERY_TYPE=cpu-max-all-8
make[1]: Entering directory '/home/rtm_victoriametrics_com/VictoriaMetrics/01/src'
cat /tmp/tsbs-queries-cpu-max-all-8-100000-2025-10-20T00:00:00Z-2025-10-20T23:59:59Z-1000.gz | gunzip | /tmp/tsbs/bin/tsbs_run_queries_victoriametrics --workers=4 --urls=http://localhost:8428
Run complete after 1000 queries with 4 workers (Overall query rate 695.22 queries/sec):
VictoriaMetrics max of all CPU metrics, random    8 hosts, random 8h0m0s by 1h:
min:     1.75ms, med:     3.20ms, mean:     5.59ms, max:  186.77ms, stddev:    10.75ms, sum:   5.6sec, count: 1000
all queries                                                                   :
min:     1.75ms, med:     3.20ms, mean:     5.59ms, max:  186.77ms, stddev:    10.75ms, sum:   5.6sec, count: 1000
wall clock time: 1.449128sec
make[1]: Leaving directory '/home/rtm_victoriametrics_com/VictoriaMetrics/01/src'
make tsbs-run-queries TSBS_QUERY_TYPE=double-groupby-1
make[1]: Entering directory '/home/rtm_victoriametrics_com/VictoriaMetrics/01/src'
cat /tmp/tsbs-queries-double-groupby-1-100000-2025-10-20T00:00:00Z-2025-10-20T23:59:59Z-1000.gz | gunzip | /tmp/tsbs/bin/tsbs_run_queries_victoriametrics --workers=4 --urls=http://localhost:8428
Run complete after 1000 queries with 4 workers (Overall query rate 1.47 queries/sec):
VictoriaMetrics mean of 1 metrics, all hosts, random 12h0m0s by 1h:
min:  1751.36ms, med:  2707.45ms, mean:  2710.32ms, max: 4028.41ms, stddev:   361.79ms, sum: 2710.3sec, count: 1000
all queries                                                       :
min:  1751.36ms, med:  2707.45ms, mean:  2710.32ms, max: 4028.41ms, stddev:   361.79ms, sum: 2710.3sec, count: 1000
wall clock time: 678.157495sec
make[1]: Leaving directory '/home/rtm_victoriametrics_com/VictoriaMetrics/01/src'
# Too heavy: retrieves 1B samples
# make tsbs-run-queries TSBS_QUERY_TYPE=double-groupby-5
# make tsbs-run-queries TSBS_QUERY_TYPE=double-groupby-all
