cat /tmp/tsbs-data-100000-2025-10-19T00:00:00Z-2025-10-20T00:00:00Z-80s.gz | gunzip | /tmp/tsbs/bin/tsbs_load_victoriametrics \
	--workers=4 \
	--urls=http://localhost:8428/write \
	2>/dev/tty | tee /tmp/tsbs-load-100000-2025-10-19T00:00:00Z-2025-10-20T00:00:00Z-80s.csv
time,per. metric/s,metric total,overall metric/s,per. row/s,row total,overall row/s
1760969130,1579997.60,1.580000E+07,1579997.60,157999.76,1.580000E+06,157999.76
1760969140,2400000.12,3.980000E+07,1989998.54,240000.01,3.980000E+06,198999.85
1760969150,2359999.79,6.340000E+07,2113332.23,235999.98,6.340000E+06,211333.22
1760969160,2090000.14,8.430000E+07,2107499.21,209000.01,8.430000E+06,210749.92
1760969170,1349999.84,9.780000E+07,1955999.37,134999.98,9.780000E+06,195599.94
1760969180,1260000.17,1.104000E+08,1839999.55,126000.02,1.104000E+07,183999.95
1760969190,1419999.03,1.246000E+08,1779999.45,141999.90,1.246000E+07,177999.95
1760969200,1410001.04,1.387000E+08,1733749.69,141000.10,1.387000E+07,173374.97
1760969210,1349999.95,1.522000E+08,1691110.84,135000.00,1.522000E+07,169111.08
1760969220,1449999.97,1.667000E+08,1666999.75,145000.00,1.667000E+07,166699.98
1760969230,1499999.97,1.817000E+08,1651817.96,150000.00,1.817000E+07,165181.80
1760969240,1419999.68,1.959000E+08,1632499.77,141999.97,1.959000E+07,163249.98
1760969250,1389999.99,2.098000E+08,1613845.94,139000.00,2.098000E+07,161384.59
1760969260,1499999.82,2.248000E+08,1605714.07,149999.98,2.248000E+07,160571.41
1760969270,1430000.37,2.391000E+08,1593999.83,143000.04,2.391000E+07,159399.98
1760969280,1439999.50,2.535000E+08,1584374.81,143999.95,2.535000E+07,158437.48
1760969290,1390000.65,2.674000E+08,1572941.04,139000.07,2.674000E+07,157294.10
1760969300,1459999.40,2.820000E+08,1566666.50,145999.94,2.820000E+07,156666.65
1760969310,1440000.53,2.964000E+08,1559999.88,144000.05,2.964000E+07,155999.99
1760969320,1369999.68,3.101000E+08,1550499.86,136999.97,3.101000E+07,155049.99
1760969330,1419999.59,3.243000E+08,1544285.56,141999.96,3.243000E+07,154428.56
1760969340,1430000.83,3.386000E+08,1539090.81,143000.08,3.386000E+07,153909.08
1760969350,1479999.51,3.534000E+08,1536521.62,147999.95,3.534000E+07,153652.16
1760969360,1360000.16,3.670000E+08,1529166.56,136000.02,3.670000E+07,152916.66
1760969370,1359999.79,3.806000E+08,1522399.89,135999.98,3.806000E+07,152239.99
1760969380,1530000.06,3.959000E+08,1522692.20,153000.01,3.959000E+07,152269.22
1760969390,1430000.43,4.102000E+08,1519259.18,143000.04,4.102000E+07,151925.92
1760969400,1379999.97,4.240000E+08,1514285.63,138000.00,4.240000E+07,151428.56
1760969410,1399999.31,4.380000E+08,1510344.72,139999.93,4.380000E+07,151034.47
1760969420,1460000.67,4.526000E+08,1508666.59,146000.07,4.526000E+07,150866.66
1760969430,1389999.23,4.665000E+08,1504838.61,138999.92,4.665000E+07,150483.86
1760969440,1340000.37,4.799000E+08,1499687.41,134000.04,4.799000E+07,149968.74
1760969450,1319997.51,4.931000E+08,1494242.26,131999.75,4.931000E+07,149424.23
1760969460,1320002.92,5.063000E+08,1489117.58,132000.29,5.063000E+07,148911.76
1760969470,1279999.58,5.191000E+08,1483142.78,127999.96,5.191000E+07,148314.28
1760969480,1159999.63,5.307000E+08,1474166.58,115999.96,5.307000E+07,147416.66
1760969490,1310000.77,5.438000E+08,1469729.67,131000.08,5.438000E+07,146972.97
1760969500,1319999.54,5.570000E+08,1465789.40,131999.95,5.570000E+07,146578.94
1760969510,1280000.52,5.698000E+08,1461025.59,128000.05,5.698000E+07,146102.56
1760969520,1209999.15,5.819000E+08,1454749.92,120999.92,5.819000E+07,145474.99
1760969530,1290000.90,5.948000E+08,1450731.65,129000.09,5.948000E+07,145073.17
1760969540,1339999.31,6.082000E+08,1448095.17,133999.93,6.082000E+07,144809.52
1760969550,1250000.21,6.207000E+08,1443488.31,125000.02,6.207000E+07,144348.83
1760969560,1210000.34,6.328000E+08,1438181.77,121000.03,6.328000E+07,143818.18
1760969570,1300000.02,6.458000E+08,1435111.06,130000.00,6.458000E+07,143511.11
1760969580,1300000.00,6.588000E+08,1432173.87,130000.00,6.588000E+07,143217.39
1760969590,1310000.14,6.719000E+08,1429574.42,131000.01,6.719000E+07,142957.44
1760969600,1249999.12,6.844000E+08,1425833.27,124999.91,6.844000E+07,142583.33
1760969610,1260000.76,6.970000E+08,1422448.93,126000.08,6.970000E+07,142244.89
1760969620,1350000.14,7.105000E+08,1420999.96,135000.01,7.105000E+07,142100.00
1760969630,1289999.90,7.234000E+08,1418431.33,128999.99,7.234000E+07,141843.13
1760969640,1199999.91,7.354000E+08,1414230.73,119999.99,7.354000E+07,141423.07
1760969650,1240000.29,7.478000E+08,1410943.36,124000.03,7.478000E+07,141094.34
1760969660,1329999.50,7.611000E+08,1409444.40,132999.95,7.611000E+07,140944.44
1760969670,1289986.05,7.740000E+08,1407272.41,128998.60,7.740000E+07,140727.24
1760969680,1260013.83,7.866000E+08,1404642.82,126001.38,7.866000E+07,140464.28
1760969690,1229999.75,7.989000E+08,1401578.90,122999.97,7.989000E+07,140157.89
1760969700,1349999.80,8.124000E+08,1400689.61,134999.98,8.124000E+07,140068.96
1760969710,1229999.92,8.247000E+08,1397796.56,122999.99,8.247000E+07,139779.66
1760969720,1190000.22,8.366000E+08,1394333.29,119000.02,8.366000E+07,139433.33
1760969730,1119999.50,8.478000E+08,1389836.01,111999.95,8.478000E+07,138983.60
1760969740,1100000.91,8.588000E+08,1385161.26,110000.09,8.588000E+07,138516.13
1760969750,1239999.94,8.712000E+08,1382857.11,123999.99,8.712000E+07,138285.71
1760969760,1039999.89,8.816000E+08,1377499.97,103999.99,8.816000E+07,137750.00
1760969770,1150000.09,8.931000E+08,1373999.97,115000.01,8.931000E+07,137400.00
1760969780,1160000.04,9.047000E+08,1370757.55,116000.00,9.047000E+07,137075.75
1760969790,1169999.94,9.164000E+08,1367761.16,116999.99,9.164000E+07,136776.12
1760969800,1140000.08,9.278000E+08,1364411.74,114000.01,9.278000E+07,136441.17
1760969810,1069999.92,9.385000E+08,1360144.90,106999.99,9.385000E+07,136014.49
1760969820,1230000.01,9.508000E+08,1358285.68,123000.00,9.508000E+07,135828.57
1760969830,1159999.65,9.624000E+08,1355492.92,115999.97,9.624000E+07,135549.29
1760969840,1180000.43,9.742000E+08,1353055.53,118000.04,9.742000E+07,135305.55
1760969850,1009999.70,9.843000E+08,1348356.13,100999.97,9.843000E+07,134835.61
1760969860,1160000.33,9.959000E+08,1345810.78,116000.03,9.959000E+07,134581.08
1760969870,1159999.46,1.007500E+09,1343333.30,115999.95,1.007500E+08,134333.33
1760969880,1199999.82,1.019500E+09,1341447.33,119999.98,1.019500E+08,134144.73
1760969890,1120000.66,1.030700E+09,1338571.40,112000.07,1.030700E+08,133857.14
1760969900,1049999.94,1.041200E+09,1334871.77,104999.99,1.041200E+08,133487.18
1760969910,1120000.03,1.052400E+09,1332151.87,112000.00,1.052400E+08,133215.19
1760969920,1169999.99,1.064100E+09,1330124.97,117000.00,1.064100E+08,133012.50
1760969930,1190000.14,1.076000E+09,1328395.04,119000.01,1.076000E+08,132839.50

Summary:
loaded 1080000000 metrics in 815.619sec with 4 workers (mean rate 1324148.38 metrics/sec)
loaded 108000000 rows in 815.619sec with 4 workers (mean rate 132414.84 rows/sec)
curl -s http://localhost:8428/metrics | grep \
	-e process_cpu_seconds_user_total \
	-e process_cpu_seconds_system_total \
	-e process_cpu_seconds_total \
	-e process_resident_memory_peak_bytes \
	-e process_resident_memory_bytes \
	-e process_io_read_bytes_total \
	-e process_io_written_bytes_total || true
process_cpu_seconds_system_total 332.06
process_cpu_seconds_total 5975.41
process_cpu_seconds_user_total 5643.35
process_resident_memory_bytes 1413971968
process_resident_memory_peak_bytes 3620855808
process_io_read_bytes_total 45032019034
process_io_written_bytes_total 7669724647
