cat /tmp/tsbs-data-100000-2025-10-19T00:00:00Z-2025-10-20T00:00:00Z-80s.gz | gunzip | /tmp/tsbs/bin/tsbs_load_victoriametrics \
	--workers=4 \
	--urls=http://localhost:8428/write \
	2>/dev/tty | tee /tmp/tsbs-load-100000-2025-10-19T00:00:00Z-2025-10-20T00:00:00Z-80s.csv
time,per. metric/s,metric total,overall metric/s,per. row/s,row total,overall row/s
1760968055,2659944.68,2.660000E+07,2659944.68,265994.47,2.660000E+06,265994.47
1760968065,2540001.09,5.200000E+07,2599973.52,254000.11,5.200000E+06,259997.35
1760968075,2289999.84,7.490000E+07,2496649.66,228999.98,7.490000E+06,249664.97
1760968085,2029999.83,9.520000E+07,2379987.79,202999.98,9.520000E+06,237998.78
1760968095,899999.83,1.042000E+08,2083991.37,89999.98,1.042000E+07,208399.14
1760968105,1160000.25,1.158000E+08,1929993.41,116000.02,1.158000E+07,192999.34
1760968115,1330000.14,1.291000E+08,1844280.34,133000.01,1.291000E+07,184428.03
1760968125,1409999.98,1.432000E+08,1789995.43,141000.00,1.432000E+07,178999.54
1760968135,1189999.95,1.551000E+08,1723329.42,119000.00,1.551000E+07,172332.94
1760968145,1399999.99,1.691000E+08,1690996.54,140000.00,1.691000E+07,169099.65
1760968155,1389999.94,1.830000E+08,1663633.26,138999.99,1.830000E+07,166363.33
1760968165,1350000.04,1.965000E+08,1637497.21,135000.00,1.965000E+07,163749.72
1760968175,1280000.02,2.093000E+08,1609997.47,128000.00,2.093000E+07,160999.75
1760968185,1399999.60,2.233000E+08,1594997.64,139999.96,2.233000E+07,159499.76
1760968195,1389999.45,2.372000E+08,1581331.10,138999.94,2.372000E+07,158133.11
1760968205,1310000.94,2.503000E+08,1564373.00,131000.09,2.503000E+07,156437.30
1760968215,1189999.57,2.622000E+08,1542351.05,118999.96,2.622000E+07,154235.11
1760968225,1360000.43,2.758000E+08,1532220.48,136000.04,2.758000E+07,153222.05
1760968235,1359999.59,2.894000E+08,1523156.23,135999.96,2.894000E+07,152315.62
1760968245,1370000.32,3.031000E+08,1515498.44,137000.03,3.031000E+07,151549.84
1760968255,1319999.84,3.163000E+08,1506188.99,131999.98,3.163000E+07,150618.90
1760968265,1239999.94,3.287000E+08,1494089.50,123999.99,3.287000E+07,149408.95
1760968275,1409999.58,3.428000E+08,1490433.42,140999.96,3.428000E+07,149043.34
1760968285,1330000.75,3.561000E+08,1483748.74,133000.08,3.561000E+07,148374.87
1760968295,1219999.98,3.683000E+08,1473198.79,122000.00,3.683000E+07,147319.88
1760968305,1279999.58,3.811000E+08,1465768.06,127999.96,3.811000E+07,146576.81
1760968315,1400000.42,3.951000E+08,1463332.22,140000.04,3.951000E+07,146333.22
1760968325,1420000.06,4.093000E+08,1461784.65,142000.01,4.093000E+07,146178.46
1760968335,1230000.07,4.216000E+08,1453792.08,123000.01,4.216000E+07,145379.21
1760968345,1179999.26,4.334000E+08,1444665.65,117999.93,4.334000E+07,144466.57
1760968355,1160000.71,4.450000E+08,1435482.93,116000.07,4.450000E+07,143548.29
1760968365,1239999.43,4.574000E+08,1429374.07,123999.94,4.574000E+07,142937.41
1760968375,1140000.18,4.688000E+08,1420605.17,114000.02,4.688000E+07,142060.52
1760968385,1180000.37,4.806000E+08,1413528.56,118000.04,4.806000E+07,141352.86
1760968395,1259999.90,4.932000E+08,1409142.03,125999.99,4.932000E+07,140914.20
1760968405,1219999.79,5.054000E+08,1403888.08,121999.98,5.054000E+07,140388.81
1760968415,1229999.65,5.177000E+08,1399188.40,122999.97,5.177000E+07,139918.84
1760968425,1110000.54,5.288000E+08,1391578.20,111000.05,5.288000E+07,139157.82
1760968435,1339999.43,5.422000E+08,1390255.67,133999.94,5.422000E+07,139025.57
1760968445,1429999.88,5.565000E+08,1391249.27,142999.99,5.565000E+07,139124.93
1760968455,1380000.88,5.703000E+08,1390974.92,138000.09,5.703000E+07,139097.49
1760968465,1289999.45,5.832000E+08,1388570.74,128999.95,5.832000E+07,138857.07
1760968475,1229999.92,5.955000E+08,1384883.05,122999.99,5.955000E+07,138488.31
1760968485,1429999.91,6.098000E+08,1385908.43,142999.99,6.098000E+07,138590.84
1760968495,1340000.62,6.232000E+08,1384888.26,134000.06,6.232000E+07,138488.83
1760968505,1459999.92,6.378000E+08,1386521.12,145999.99,6.378000E+07,138652.11
1760968515,1199999.96,6.498000E+08,1382552.59,120000.00,6.498000E+07,138255.26
1760968525,1349999.97,6.633000E+08,1381874.41,135000.00,6.633000E+07,138187.44
1760968535,1399999.74,6.773000E+08,1382244.31,139999.97,6.773000E+07,138224.43
1760968545,1280000.29,6.901000E+08,1380199.43,128000.03,6.901000E+07,138019.94
1760968555,1239999.93,7.025000E+08,1377450.43,123999.99,7.025000E+07,137745.04
1760968565,1320000.12,7.157000E+08,1376345.61,132000.01,7.157000E+07,137634.56
1760968575,1400000.01,7.297000E+08,1376791.92,140000.00,7.297000E+07,137679.19
1760968585,1359999.94,7.433000E+08,1376480.96,135999.99,7.433000E+07,137648.10
1760968595,1309999.99,7.564000E+08,1375272.21,131000.00,7.564000E+07,137527.22
1760968605,1200000.07,7.684000E+08,1372142.36,120000.01,7.684000E+07,137214.24
1760968615,1390000.09,7.823000E+08,1372455.65,139000.01,7.823000E+07,137245.56
1760968625,1249999.84,7.948000E+08,1370344.34,124999.98,7.948000E+07,137034.43
1760968635,1410000.09,8.089000E+08,1371016.47,141000.01,8.089000E+07,137101.65
1760968645,1189999.92,8.208000E+08,1367999.53,118999.99,8.208000E+07,136799.95
1760968655,1330000.08,8.341000E+08,1367376.59,133000.01,8.341000E+07,136737.66
1760968665,1250000.01,8.466000E+08,1365483.42,125000.00,8.466000E+07,136548.34
1760968675,1299999.92,8.596000E+08,1364444.00,129999.99,8.596000E+07,136444.40
1760968685,1360000.10,8.732000E+08,1364374.56,136000.01,8.732000E+07,136437.46
1760968695,1369999.61,8.869000E+08,1364461.10,136999.96,8.869000E+07,136446.11
1760968705,1289999.87,8.998000E+08,1363332.90,128999.99,8.998000E+07,136333.29
1760968715,1310000.41,9.129000E+08,1362536.90,131000.04,9.129000E+07,136253.69
1760968725,1360000.12,9.265000E+08,1362499.59,136000.01,9.265000E+07,136249.96
1760968735,1350000.00,9.400000E+08,1362318.44,135000.00,9.400000E+07,136231.84
1760968745,1239999.25,9.524000E+08,1360571.02,123999.92,9.524000E+07,136057.10
1760968755,1250000.63,9.649000E+08,1359013.69,125000.06,9.649000E+07,135901.37
1760968765,1339999.23,9.783000E+08,1358749.60,133999.92,9.783000E+07,135874.96
1760968775,1390000.80,9.922000E+08,1359177.70,139000.08,9.922000E+07,135917.77
1760968785,1250000.14,1.004700E+09,1357702.33,125000.01,1.004700E+08,135770.23
1760968795,1299999.93,1.017700E+09,1356932.96,129999.99,1.017700E+08,135693.30
1760968805,1389999.61,1.031600E+09,1357368.05,138999.96,1.031600E+08,135736.81
1760968815,1329999.81,1.044900E+09,1357012.62,132999.98,1.044900E+08,135701.26
1760968825,1329999.95,1.058200E+09,1356666.30,132999.99,1.058200E+08,135666.63
1760968835,1270000.47,1.070900E+09,1355569.27,127000.05,1.070900E+08,135556.93

Summary:
loaded 1080000000 metrics in 798.596sec with 4 workers (mean rate 1352372.85 metrics/sec)
loaded 108000000 rows in 798.596sec with 4 workers (mean rate 135237.29 rows/sec)
curl -s http://localhost:8428/metrics | grep \
	-e process_cpu_seconds_user_total \
	-e process_cpu_seconds_system_total \
	-e process_cpu_seconds_total \
	-e process_resident_memory_peak_bytes \
	-e process_resident_memory_bytes \
	-e process_io_read_bytes_total \
	-e process_io_written_bytes_total || true
process_cpu_seconds_system_total 308.24
process_cpu_seconds_total 5863.69
process_cpu_seconds_user_total 5555.45
process_resident_memory_bytes 1473110016
process_resident_memory_peak_bytes 2233503744
process_io_read_bytes_total 45147586659
process_io_written_bytes_total 7349769859
