make tsbs-run-queries TSBS_QUERY_TYPE=single-groupby-1-1-1
make[1]: Entering directory '/home/rtm_victoriametrics_com/VictoriaMetrics/01/src'
cat /tmp/tsbs-queries-single-groupby-1-1-1-100000-2025-10-20T00:00:00Z-2025-10-20T23:59:59Z-1000.gz | gunzip | /tmp/tsbs/bin/tsbs_run_queries_victoriametrics --workers=4 --urls=http://localhost:8428
Run complete after 1000 queries with 4 workers (Overall query rate 2907.14 queries/sec):
VictoriaMetrics 1 cpu metric(s), random    1 hosts, random 1h0m0s by 1m:
min:     0.46ms, med:     1.06ms, mean:     1.30ms, max:   18.90ms, stddev:     1.39ms, sum:   1.3sec, count: 1000
all queries                                                            :
min:     0.46ms, med:     1.06ms, mean:     1.30ms, max:   18.90ms, stddev:     1.39ms, sum:   1.3sec, count: 1000
wall clock time: 0.348489sec
make[1]: Leaving directory '/home/rtm_victoriametrics_com/VictoriaMetrics/01/src'
make tsbs-run-queries TSBS_QUERY_TYPE=single-groupby-1-1-12
make[1]: Entering directory '/home/rtm_victoriametrics_com/VictoriaMetrics/01/src'
cat /tmp/tsbs-queries-single-groupby-1-1-12-100000-2025-10-20T00:00:00Z-2025-10-20T23:59:59Z-1000.gz | gunzip | /tmp/tsbs/bin/tsbs_run_queries_victoriametrics --workers=4 --urls=http://localhost:8428
Run complete after 1000 queries with 4 workers (Overall query rate 2537.94 queries/sec):
VictoriaMetrics 1 cpu metric(s), random    1 hosts, random 12h0m0s by 1m:
min:     0.60ms, med:     1.26ms, mean:     1.55ms, max:   10.15ms, stddev:     0.96ms, sum:   1.6sec, count: 1000
all queries                                                             :
min:     0.60ms, med:     1.26ms, mean:     1.55ms, max:   10.15ms, stddev:     0.96ms, sum:   1.6sec, count: 1000
wall clock time: 0.399209sec
make[1]: Leaving directory '/home/rtm_victoriametrics_com/VictoriaMetrics/01/src'
make tsbs-run-queries TSBS_QUERY_TYPE=single-groupby-1-8-1
make[1]: Entering directory '/home/rtm_victoriametrics_com/VictoriaMetrics/01/src'
cat /tmp/tsbs-queries-single-groupby-1-8-1-100000-2025-10-20T00:00:00Z-2025-10-20T23:59:59Z-1000.gz | gunzip | /tmp/tsbs/bin/tsbs_run_queries_victoriametrics --workers=4 --urls=http://localhost:8428
Run complete after 1000 queries with 4 workers (Overall query rate 2220.44 queries/sec):
VictoriaMetrics 1 cpu metric(s), random    8 hosts, random 1h0m0s by 1m:
min:     0.86ms, med:     1.54ms, mean:     1.78ms, max:   13.07ms, stddev:     0.98ms, sum:   1.8sec, count: 1000
all queries                                                            :
min:     0.86ms, med:     1.54ms, mean:     1.78ms, max:   13.07ms, stddev:     0.98ms, sum:   1.8sec, count: 1000
wall clock time: 0.454019sec
make[1]: Leaving directory '/home/rtm_victoriametrics_com/VictoriaMetrics/01/src'
make tsbs-run-queries TSBS_QUERY_TYPE=single-groupby-5-1-1
make[1]: Entering directory '/home/rtm_victoriametrics_com/VictoriaMetrics/01/src'
cat /tmp/tsbs-queries-single-groupby-5-1-1-100000-2025-10-20T00:00:00Z-2025-10-20T23:59:59Z-1000.gz | gunzip | /tmp/tsbs/bin/tsbs_run_queries_victoriametrics --workers=4 --urls=http://localhost:8428
Run complete after 1000 queries with 4 workers (Overall query rate 1861.04 queries/sec):
VictoriaMetrics 5 cpu metric(s), random    1 hosts, random 1h0m0s by 1m:
min:     0.65ms, med:     1.85ms, mean:     2.12ms, max:   11.41ms, stddev:     1.27ms, sum:   2.1sec, count: 1000
all queries                                                            :
min:     0.65ms, med:     1.85ms, mean:     2.12ms, max:   11.41ms, stddev:     1.27ms, sum:   2.1sec, count: 1000
wall clock time: 0.540618sec
make[1]: Leaving directory '/home/rtm_victoriametrics_com/VictoriaMetrics/01/src'
make tsbs-run-queries TSBS_QUERY_TYPE=single-groupby-5-1-12
make[1]: Entering directory '/home/rtm_victoriametrics_com/VictoriaMetrics/01/src'
cat /tmp/tsbs-queries-single-groupby-5-1-12-100000-2025-10-20T00:00:00Z-2025-10-20T23:59:59Z-1000.gz | gunzip | /tmp/tsbs/bin/tsbs_run_queries_victoriametrics --workers=4 --urls=http://localhost:8428
Run complete after 1000 queries with 4 workers (Overall query rate 1054.75 queries/sec):
VictoriaMetrics 5 cpu metric(s), random    1 hosts, random 12h0m0s by 1m:
min:     1.60ms, med:     3.11ms, mean:     3.76ms, max:   20.20ms, stddev:     2.03ms, sum:   3.8sec, count: 1000
all queries                                                             :
min:     1.60ms, med:     3.11ms, mean:     3.76ms, max:   20.20ms, stddev:     2.03ms, sum:   3.8sec, count: 1000
wall clock time: 0.954150sec
make[1]: Leaving directory '/home/rtm_victoriametrics_com/VictoriaMetrics/01/src'
make tsbs-run-queries TSBS_QUERY_TYPE=single-groupby-5-8-1
make[1]: Entering directory '/home/rtm_victoriametrics_com/VictoriaMetrics/01/src'
cat /tmp/tsbs-queries-single-groupby-5-8-1-100000-2025-10-20T00:00:00Z-2025-10-20T23:59:59Z-1000.gz | gunzip | /tmp/tsbs/bin/tsbs_run_queries_victoriametrics --workers=4 --urls=http://localhost:8428
Run complete after 1000 queries with 4 workers (Overall query rate 1324.87 queries/sec):
VictoriaMetrics 5 cpu metric(s), random    8 hosts, random 1h0m0s by 1m:
min:     1.38ms, med:     2.23ms, mean:     2.95ms, max:   31.40ms, stddev:     3.03ms, sum:   3.0sec, count: 1000
all queries                                                            :
min:     1.38ms, med:     2.23ms, mean:     2.95ms, max:   31.40ms, stddev:     3.03ms, sum:   3.0sec, count: 1000
wall clock time: 0.761736sec
make[1]: Leaving directory '/home/rtm_victoriametrics_com/VictoriaMetrics/01/src'
make tsbs-run-queries TSBS_QUERY_TYPE=cpu-max-all-1
make[1]: Entering directory '/home/rtm_victoriametrics_com/VictoriaMetrics/01/src'
cat /tmp/tsbs-queries-cpu-max-all-1-100000-2025-10-20T00:00:00Z-2025-10-20T23:59:59Z-1000.gz | gunzip | /tmp/tsbs/bin/tsbs_run_queries_victoriametrics --workers=4 --urls=http://localhost:8428
Run complete after 1000 queries with 4 workers (Overall query rate 852.84 queries/sec):
VictoriaMetrics max of all CPU metrics, random    1 hosts, random 8h0m0s by 1h:
min:     0.66ms, med:     2.88ms, mean:     4.60ms, max:   45.77ms, stddev:     5.08ms, sum:   4.6sec, count: 1000
all queries                                                                   :
min:     0.66ms, med:     2.88ms, mean:     4.60ms, max:   45.77ms, stddev:     5.08ms, sum:   4.6sec, count: 1000
wall clock time: 1.179042sec
make[1]: Leaving directory '/home/rtm_victoriametrics_com/VictoriaMetrics/01/src'
make tsbs-run-queries TSBS_QUERY_TYPE=cpu-max-all-8
make[1]: Entering directory '/home/rtm_victoriametrics_com/VictoriaMetrics/01/src'
cat /tmp/tsbs-queries-cpu-max-all-8-100000-2025-10-20T00:00:00Z-2025-10-20T23:59:59Z-1000.gz | gunzip | /tmp/tsbs/bin/tsbs_run_queries_victoriametrics --workers=4 --urls=http://localhost:8428
Run complete after 1000 queries with 4 workers (Overall query rate 548.72 queries/sec):
VictoriaMetrics max of all CPU metrics, random    8 hosts, random 8h0m0s by 1h:
min:     1.90ms, med:     4.17ms, mean:     7.16ms, max:  157.91ms, stddev:    13.24ms, sum:   7.2sec, count: 1000
all queries                                                                   :
min:     1.90ms, med:     4.17ms, mean:     7.16ms, max:  157.91ms, stddev:    13.24ms, sum:   7.2sec, count: 1000
wall clock time: 1.833081sec
make[1]: Leaving directory '/home/rtm_victoriametrics_com/VictoriaMetrics/01/src'
make tsbs-run-queries TSBS_QUERY_TYPE=double-groupby-1
make[1]: Entering directory '/home/rtm_victoriametrics_com/VictoriaMetrics/01/src'
cat /tmp/tsbs-queries-double-groupby-1-100000-2025-10-20T00:00:00Z-2025-10-20T23:59:59Z-1000.gz | gunzip | /tmp/tsbs/bin/tsbs_run_queries_victoriametrics --workers=4 --urls=http://localhost:8428
Run complete after 1000 queries with 4 workers (Overall query rate 1.46 queries/sec):
VictoriaMetrics mean of 1 metrics, all hosts, random 12h0m0s by 1h:
min:  1928.45ms, med:  2705.79ms, mean:  2730.67ms, max: 4016.00ms, stddev:   327.69ms, sum: 2730.7sec, count: 1000
all queries                                                       :
min:  1928.45ms, med:  2705.79ms, mean:  2730.67ms, max: 4016.00ms, stddev:   327.69ms, sum: 2730.7sec, count: 1000
wall clock time: 683.130050sec
make[1]: Leaving directory '/home/rtm_victoriametrics_com/VictoriaMetrics/01/src'
# Too heavy: retrieves 1B samples
# make tsbs-run-queries TSBS_QUERY_TYPE=double-groupby-5
# make tsbs-run-queries TSBS_QUERY_TYPE=double-groupby-all
