cat /tmp/tsbs-data-100000-2025-10-19T00:00:00Z-2025-10-20T00:00:00Z-80s.gz | gunzip | /tmp/tsbs/bin/tsbs_load_victoriametrics \
	--workers=4 \
	--urls=http://localhost:8428/write \
	2>/dev/tty | tee /tmp/tsbs-load-100000-2025-10-19T00:00:00Z-2025-10-20T00:00:00Z-80s.csv
time,per. metric/s,metric total,overall metric/s,per. row/s,row total,overall row/s
1760974283,369968.47,3.700000E+06,369968.47,36996.85,3.700000E+05,36996.85
1760974293,1690000.25,2.060000E+07,1029956.18,169000.02,2.060000E+06,102995.62
1760974303,1889999.75,3.950000E+07,1316629.27,188999.98,3.950000E+06,131662.93
1760974313,1839999.64,5.790000E+07,1447469.09,183999.96,5.790000E+06,144746.91
1760974323,1859999.92,7.650000E+07,1529973.85,185999.99,7.650000E+06,152997.39
1760974333,1810000.15,9.460000E+07,1576644.23,181000.01,9.460000E+06,157664.42
1760974343,1769999.96,1.123000E+08,1604266.14,177000.00,1.123000E+07,160426.61
1760974353,1840000.47,1.307000E+08,1633732.61,184000.05,1.307000E+07,163373.26
1760974363,1879999.29,1.495000E+08,1661095.33,187999.93,1.495000E+07,166109.53
1760974373,1840000.22,1.679000E+08,1678985.66,184000.02,1.679000E+07,167898.57
1760974383,1820000.15,1.861000E+08,1691805.06,182000.02,1.861000E+07,169180.51
1760974393,1789999.75,2.040000E+08,1699987.89,178999.98,2.040000E+07,169998.79
1760974403,1860000.53,2.226000E+08,1712296.47,186000.05,2.226000E+07,171229.65
1760974413,1839999.74,2.410000E+08,1721418.08,183999.97,2.410000E+07,172141.81
1760974423,1699999.88,2.580000E+08,1719990.21,169999.99,2.580000E+07,171999.02
1760974433,1850000.14,2.765000E+08,1728115.79,185000.01,2.765000E+07,172811.58
1760974443,1920000.28,2.957000E+08,1739403.05,192000.03,2.957000E+07,173940.31
1760974453,1899999.91,3.147000E+08,1748325.06,189999.99,3.147000E+07,174832.51
1760974463,1770000.07,3.324000E+08,1749465.84,177000.01,3.324000E+07,174946.58
1760974473,1819999.57,3.506000E+08,1752992.51,181999.96,3.506000E+07,175299.25
1760974483,1859999.27,3.692000E+08,1758088.06,185999.93,3.692000E+07,175808.81
1760974493,1810000.66,3.873000E+08,1760447.71,181000.07,3.873000E+07,176044.77
1760974503,1809999.68,4.054000E+08,1762602.14,180999.97,4.054000E+07,176260.21
1760974513,1710000.71,4.225000E+08,1760410.42,171000.07,4.225000E+07,176041.04
1760974523,1809999.19,4.406000E+08,1762393.96,180999.92,4.406000E+07,176239.40
1760974533,1810000.70,4.587000E+08,1764224.98,181000.07,4.587000E+07,176422.50
1760974543,1789999.53,4.766000E+08,1765179.59,178999.95,4.766000E+07,176517.96
1760974553,1580000.29,4.924000E+08,1758566.07,158000.03,4.924000E+07,175856.61
1760974563,1819999.54,5.106000E+08,1760684.46,181999.95,5.106000E+07,176068.45
1760974573,1870000.36,5.293000E+08,1764328.31,187000.04,5.293000E+07,176432.83
1760974583,1670000.15,5.460000E+08,1761285.48,167000.01,5.460000E+07,176128.55
1760974593,1730000.00,5.633000E+08,1760307.81,173000.00,5.633000E+07,176030.78
1760974603,1670000.00,5.800000E+08,1757571.21,167000.00,5.800000E+07,175757.12
1760974613,1759999.61,5.976000E+08,1757642.64,175999.96,5.976000E+07,175764.26
1760974623,1860000.76,6.162000E+08,1760567.15,186000.08,6.162000E+07,176056.71
1760974633,1779999.12,6.340000E+08,1761106.92,177999.91,6.340000E+07,176110.69
1760974643,1750000.33,6.515000E+08,1760806.75,175000.03,6.515000E+07,176080.67
1760974653,1779999.88,6.693000E+08,1761311.83,177999.99,6.693000E+07,176131.18
1760974663,1790000.49,6.872000E+08,1762047.43,179000.05,6.872000E+07,176204.74
1760974673,1689999.84,7.041000E+08,1760246.25,168999.98,7.041000E+07,176024.62
1760974683,1890000.28,7.230000E+08,1763410.97,189000.03,7.230000E+07,176341.10
1760974693,1929999.94,7.423000E+08,1767377.37,192999.99,7.423000E+07,176737.74
1760974703,1859999.97,7.609000E+08,1769531.38,186000.00,7.609000E+07,176953.14
1760974713,1669999.87,7.776000E+08,1767269.30,166999.99,7.776000E+07,176726.93
1760974723,1779999.96,7.954000E+08,1767552.20,178000.00,7.954000E+07,176755.22
1760974733,1789999.72,8.133000E+08,1768040.19,178999.97,8.133000E+07,176804.02
1760974743,1770000.46,8.310000E+08,1768081.90,177000.05,8.310000E+07,176808.19
1760974753,1779999.79,8.488000E+08,1768330.19,177999.98,8.488000E+07,176833.02
1760974763,1760000.23,8.664000E+08,1768160.19,176000.02,8.664000E+07,176816.02
1760974773,1849999.73,8.849000E+08,1769796.98,184999.97,8.849000E+07,176979.70
1760974783,1809999.97,9.030000E+08,1770585.27,181000.00,9.030000E+07,177058.53
1760974793,1730000.32,9.203000E+08,1769804.79,173000.03,9.203000E+07,176980.48
1760974803,1779999.99,9.381000E+08,1769997.16,178000.00,9.381000E+07,176999.72
1760974813,1879999.75,9.569000E+08,1772034.24,187999.97,9.569000E+07,177203.42
1760974823,1889999.71,9.758000E+08,1774179.06,188999.97,9.758000E+07,177417.91
1760974833,1770000.02,9.935000E+08,1774104.44,177000.00,9.935000E+07,177410.44
1760974843,1810000.33,1.011600E+09,1774734.19,181000.03,1.011600E+08,177473.42
1760974853,1829999.73,1.029900E+09,1775687.04,182999.97,1.029900E+08,177568.70
1760974863,1850000.38,1.048400E+09,1776946.59,185000.04,1.048400E+08,177694.66
1760974873,1619999.80,1.064600E+09,1774330.81,161999.98,1.064600E+08,177433.08
1760974883,1529999.61,1.079900E+09,1770325.39,152999.96,1.079900E+08,177032.54

Summary:
loaded 1080000000 metrics in 610.252sec with 4 workers (mean rate 1769761.57 metrics/sec)
loaded 108000000 rows in 610.252sec with 4 workers (mean rate 176976.16 rows/sec)
curl -s http://localhost:8428/metrics | grep \
	-e process_cpu_seconds_user_total \
	-e process_cpu_seconds_system_total \
	-e process_cpu_seconds_total \
	-e process_resident_memory_peak_bytes \
	-e process_resident_memory_bytes \
	-e process_io_read_bytes_total \
	-e process_io_written_bytes_total || true
process_cpu_seconds_system_total 218.84
process_cpu_seconds_total 3722.71
process_cpu_seconds_user_total 3503.87
process_resident_memory_bytes 1579757568
process_resident_memory_peak_bytes 2818256896
process_io_read_bytes_total 42186355770
process_io_written_bytes_total 5540444607
