cat /tmp/tsbs-data-100000-2025-10-19T00:00:00Z-2025-10-20T00:00:00Z-80s.gz | gunzip | /tmp/tsbs/bin/tsbs_load_victoriametrics \
	--workers=4 \
	--urls=http://localhost:8428/write \
	2>/dev/tty | tee /tmp/tsbs-load-100000-2025-10-19T00:00:00Z-2025-10-20T00:00:00Z-80s.csv
time,per. metric/s,metric total,overall metric/s,per. row/s,row total,overall row/s
1760975022,159999.49,1.600000E+06,159999.49,15999.95,1.600000E+05,15999.95
1760975032,1580000.71,1.740000E+07,869998.80,158000.07,1.740000E+06,86999.88
1760975042,1930000.17,3.670000E+07,1223332.24,193000.02,3.670000E+06,122333.22
1760975052,1929999.97,5.600000E+07,1399999.06,193000.00,5.600000E+06,139999.91
1760975062,1909999.72,7.510000E+07,1501999.15,190999.97,7.510000E+06,150199.91
1760975072,1909999.36,9.420000E+07,1569999.17,190999.94,9.420000E+06,156999.92
1760975082,1710000.33,1.113000E+08,1589999.32,171000.03,1.113000E+07,158999.93
1760975092,1849999.81,1.298000E+08,1622499.37,184999.98,1.298000E+07,162249.94
1760975102,1840000.59,1.482000E+08,1646666.16,184000.06,1.482000E+07,164666.62
1760975112,1870000.04,1.669000E+08,1668999.54,187000.00,1.669000E+07,166899.95
1760975122,1749999.67,1.844000E+08,1676363.19,174999.97,1.844000E+07,167636.32
1760975132,1860000.44,2.030000E+08,1691666.29,186000.04,2.030000E+07,169166.63
1760975142,1899999.96,2.220000E+08,1707691.95,190000.00,2.220000E+07,170769.20
1760975152,1929999.63,2.413000E+08,1723571.07,192999.96,2.413000E+07,172357.11
1760975162,1870000.09,2.600000E+08,1733333.00,187000.01,2.600000E+07,173333.30
1760975172,1919999.41,2.792000E+08,1744999.65,191999.94,2.792000E+07,174499.97
1760975182,1940000.54,2.986000E+08,1756470.29,194000.05,2.986000E+07,175647.03
1760975192,1870000.05,3.173000E+08,1762777.50,187000.00,3.173000E+07,176277.75
1760975202,1789999.99,3.352000E+08,1764210.26,179000.00,3.352000E+07,176421.03
1760975212,1849999.96,3.537000E+08,1768499.74,185000.00,3.537000E+07,176849.97
1760975222,1839999.51,3.721000E+08,1771904.50,183999.95,3.721000E+07,177190.45
1760975232,1870000.41,3.908000E+08,1776363.40,187000.04,3.908000E+07,177636.34
1760975242,1790000.42,4.087000E+08,1776956.31,179000.04,4.087000E+07,177695.63
1760975252,1749999.93,4.262000E+08,1775833.13,174999.99,4.262000E+07,177583.31
1760975262,1809999.62,4.443000E+08,1777199.79,180999.96,4.443000E+07,177719.98
1760975272,1850000.12,4.628000E+08,1779999.80,185000.01,4.628000E+07,177999.98
1760975282,1780000.07,4.806000E+08,1779999.81,178000.01,4.806000E+07,177999.98
1760975292,1729999.47,4.979000E+08,1778214.09,172999.95,4.979000E+07,177821.41
1760975302,1850000.57,5.164000E+08,1780689.48,185000.06,5.164000E+07,178068.95
1760975312,1899999.21,5.354000E+08,1784666.47,189999.92,5.354000E+07,178466.65
1760975322,1770001.01,5.531000E+08,1784193.39,177000.10,5.531000E+07,178419.34
1760975332,1639999.93,5.695000E+08,1779687.35,163999.99,5.695000E+07,177968.73
1760975342,1729999.74,5.868000E+08,1778181.66,172999.97,5.868000E+07,177818.17
1760975352,1660000.28,6.034000E+08,1774705.74,166000.03,6.034000E+07,177470.57
1760975362,1859999.76,6.220000E+08,1777142.71,185999.98,6.220000E+07,177714.27
1760975372,1760000.19,6.396000E+08,1776666.53,176000.02,6.396000E+07,177666.65
1760975382,1849999.99,6.581000E+08,1778648.52,185000.00,6.581000E+07,177864.85
1760975392,1739999.74,6.755000E+08,1777631.44,173999.97,6.755000E+07,177763.14
1760975402,1790000.32,6.934000E+08,1777948.59,179000.03,6.934000E+07,177794.86
1760975412,1740000.02,7.108000E+08,1776999.88,174000.00,7.108000E+07,177699.99
1760975422,1809999.67,7.289000E+08,1777804.75,180999.97,7.289000E+07,177780.48
1760975432,1820000.30,7.471000E+08,1778809.41,182000.03,7.471000E+07,177880.94
1760975442,1770000.07,7.648000E+08,1778604.54,177000.01,7.648000E+07,177860.45
1760975452,1819999.89,7.830000E+08,1779545.34,181999.99,7.830000E+07,177954.53
1760975462,1720000.05,8.002000E+08,1778222.12,172000.00,8.002000E+07,177822.21
1760975472,1850000.01,8.187000E+08,1779782.50,185000.00,8.187000E+07,177978.25
1760975482,1779999.74,8.365000E+08,1779787.13,177999.97,8.365000E+07,177978.71
1760975492,1790000.03,8.544000E+08,1779999.89,179000.00,8.544000E+07,177999.99
1760975502,1680000.17,8.712000E+08,1777959.08,168000.02,8.712000E+07,177795.91
1760975512,1849999.62,8.897000E+08,1779399.90,184999.96,8.897000E+07,177939.99
1760975522,1810000.10,9.078000E+08,1779999.90,181000.01,9.078000E+07,177999.99
1760975532,1880000.00,9.266000E+08,1781922.98,188000.00,9.266000E+07,178192.30
1760975542,1730000.32,9.439000E+08,1780943.31,173000.03,9.439000E+07,178094.33
1760975552,1799999.79,9.619000E+08,1781296.20,179999.98,9.619000E+07,178129.62
1760975562,1860000.23,9.805000E+08,1782727.19,186000.02,9.805000E+07,178272.72
1760975572,1869999.81,9.992000E+08,1784285.63,186999.98,9.992000E+07,178428.56
1760975582,1789999.47,1.017100E+09,1784385.87,178999.95,1.017100E+08,178438.59
1760975592,1770000.71,1.034800E+09,1784137.85,177000.07,1.034800E+08,178413.78
1760975602,1769999.30,1.052500E+09,1783898.21,176999.93,1.052500E+08,178389.82
1760975612,1780000.19,1.070300E+09,1783833.24,178000.02,1.070300E+08,178383.32

Summary:
loaded 1080000000 metrics in 605.958sec with 4 workers (mean rate 1782301.27 metrics/sec)
loaded 108000000 rows in 605.958sec with 4 workers (mean rate 178230.13 rows/sec)
curl -s http://localhost:8428/metrics | grep \
	-e process_cpu_seconds_user_total \
	-e process_cpu_seconds_system_total \
	-e process_cpu_seconds_total \
	-e process_resident_memory_peak_bytes \
	-e process_resident_memory_bytes \
	-e process_io_read_bytes_total \
	-e process_io_written_bytes_total || true
process_cpu_seconds_system_total 193.63
process_cpu_seconds_total 3663.73
process_cpu_seconds_user_total 3470.1
process_resident_memory_bytes 1634140160
process_resident_memory_peak_bytes 2770223104
process_io_read_bytes_total 42023530052
process_io_written_bytes_total 5449190023
