goos: linux
goarch: amd64
pkg: github.com/VictoriaMetrics/VictoriaMetrics/lib/storage
cpu: AMD EPYC 7B12
                                                     │ v1.127.0-CurrOnly │          pt-index-CurrOnly           │           pt-index-CurrPt            │            pt-index-PtOnly             │
                                                     │      sec/op       │    sec/op      vs base               │    sec/op      vs base               │     sec/op      vs base                │
Search/Data/VariableSeries/100-8                           86.68µ ±  79%    95.54µ ±  5%        ~ (p=0.093 n=6)   128.49µ ±  6%        ~ (p=0.065 n=6)    91.09µ ±  12%         ~ (p=0.394 n=6)
Search/Data/VariableSeries/1000-8                          599.0µ ±   7%    628.3µ ±  2%        ~ (p=0.065 n=6)    794.3µ ±  4%  +32.60% (p=0.002 n=6)    642.1µ ±   7%    +7.20% (p=0.026 n=6)
Search/Data/VariableSeries/10000-8                         7.588m ±  21%    8.237m ±  5%        ~ (p=0.394 n=6)    8.546m ±  7%        ~ (p=0.394 n=6)    8.090m ±  10%         ~ (p=0.818 n=6)
Search/Data/VariableSeries/100000-8                        116.7m ± 262%    120.5m ±  4%        ~ (p=0.485 n=6)    119.6m ±  9%        ~ (p=0.485 n=6)    120.8m ±   6%         ~ (p=0.485 n=6)
Search/Data/VariableSeries/1000000-8                        5.039 ±  28%     4.012 ±  8%  -20.38% (p=0.002 n=6)     4.902 ± 89%        ~ (p=0.818 n=6)     8.103 ±  44%         ~ (p=0.132 n=6)
Search/Data/VariableTimeRange/1d-8                         126.4m ±   8%    124.0m ±  7%        ~ (p=0.818 n=6)    119.8m ±  5%        ~ (p=0.065 n=6)    118.0m ±  15%         ~ (p=0.485 n=6)
Search/Data/VariableTimeRange/1w-8                         130.9m ±   4%    125.9m ± 10%   -3.77% (p=0.015 n=6)    130.8m ±  8%        ~ (p=0.937 n=6)    114.8m ±   7%   -12.28% (p=0.002 n=6)
Search/Data/VariableTimeRange/1m-8                         138.9m ±  16%    134.1m ±  8%        ~ (p=0.818 n=6)    121.3m ±  7%  -12.68% (p=0.041 n=6)    118.2m ±   7%   -14.90% (p=0.026 n=6)
Search/Data/VariableTimeRange/2m-8                         123.6m ±  10%    118.4m ± 14%        ~ (p=0.485 n=6)    114.3m ±  5%        ~ (p=0.132 n=6)    121.9m ±   8%         ~ (p=0.589 n=6)
Search/Data/VariableTimeRange/6m-8                         135.3m ±  11%    152.3m ±  2%  +12.62% (p=0.002 n=6)    133.0m ±  3%        ~ (p=0.132 n=6)    122.0m ±   5%    -9.80% (p=0.002 n=6)
Search/MetricNames/VariableSeries/100-8                    38.41µ ±   9%    44.60µ ±  3%  +16.13% (p=0.002 n=6)    50.93µ ±  2%  +32.61% (p=0.002 n=6)    42.92µ ±   8%   +11.75% (p=0.002 n=6)
Search/MetricNames/VariableSeries/1000-8                   254.3µ ±   4%    264.9µ ±  3%   +4.14% (p=0.026 n=6)    246.0µ ±  4%   -3.28% (p=0.041 n=6)    259.7µ ±   2%         ~ (p=0.093 n=6)
Search/MetricNames/VariableSeries/10000-8                  2.739m ±   5%    2.855m ±  9%   +4.23% (p=0.002 n=6)    2.268m ±  6%  -17.20% (p=0.002 n=6)    2.621m ±   5%    -4.29% (p=0.026 n=6)
Search/MetricNames/VariableSeries/100000-8                 47.49m ±  15%    43.18m ±  7%   -9.07% (p=0.015 n=6)    35.54m ± 12%  -25.16% (p=0.002 n=6)    44.46m ±  23%         ~ (p=0.394 n=6)
Search/MetricNames/VariableSeries/1000000-8                 1.239 ±   6%     1.328 ± 97%        ~ (p=0.937 n=6)     1.189 ± 41%        ~ (p=1.000 n=6)     1.300 ±  11%         ~ (p=0.240 n=6)
Search/MetricNames/VariableTimeRange/1d-8                  46.36m ±  15%    44.22m ± 13%        ~ (p=0.589 n=6)    34.65m ±  4%  -25.26% (p=0.002 n=6)    40.71m ±  13%         ~ (p=0.093 n=6)
Search/MetricNames/VariableTimeRange/1w-8                  41.89m ±  26%    46.45m ±  6%        ~ (p=0.394 n=6)    34.19m ± 10%  -18.39% (p=0.002 n=6)    42.31m ±  13%         ~ (p=0.699 n=6)
Search/MetricNames/VariableTimeRange/1m-8                  44.44m ±   6%    43.50m ±  7%        ~ (p=0.310 n=6)    32.58m ±  7%  -26.68% (p=0.002 n=6)    34.00m ±  11%   -23.50% (p=0.002 n=6)
Search/MetricNames/VariableTimeRange/2m-8                  39.83m ±   8%    42.73m ±  9%        ~ (p=0.180 n=6)    34.05m ±  9%  -14.53% (p=0.002 n=6)    41.64m ±  14%         ~ (p=0.699 n=6)
Search/MetricNames/VariableTimeRange/6m-8                  43.48m ±  18%    43.97m ± 17%        ~ (p=1.000 n=6)    30.29m ±  7%  -30.33% (p=0.002 n=6)    22.59m ± 115%   -48.04% (p=0.041 n=6)
Search/LabelNames/VariableSeries/100-8                     60.15µ ±   3%    65.16µ ±  2%   +8.33% (p=0.002 n=6)    74.23µ ±  7%  +23.41% (p=0.002 n=6)    73.31µ ±   7%   +21.89% (p=0.002 n=6)
Search/LabelNames/VariableSeries/1000-8                    411.5µ ±   2%    420.7µ ±  1%   +2.24% (p=0.015 n=6)    357.0µ ±  2%  -13.24% (p=0.002 n=6)    442.8µ ±   2%    +7.62% (p=0.002 n=6)
Search/LabelNames/VariableSeries/10000-8                   4.141m ±   2%    4.124m ±  2%        ~ (p=0.937 n=6)    2.844m ±  2%  -31.33% (p=0.002 n=6)    4.221m ±   3%    +1.93% (p=0.026 n=6)
Search/LabelNames/VariableSeries/100000-8                  63.08m ±  18%    59.65m ±  7%        ~ (p=0.132 n=6)    35.43m ± 10%  -43.84% (p=0.002 n=6)    57.78m ±  11%         ~ (p=0.065 n=6)
Search/LabelNames/VariableSeries/1000000-8                  1.722 ±   8%     1.898 ± 11%  +10.23% (p=0.004 n=6)     1.088 ± 27%  -36.79% (p=0.002 n=6)     1.842 ±  20%    +6.94% (p=0.009 n=6)
Search/LabelNames/VariableTimeRange/1d-8                   59.72m ±  13%    59.89m ± 21%        ~ (p=1.000 n=6)    70.39m ± 19%        ~ (p=0.093 n=6)    59.09m ±   4%         ~ (p=0.937 n=6)
Search/LabelNames/VariableTimeRange/1w-8                   36.34m ±   5%    40.42m ±  6%  +11.22% (p=0.004 n=6)    49.19m ± 16%  +35.36% (p=0.002 n=6)    40.16m ±   9%   +10.50% (p=0.004 n=6)
Search/LabelNames/VariableTimeRange/1m-8                   40.46m ±   9%    40.50m ± 13%        ~ (p=0.937 n=6)    51.75m ±  8%  +27.90% (p=0.002 n=6)    28.68m ±   8%   -29.12% (p=0.002 n=6)
Search/LabelNames/VariableTimeRange/2m-8                   32.48m ±   5%    36.73m ± 10%  +13.08% (p=0.009 n=6)    30.13m ± 11%        ~ (p=0.132 n=6)    37.47m ±   6%   +15.36% (p=0.002 n=6)
Search/LabelNames/VariableTimeRange/6m-8                   40.79m ±  14%    40.88m ±  8%        ~ (p=0.818 n=6)    30.07m ±  6%  -26.28% (p=0.002 n=6)    21.39m ±  11%   -47.55% (p=0.002 n=6)
Search/LabelValues/VariableSeries/100-8                    58.45µ ±   6%    61.74µ ±  3%   +5.62% (p=0.002 n=6)    71.73µ ±  3%  +22.71% (p=0.002 n=6)    71.32µ ±   4%   +22.02% (p=0.002 n=6)
Search/LabelValues/VariableSeries/1000-8                   414.2µ ±   1%    415.4µ ±  0%        ~ (p=0.589 n=6)    361.6µ ±  3%  -12.69% (p=0.002 n=6)    438.6µ ±   4%    +5.90% (p=0.002 n=6)
Search/LabelValues/VariableSeries/10000-8                  4.215m ±   2%    4.154m ±  1%        ~ (p=0.065 n=6)    2.876m ±  3%  -31.77% (p=0.002 n=6)    4.072m ±   4%         ~ (p=0.180 n=6)
Search/LabelValues/VariableSeries/100000-8                 60.44m ±   9%    57.11m ±  5%   -5.51% (p=0.009 n=6)    36.18m ±  7%  -40.14% (p=0.002 n=6)    56.52m ±  23%         ~ (p=0.310 n=6)
Search/LabelValues/VariableSeries/1000000-8                 1.722 ±  14%     1.844 ±  4%        ~ (p=0.093 n=6)     1.098 ± 10%  -36.22% (p=0.002 n=6)     1.864 ±  14%         ~ (p=0.180 n=6)
Search/LabelValues/VariableTimeRange/1d-8                  61.86m ±  17%    60.26m ± 11%        ~ (p=0.937 n=6)    36.50m ±  4%  -40.99% (p=0.002 n=6)    85.65m ±  62%         ~ (p=0.240 n=6)
Search/LabelValues/VariableTimeRange/1w-8                  38.55m ±   9%    41.81m ±  9%        ~ (p=0.065 n=6)    26.92m ± 10%  -30.18% (p=0.002 n=6)    85.33m ±  18%  +121.33% (p=0.002 n=6)
Search/LabelValues/VariableTimeRange/1m-8                  38.80m ±  13%    42.71m ± 11%        ~ (p=0.132 n=6)    28.06m ±  9%  -27.68% (p=0.002 n=6)    55.12m ±  45%   +42.06% (p=0.002 n=6)
Search/LabelValues/VariableTimeRange/2m-8                  33.64m ±   4%    37.31m ±  4%  +10.90% (p=0.002 n=6)    28.42m ±  4%  -15.53% (p=0.002 n=6)    88.00m ±  19%  +161.58% (p=0.002 n=6)
Search/LabelValues/VariableTimeRange/6m-8                  38.84m ±   2%    42.41m ±  8%   +9.17% (p=0.009 n=6)    25.12m ±  5%  -35.32% (p=0.002 n=6)    24.09m ± 127%         ~ (p=0.065 n=6)
Search/TagValueSuffixes/VariableSeries/100-8               54.42µ ±   4%    58.12µ ±  3%   +6.80% (p=0.002 n=6)    60.86µ ±  6%  +11.83% (p=0.002 n=6)    64.16µ ±   6%   +17.89% (p=0.002 n=6)
Search/TagValueSuffixes/VariableSeries/1000-8              392.5µ ±   3%    398.5µ ±  1%   +1.53% (p=0.041 n=6)    336.9µ ±  3%  -14.17% (p=0.002 n=6)    401.7µ ±   7%         ~ (p=0.180 n=6)
Search/TagValueSuffixes/VariableSeries/10000-8             3.843m ±   1%    4.094m ± 41%   +6.54% (p=0.002 n=6)    2.661m ± 14%  -30.76% (p=0.002 n=6)    3.866m ±   2%         ~ (p=0.589 n=6)
Search/TagValueSuffixes/VariableSeries/100000-8            55.88m ±  12%    52.83m ±  7%        ~ (p=0.240 n=6)    33.99m ±  6%  -39.16% (p=0.002 n=6)    53.30m ±  12%         ~ (p=0.240 n=6)
Search/TagValueSuffixes/VariableSeries/1000000-8            1.716 ±   8%     1.757 ±  4%        ~ (p=0.485 n=6)     1.032 ± 27%  -39.88% (p=0.002 n=6)     1.838 ±  30%         ~ (p=0.394 n=6)
Search/TagValueSuffixes/VariableTimeRange/1d-8             52.25m ±  18%    52.47m ±  4%        ~ (p=0.937 n=6)    32.64m ± 10%  -37.54% (p=0.002 n=6)    53.33m ±   6%         ~ (p=0.818 n=6)
Search/TagValueSuffixes/VariableTimeRange/1w-8             33.57m ±   5%    34.41m ±  2%        ~ (p=0.132 n=6)    24.51m ±  4%  -26.99% (p=0.002 n=6)    35.94m ±   6%    +7.06% (p=0.009 n=6)
Search/TagValueSuffixes/VariableTimeRange/1m-8             35.63m ±   9%    36.69m ±  4%        ~ (p=0.180 n=6)    25.05m ±  3%  -29.70% (p=0.002 n=6)    27.85m ±   6%   -21.83% (p=0.002 n=6)
Search/TagValueSuffixes/VariableTimeRange/2m-8             31.85m ±   6%    34.29m ±  4%   +7.65% (p=0.004 n=6)    26.78m ±  8%  -15.92% (p=0.002 n=6)    39.57m ±   9%   +24.23% (p=0.002 n=6)
Search/TagValueSuffixes/VariableTimeRange/6m-8             35.91m ±  11%    40.91m ± 11%  +13.94% (p=0.002 n=6)    22.91m ±  3%  -36.20% (p=0.002 n=6)    19.40m ±   9%   -45.98% (p=0.002 n=6)
Search/GraphitePaths/VariableSeries/100-8                  150.0µ ±  15%    135.2µ ±  3%        ~ (p=0.093 n=6)    125.9µ ±  1%  -16.01% (p=0.004 n=6)    137.1µ ±   4%         ~ (p=0.180 n=6)
Search/GraphitePaths/VariableSeries/1000-8                1012.5µ ±   2%    982.2µ ±  1%   -2.99% (p=0.002 n=6)    633.4µ ±  2%  -37.44% (p=0.002 n=6)    978.1µ ±   4%    -3.39% (p=0.002 n=6)
Search/GraphitePaths/VariableSeries/10000-8                9.265m ±   8%    9.926m ±  2%   +7.14% (p=0.026 n=6)    5.468m ±  3%  -40.99% (p=0.002 n=6)   10.230m ±   8%   +10.41% (p=0.004 n=6)
Search/GraphitePaths/VariableSeries/100000-8              130.86m ±  11%   137.96m ±  4%   +5.42% (p=0.041 n=6)    71.78m ±  5%  -45.15% (p=0.002 n=6)   131.24m ±  14%         ~ (p=0.699 n=6)
Search/GraphitePaths/VariableSeries/1000000-8               3.674 ±   7%     3.725 ±  3%        ~ (p=0.485 n=6)     1.893 ±  7%  -48.48% (p=0.002 n=6)     3.570 ±  10%         ~ (p=0.240 n=6)
Search/GraphitePaths/VariableTimeRange/1d-8               142.88m ±  13%   134.97m ± 11%        ~ (p=0.240 n=6)    66.25m ±  5%  -53.63% (p=0.002 n=6)   125.90m ±   9%   -11.88% (p=0.026 n=6)
Search/GraphitePaths/VariableTimeRange/1w-8               116.19m ±   8%   116.45m ±  7%        ~ (p=0.818 n=6)    60.98m ±  6%  -47.52% (p=0.002 n=6)   110.73m ±  13%         ~ (p=0.065 n=6)
Search/GraphitePaths/VariableTimeRange/1m-8               110.45m ±  10%   117.75m ± 10%        ~ (p=0.240 n=6)    64.56m ± 10%  -41.55% (p=0.002 n=6)    63.90m ±   9%   -42.15% (p=0.002 n=6)
Search/GraphitePaths/VariableTimeRange/2m-8               109.67m ±   4%   120.87m ±  7%  +10.22% (p=0.002 n=6)    62.20m ±  7%  -43.28% (p=0.002 n=6)   121.05m ±  19%   +10.38% (p=0.002 n=6)
Search/GraphitePaths/VariableTimeRange/6m-8               112.00m ±   7%   122.35m ±  4%   +9.24% (p=0.004 n=6)    60.61m ±  6%  -45.89% (p=0.002 n=6)    42.59m ±   5%   -61.97% (p=0.002 n=6)
geomean                                                    21.11m           21.71m         +2.84%                  15.62m        -20.72%                  20.77m           -1.64%

                                                     │ v1.127.0-CurrOnly │          pt-index-CurrOnly          │           pt-index-CurrPt            │           pt-index-PtOnly           │
                                                     │       B/op        │     B/op       vs base              │     B/op       vs base               │     B/op      vs base               │
Search/Data/VariableSeries/100-8                           34.99Ki ±  0%   35.53Ki ±  0%  +1.55% (p=0.002 n=6)   37.98Ki ±  0%   +8.56% (p=0.002 n=6)   33.97Ki ± 0%   -2.91% (p=0.002 n=6)
Search/Data/VariableSeries/1000-8                          331.3Ki ±  0%   331.8Ki ±  0%  +0.15% (p=0.002 n=6)   349.3Ki ±  0%   +5.44% (p=0.002 n=6)   316.7Ki ± 0%   -4.40% (p=0.002 n=6)
Search/Data/VariableSeries/10000-8                         3.251Mi ±  0%   3.263Mi ±  0%  +0.35% (p=0.002 n=6)   3.424Mi ±  0%   +5.33% (p=0.002 n=6)   3.101Mi ± 0%   -4.64% (p=0.002 n=6)
Search/Data/VariableSeries/100000-8                        37.16Mi ± 27%   37.19Mi ±  2%       ~ (p=0.699 n=6)   38.78Mi ±  2%        ~ (p=0.065 n=6)   35.57Mi ± 2%   -4.27% (p=0.002 n=6)
Search/Data/VariableSeries/1000000-8                       672.7Mi ±  9%   644.5Mi ±  0%  -4.19% (p=0.002 n=6)   661.7Mi ±  6%        ~ (p=0.818 n=6)   679.4Mi ± 8%        ~ (p=0.589 n=6)
Search/Data/VariableTimeRange/1d-8                         37.79Mi ±  2%   37.49Mi ±  1%       ~ (p=0.937 n=6)   38.78Mi ±  2%   +2.60% (p=0.002 n=6)   35.73Mi ± 1%   -5.46% (p=0.002 n=6)
Search/Data/VariableTimeRange/1w-8                         38.04Mi ±  0%   37.96Mi ±  2%  -0.19% (p=0.009 n=6)   39.62Mi ±  2%   +4.17% (p=0.002 n=6)   35.76Mi ± 1%   -6.00% (p=0.002 n=6)
Search/Data/VariableTimeRange/1m-8                         38.25Mi ±  3%   37.87Mi ±  2%       ~ (p=0.818 n=6)   39.17Mi ±  2%   +2.40% (p=0.002 n=6)   38.65Mi ± 2%        ~ (p=0.699 n=6)
Search/Data/VariableTimeRange/2m-8                         37.80Mi ±  1%   37.41Mi ±  2%       ~ (p=0.132 n=6)   38.89Mi ±  0%   +2.89% (p=0.002 n=6)   35.56Mi ± 2%   -5.92% (p=0.002 n=6)
Search/Data/VariableTimeRange/6m-8                         37.99Mi ±  2%   38.94Mi ±  0%  +2.50% (p=0.002 n=6)   40.02Mi ±  0%   +5.34% (p=0.002 n=6)   39.28Mi ± 1%   +3.40% (p=0.002 n=6)
Search/MetricNames/VariableSeries/100-8                    16.51Ki ±  0%   16.85Ki ±  0%  +2.09% (p=0.002 n=6)   16.21Ki ±  0%   -1.84% (p=0.002 n=6)   15.30Ki ± 0%   -7.32% (p=0.002 n=6)
Search/MetricNames/VariableSeries/1000-8                   172.5Ki ±  0%   172.9Ki ±  0%  +0.21% (p=0.002 n=6)   165.5Ki ±  0%   -4.03% (p=0.002 n=6)   157.5Ki ± 0%   -8.69% (p=0.002 n=6)
Search/MetricNames/VariableSeries/10000-8                  1.574Mi ±  0%   1.575Mi ±  0%  +0.09% (p=0.002 n=6)   1.498Mi ±  0%   -4.80% (p=0.002 n=6)   1.424Mi ± 0%   -9.47% (p=0.002 n=6)
Search/MetricNames/VariableSeries/100000-8                 15.07Mi ±  0%   15.04Mi ±  0%       ~ (p=0.093 n=6)   14.23Mi ±  0%   -5.55% (p=0.002 n=6)   13.50Mi ± 1%  -10.37% (p=0.002 n=6)
Search/MetricNames/VariableSeries/1000000-8                250.1Mi ±  1%   265.1Mi ± 20%       ~ (p=1.000 n=6)   243.1Mi ± 16%        ~ (p=0.065 n=6)   235.4Mi ± 1%   -5.85% (p=0.002 n=6)
Search/MetricNames/VariableTimeRange/1d-8                  15.03Mi ±  0%   15.05Mi ±  0%       ~ (p=0.240 n=6)   14.26Mi ±  0%   -5.14% (p=0.002 n=6)   13.51Mi ± 0%  -10.10% (p=0.002 n=6)
Search/MetricNames/VariableTimeRange/1w-8                  15.10Mi ±  0%   15.12Mi ±  0%       ~ (p=0.485 n=6)   14.33Mi ±  0%   -5.09% (p=0.002 n=6)   13.59Mi ± 0%  -10.02% (p=0.002 n=6)
Search/MetricNames/VariableTimeRange/1m-8                  15.05Mi ±  0%   15.05Mi ±  0%       ~ (p=0.699 n=6)   14.61Mi ±  0%   -2.91% (p=0.002 n=6)   14.24Mi ± 0%   -5.34% (p=0.002 n=6)
Search/MetricNames/VariableTimeRange/2m-8                  15.10Mi ±  0%   15.13Mi ±  0%       ~ (p=0.699 n=6)   14.30Mi ±  0%   -5.33% (p=0.002 n=6)   13.49Mi ± 0%  -10.72% (p=0.002 n=6)
Search/MetricNames/VariableTimeRange/6m-8                  15.02Mi ±  0%   15.08Mi ±  0%  +0.37% (p=0.009 n=6)   14.65Mi ±  0%   -2.48% (p=0.002 n=6)   14.25Mi ± 1%   -5.13% (p=0.002 n=6)
Search/LabelNames/VariableSeries/100-8                     22.26Ki ±  0%   22.84Ki ±  0%  +2.60% (p=0.002 n=6)   22.79Ki ±  0%   +2.37% (p=0.002 n=6)   22.91Ki ± 0%   +2.90% (p=0.002 n=6)
Search/LabelNames/VariableSeries/1000-8                    307.1Ki ±  0%   307.7Ki ±  0%  +0.19% (p=0.002 n=6)   307.9Ki ±  0%   +0.27% (p=0.002 n=6)   308.3Ki ± 0%   +0.40% (p=0.002 n=6)
Search/LabelNames/VariableSeries/10000-8                   2.473Mi ±  0%   2.477Mi ±  0%  +0.15% (p=0.002 n=6)   2.477Mi ±  0%   +0.15% (p=0.002 n=6)   2.479Mi ± 0%   +0.24% (p=0.002 n=6)
Search/LabelNames/VariableSeries/100000-8                  20.83Mi ±  0%   20.82Mi ±  0%       ~ (p=0.937 n=6)   20.70Mi ±  0%   -0.65% (p=0.002 n=6)   20.85Mi ± 0%        ~ (p=0.589 n=6)
Search/LabelNames/VariableSeries/1000000-8                 306.7Mi ±  1%   304.8Mi ±  0%  -0.64% (p=0.004 n=6)   305.6Mi ±  0%        ~ (p=0.093 n=6)   305.4Mi ± 1%        ~ (p=0.394 n=6)
Search/LabelNames/VariableTimeRange/1d-8                   20.82Mi ±  0%   20.81Mi ±  0%       ~ (p=0.699 n=6)   20.90Mi ±  1%   +0.39% (p=0.041 n=6)   20.78Mi ± 0%   -0.19% (p=0.026 n=6)
Search/LabelNames/VariableTimeRange/1w-8                   22.56Mi ±  0%   22.60Mi ±  0%       ~ (p=0.180 n=6)   22.72Mi ±  1%   +0.69% (p=0.015 n=6)   22.56Mi ± 0%        ~ (p=0.699 n=6)
Search/LabelNames/VariableTimeRange/1m-8                   14.01Mi ±  0%   14.00Mi ±  0%       ~ (p=0.699 n=6)   14.33Mi ±  0%   +2.33% (p=0.002 n=6)   13.98Mi ± 0%   -0.18% (p=0.015 n=6)
Search/LabelNames/VariableTimeRange/2m-8                   20.81Mi ±  0%   20.83Mi ±  1%       ~ (p=0.818 n=6)   17.41Mi ±  0%  -16.36% (p=0.002 n=6)   14.00Mi ± 0%  -32.75% (p=0.002 n=6)
Search/LabelNames/VariableTimeRange/6m-8                   13.98Mi ±  0%   14.02Mi ±  0%  +0.23% (p=0.015 n=6)   14.83Mi ±  0%   +6.05% (p=0.002 n=6)   15.63Mi ± 0%  +11.80% (p=0.002 n=6)
Search/LabelValues/VariableSeries/100-8                    22.38Ki ±  0%   23.00Ki ±  0%  +2.79% (p=0.002 n=6)   22.87Ki ±  0%   +2.21% (p=0.002 n=6)   23.06Ki ± 0%   +3.04% (p=0.002 n=6)
Search/LabelValues/VariableSeries/1000-8                   307.1Ki ±  0%   307.8Ki ±  0%  +0.23% (p=0.002 n=6)   307.6Ki ±  0%   +0.15% (p=0.002 n=6)   308.2Ki ± 0%   +0.37% (p=0.002 n=6)
Search/LabelValues/VariableSeries/10000-8                  2.472Mi ±  0%   2.475Mi ±  0%  +0.12% (p=0.002 n=6)   2.475Mi ±  0%   +0.10% (p=0.002 n=6)   2.478Mi ± 0%   +0.24% (p=0.002 n=6)
Search/LabelValues/VariableSeries/100000-8                 20.76Mi ±  0%   20.75Mi ±  0%       ~ (p=0.699 n=6)   20.69Mi ±  0%   -0.37% (p=0.002 n=6)   20.85Mi ± 1%   +0.40% (p=0.015 n=6)
Search/LabelValues/VariableSeries/1000000-8                307.0Mi ±  1%   304.8Mi ±  0%  -0.74% (p=0.026 n=6)   305.2Mi ±  0%        ~ (p=0.310 n=6)   305.2Mi ± 0%        ~ (p=0.132 n=6)
Search/LabelValues/VariableTimeRange/1d-8                  20.79Mi ±  0%   20.79Mi ±  0%       ~ (p=0.699 n=6)   20.68Mi ±  0%   -0.56% (p=0.002 n=6)   20.88Mi ± 1%        ~ (p=0.240 n=6)
Search/LabelValues/VariableTimeRange/1w-8                  22.52Mi ±  0%   22.52Mi ±  0%       ~ (p=0.818 n=6)   22.44Mi ±  0%   -0.36% (p=0.002 n=6)   22.65Mi ± 1%   +0.55% (p=0.009 n=6)
Search/LabelValues/VariableTimeRange/1m-8                  13.97Mi ±  0%   14.00Mi ±  0%  +0.18% (p=0.026 n=6)   14.16Mi ±  0%   +1.37% (p=0.002 n=6)   14.07Mi ± 1%   +0.68% (p=0.002 n=6)
Search/LabelValues/VariableTimeRange/2m-8                  20.59Mi ±  0%   20.65Mi ±  1%       ~ (p=0.310 n=6)   17.28Mi ±  0%  -16.11% (p=0.002 n=6)   14.35Mi ± 1%  -30.31% (p=0.002 n=6)
Search/LabelValues/VariableTimeRange/6m-8                  13.97Mi ±  0%   14.01Mi ±  0%  +0.24% (p=0.002 n=6)   14.78Mi ±  0%   +5.81% (p=0.002 n=6)   15.62Mi ± 1%  +11.78% (p=0.002 n=6)
Search/TagValueSuffixes/VariableSeries/100-8               21.35Ki ±  0%   21.90Ki ±  0%  +2.55% (p=0.002 n=6)   21.78Ki ±  0%   +1.98% (p=0.002 n=6)   21.94Ki ± 0%   +2.75% (p=0.002 n=6)
Search/TagValueSuffixes/VariableSeries/1000-8              299.0Ki ±  0%   299.6Ki ±  0%  +0.20% (p=0.002 n=6)   299.4Ki ±  0%   +0.12% (p=0.002 n=6)   300.1Ki ± 0%   +0.37% (p=0.002 n=6)
Search/TagValueSuffixes/VariableSeries/10000-8             2.396Mi ±  0%   2.399Mi ±  0%  +0.15% (p=0.002 n=6)   2.398Mi ±  0%   +0.08% (p=0.002 n=6)   2.401Mi ± 0%   +0.20% (p=0.002 n=6)
Search/TagValueSuffixes/VariableSeries/100000-8            20.01Mi ±  0%   20.01Mi ±  0%       ~ (p=0.818 n=6)   19.91Mi ±  0%   -0.49% (p=0.002 n=6)   19.99Mi ± 0%        ~ (p=0.589 n=6)
Search/TagValueSuffixes/VariableSeries/1000000-8           300.4Mi ±  0%   296.8Mi ±  0%  -1.18% (p=0.002 n=6)   297.5Mi ±  0%   -0.98% (p=0.002 n=6)   299.5Mi ± 1%   -0.30% (p=0.015 n=6)
Search/TagValueSuffixes/VariableTimeRange/1d-8             20.01Mi ±  0%   20.00Mi ±  0%       ~ (p=0.394 n=6)   19.90Mi ±  0%   -0.55% (p=0.002 n=6)   20.06Mi ± 0%   +0.23% (p=0.026 n=6)
Search/TagValueSuffixes/VariableTimeRange/1w-8             21.76Mi ±  0%   21.70Mi ±  0%       ~ (p=0.132 n=6)   21.67Mi ±  0%   -0.41% (p=0.009 n=6)   21.82Mi ± 0%        ~ (p=0.093 n=6)
Search/TagValueSuffixes/VariableTimeRange/1m-8             13.19Mi ±  0%   13.21Mi ±  0%  +0.08% (p=0.002 n=6)   13.39Mi ±  0%   +1.49% (p=0.002 n=6)   13.25Mi ± 0%   +0.38% (p=0.002 n=6)
Search/TagValueSuffixes/VariableTimeRange/2m-8             19.79Mi ±  0%   19.82Mi ±  0%       ~ (p=0.240 n=6)   16.50Mi ±  0%  -16.61% (p=0.002 n=6)   13.26Mi ± 0%  -33.01% (p=0.002 n=6)
Search/TagValueSuffixes/VariableTimeRange/6m-8             13.20Mi ±  0%   13.24Mi ±  0%  +0.29% (p=0.026 n=6)   14.00Mi ±  0%   +6.06% (p=0.002 n=6)   14.86Mi ± 0%  +12.57% (p=0.002 n=6)
Search/GraphitePaths/VariableSeries/100-8                  38.41Ki ±  0%   39.02Ki ±  0%  +1.58% (p=0.002 n=6)   40.00Ki ±  0%   +4.14% (p=0.002 n=6)   38.94Ki ± 0%   +1.40% (p=0.002 n=6)
Search/GraphitePaths/VariableSeries/1000-8                 536.7Ki ±  0%   537.5Ki ±  0%  +0.14% (p=0.002 n=6)   538.7Ki ±  0%   +0.37% (p=0.002 n=6)   538.6Ki ± 0%   +0.35% (p=0.002 n=6)
Search/GraphitePaths/VariableSeries/10000-8                4.296Mi ±  0%   4.303Mi ±  0%  +0.17% (p=0.002 n=6)   4.302Mi ±  0%   +0.14% (p=0.002 n=6)   4.313Mi ± 0%   +0.39% (p=0.002 n=6)
Search/GraphitePaths/VariableSeries/100000-8               36.08Mi ±  0%   36.09Mi ±  0%       ~ (p=0.589 n=6)   35.74Mi ±  0%   -0.93% (p=0.002 n=6)   36.24Mi ± 0%   +0.44% (p=0.002 n=6)
Search/GraphitePaths/VariableSeries/1000000-8              537.4Mi ±  0%   533.2Mi ±  0%  -0.78% (p=0.002 n=6)   533.8Mi ±  0%   -0.68% (p=0.002 n=6)   536.3Mi ± 0%   -0.21% (p=0.015 n=6)
Search/GraphitePaths/VariableTimeRange/1d-8                36.01Mi ±  0%   36.08Mi ±  0%       ~ (p=0.240 n=6)   35.73Mi ±  0%   -0.77% (p=0.002 n=6)   36.18Mi ± 0%   +0.47% (p=0.015 n=6)
Search/GraphitePaths/VariableTimeRange/1w-8                37.84Mi ±  0%   37.90Mi ±  1%       ~ (p=0.699 n=6)   37.69Mi ±  0%   -0.39% (p=0.004 n=6)   38.01Mi ± 1%        ~ (p=0.093 n=6)
Search/GraphitePaths/VariableTimeRange/1m-8                29.12Mi ±  0%   29.17Mi ±  0%       ~ (p=0.180 n=6)   29.64Mi ±  0%   +1.79% (p=0.002 n=6)   29.07Mi ± 0%        ~ (p=0.132 n=6)
Search/GraphitePaths/VariableTimeRange/2m-8                36.22Mi ±  1%   36.26Mi ±  1%       ~ (p=0.937 n=6)   32.38Mi ±  0%  -10.61% (p=0.002 n=6)   29.32Mi ± 0%  -19.04% (p=0.002 n=6)
Search/GraphitePaths/VariableTimeRange/6m-8                29.14Mi ±  0%   29.19Mi ±  0%       ~ (p=0.394 n=6)   31.44Mi ±  0%   +7.88% (p=0.002 n=6)   33.94Mi ± 0%  +16.48% (p=0.002 n=6)
geomean                                                    7.788Mi         7.808Mi        +0.26%                 8.022Mi         -0.51%                 7.547Mi        -3.10%

                                                     │ v1.127.0-CurrOnly │         pt-index-CurrOnly          │          pt-index-CurrPt           │          pt-index-PtOnly           │
                                                     │     allocs/op     │  allocs/op   vs base               │  allocs/op   vs base               │  allocs/op   vs base               │
Search/Data/VariableSeries/100-8                              244.0 ± 0%    258.5 ± 0%   +5.94% (p=0.002 n=6)    274.5 ± 1%  +12.50% (p=0.002 n=6)    259.0 ± 0%   +6.15% (p=0.002 n=6)
Search/Data/VariableSeries/1000-8                            2.050k ± 0%   2.065k ± 0%   +0.73% (p=0.002 n=6)   2.085k ± 0%   +1.71% (p=0.002 n=6)   2.075k ± 0%   +1.20% (p=0.002 n=6)
Search/Data/VariableSeries/10000-8                           20.09k ± 0%   20.28k ± 0%   +0.92% (p=0.002 n=6)   20.22k ± 0%   +0.61% (p=0.002 n=6)   20.11k ± 0%   +0.08% (p=0.002 n=6)
Search/Data/VariableSeries/100000-8                          201.6k ± 2%   202.9k ± 0%        ~ (p=0.058 n=6)   201.7k ± 0%        ~ (p=0.240 n=6)   201.7k ± 0%        ~ (p=0.589 n=6)
Search/Data/VariableSeries/1000000-8                         2.043M ± 0%   2.051M ± 0%        ~ (p=0.093 n=6)   2.040M ± 0%        ~ (p=0.065 n=6)   2.044M ± 0%        ~ (p=0.589 n=6)
Search/Data/VariableTimeRange/1d-8                           202.3k ± 0%   202.6k ± 0%        ~ (p=0.366 n=6)   201.8k ± 1%        ~ (p=0.366 n=6)   203.4k ± 1%        ~ (p=1.000 n=6)
Search/Data/VariableTimeRange/1w-8                           202.3k ± 0%   203.1k ± 1%        ~ (p=0.368 n=6)   202.5k ± 0%        ~ (p=1.000 n=6)   201.7k ± 0%   -0.32% (p=0.002 n=6)
Search/Data/VariableTimeRange/1m-8                           202.0k ± 0%   203.5k ± 0%   +0.75% (p=0.002 n=6)   201.7k ± 0%        ~ (p=0.225 n=6)   201.7k ± 0%        ~ (p=0.119 n=6)
Search/Data/VariableTimeRange/2m-8                           201.8k ± 0%   202.6k ± 0%        ~ (p=0.065 n=6)   201.7k ± 0%        ~ (p=1.000 n=6)   201.6k ± 0%        ~ (p=0.061 n=6)
Search/Data/VariableTimeRange/6m-8                           201.9k ± 0%   204.9k ± 1%   +1.51% (p=0.002 n=6)   202.0k ± 0%        ~ (p=0.372 n=6)   201.9k ± 0%        ~ (p=0.368 n=6)
Search/MetricNames/VariableSeries/100-8                       135.0 ± 0%    145.0 ± 0%   +7.41% (p=0.002 n=6)    150.0 ± 0%  +11.11% (p=0.002 n=6)    146.0 ± 0%   +8.15% (p=0.002 n=6)
Search/MetricNames/VariableSeries/1000-8                     1.041k ± 0%   1.053k ± 0%   +1.15% (p=0.002 n=6)   1.066k ± 0%   +2.40% (p=0.002 n=6)   1.058k ± 0%   +1.68% (p=0.002 n=6)
Search/MetricNames/VariableSeries/10000-8                    10.08k ± 0%   10.12k ± 0%   +0.33% (p=0.002 n=6)   10.09k ± 0%   +0.09% (p=0.002 n=6)   10.16k ± 0%   +0.74% (p=0.002 n=6)
Search/MetricNames/VariableSeries/100000-8                   100.6k ± 0%   101.0k ± 0%   +0.37% (p=0.002 n=6)   100.5k ± 0%   -0.06% (p=0.002 n=6)   100.5k ± 0%        ~ (p=0.219 n=6)
Search/MetricNames/VariableSeries/1000000-8                  1.020M ± 0%   1.026M ± 1%        ~ (p=0.310 n=6)   1.020M ± 1%        ~ (p=0.240 n=6)   1.020M ± 0%   +0.01% (p=0.041 n=6)
Search/MetricNames/VariableTimeRange/1d-8                    100.6k ± 0%   101.0k ± 0%   +0.40% (p=0.002 n=6)   101.2k ± 0%   +0.60% (p=0.002 n=6)   100.6k ± 0%        ~ (p=0.121 n=6)
Search/MetricNames/VariableTimeRange/1w-8                    100.6k ± 0%   101.0k ± 0%   +0.40% (p=0.002 n=6)   101.1k ± 1%        ~ (p=0.061 n=6)   100.6k ± 0%        ~ (p=0.366 n=6)
Search/MetricNames/VariableTimeRange/1m-8                    100.6k ± 0%   101.0k ± 0%   +0.49% (p=0.002 n=6)   100.5k ± 0%   -0.03% (p=0.002 n=6)   100.5k ± 0%   -0.02% (p=0.013 n=6)
Search/MetricNames/VariableTimeRange/2m-8                    100.6k ± 0%   101.0k ± 0%   +0.44% (p=0.009 n=6)   100.5k ± 0%        ~ (p=0.071 n=6)   100.5k ± 0%        ~ (p=0.093 n=6)
Search/MetricNames/VariableTimeRange/6m-8                    100.5k ± 0%   101.4k ± 0%   +0.83% (p=0.002 n=6)   100.5k ± 0%        ~ (p=0.058 n=6)   100.5k ± 0%        ~ (p=0.394 n=6)
Search/LabelNames/VariableSeries/100-8                        169.0 ± 0%    188.0 ± 1%  +11.24% (p=0.002 n=6)    204.0 ± 0%  +20.71% (p=0.002 n=6)    190.0 ± 0%  +12.43% (p=0.002 n=6)
Search/LabelNames/VariableSeries/1000-8                      1.096k ± 0%   1.115k ± 0%   +1.78% (p=0.002 n=6)   1.151k ± 0%   +5.02% (p=0.002 n=6)   1.126k ± 0%   +2.74% (p=0.002 n=6)
Search/LabelNames/VariableSeries/10000-8                     10.25k ± 0%   10.33k ± 0%   +0.74% (p=0.002 n=6)   10.34k ± 0%   +0.87% (p=0.002 n=6)   10.38k ± 0%   +1.23% (p=0.002 n=6)
Search/LabelNames/VariableSeries/100000-8                    101.4k ± 0%   102.0k ± 0%   +0.57% (p=0.002 n=6)   101.5k ± 0%   +0.06% (p=0.002 n=6)   103.1k ± 2%   +1.67% (p=0.002 n=6)
Search/LabelNames/VariableSeries/1000000-8                   1.021M ± 0%   1.021M ± 1%        ~ (p=0.180 n=6)   1.021M ± 0%        ~ (p=0.240 n=6)   1.021M ± 0%        ~ (p=0.485 n=6)
Search/LabelNames/VariableTimeRange/1d-8                     101.5k ± 0%   101.9k ± 0%        ~ (p=0.058 n=6)   102.3k ± 0%   +0.76% (p=0.002 n=6)   101.4k ± 0%        ~ (p=0.361 n=6)
Search/LabelNames/VariableTimeRange/1w-8                     101.8k ± 0%   102.2k ± 0%   +0.39% (p=0.002 n=6)   101.8k ± 0%   +0.06% (p=0.017 n=6)   101.8k ± 0%        ~ (p=1.000 n=6)
Search/LabelNames/VariableTimeRange/1m-8                     100.8k ± 0%   101.3k ± 0%   +0.46% (p=0.002 n=6)   100.9k ± 0%   +0.10% (p=0.002 n=6)   100.9k ± 0%   +0.04% (p=0.002 n=6)
Search/LabelNames/VariableTimeRange/2m-8                     102.2k ± 0%   102.6k ± 0%   +0.31% (p=0.002 n=6)   101.8k ± 0%   -0.45% (p=0.002 n=6)   101.2k ± 1%        ~ (p=0.364 n=6)
Search/LabelNames/VariableTimeRange/6m-8                     100.8k ± 0%   101.6k ± 0%   +0.71% (p=0.002 n=6)   101.0k ± 0%   +0.19% (p=0.002 n=6)   101.1k ± 0%   +0.27% (p=0.002 n=6)
Search/LabelValues/VariableSeries/100-8                       173.0 ± 0%    194.0 ± 1%  +12.14% (p=0.002 n=6)    206.0 ± 0%  +19.08% (p=0.002 n=6)    195.0 ± 1%  +12.72% (p=0.002 n=6)
Search/LabelValues/VariableSeries/1000-8                     1.100k ± 0%   1.122k ± 0%   +2.00% (p=0.002 n=6)   1.147k ± 0%   +4.27% (p=0.002 n=6)   1.131k ± 0%   +2.82% (p=0.002 n=6)
Search/LabelValues/VariableSeries/10000-8                    10.26k ± 0%   10.33k ± 1%   +0.70% (p=0.002 n=6)   10.33k ± 0%   +0.70% (p=0.002 n=6)   10.38k ± 0%   +1.18% (p=0.002 n=6)
Search/LabelValues/VariableSeries/100000-8                   101.4k ± 0%   101.5k ± 0%   +0.13% (p=0.002 n=6)   101.5k ± 0%   +0.06% (p=0.002 n=6)   103.1k ± 1%   +1.67% (p=0.002 n=6)
Search/LabelValues/VariableSeries/1000000-8                  1.021M ± 0%   1.026M ± 1%        ~ (p=0.699 n=6)   1.021M ± 0%        ~ (p=0.394 n=6)   1.021M ± 0%        ~ (p=0.216 n=6)
Search/LabelValues/VariableTimeRange/1d-8                    101.5k ± 0%   101.9k ± 0%   +0.44% (p=0.013 n=6)   101.5k ± 0%        ~ (p=0.286 n=6)   101.4k ± 0%        ~ (p=1.000 n=6)
Search/LabelValues/VariableTimeRange/1w-8                    101.7k ± 0%   102.1k ± 0%   +0.42% (p=0.002 n=6)   101.8k ± 0%        ~ (p=0.056 n=6)   101.8k ± 2%   +0.07% (p=0.037 n=6)
Search/LabelValues/VariableTimeRange/1m-8                    100.8k ± 0%   101.3k ± 0%   +0.49% (p=0.002 n=6)   100.9k ± 0%   +0.08% (p=0.002 n=6)   100.9k ± 0%   +0.06% (p=0.002 n=6)
Search/LabelValues/VariableTimeRange/2m-8                    102.2k ± 0%   102.6k ± 0%   +0.36% (p=0.002 n=6)   102.2k ± 0%        ~ (p=0.394 n=6)   104.1k ± 1%   +1.88% (p=0.002 n=6)
Search/LabelValues/VariableTimeRange/6m-8                    100.8k ± 0%   101.6k ± 0%   +0.72% (p=0.002 n=6)   101.3k ± 0%   +0.49% (p=0.002 n=6)   101.1k ± 1%   +0.27% (p=0.002 n=6)
Search/TagValueSuffixes/VariableSeries/100-8                  158.0 ± 0%    174.0 ± 1%  +10.13% (p=0.002 n=6)    186.0 ± 1%  +17.72% (p=0.002 n=6)    174.0 ± 0%  +10.13% (p=0.002 n=6)
Search/TagValueSuffixes/VariableSeries/1000-8                1.085k ± 0%   1.101k ± 0%   +1.52% (p=0.002 n=6)   1.125k ± 0%   +3.69% (p=0.002 n=6)   1.110k ± 0%   +2.30% (p=0.002 n=6)
Search/TagValueSuffixes/VariableSeries/10000-8               10.24k ± 0%   10.32k ± 0%   +0.79% (p=0.002 n=6)   10.30k ± 0%   +0.60% (p=0.002 n=6)   10.35k ± 0%   +1.09% (p=0.002 n=6)
Search/TagValueSuffixes/VariableSeries/100000-8              101.4k ± 0%   101.9k ± 0%   +0.53% (p=0.002 n=6)   101.4k ± 0%   +0.05% (p=0.002 n=6)   101.4k ± 2%   +0.01% (p=0.002 n=6)
Search/TagValueSuffixes/VariableSeries/1000000-8             1.021M ± 0%   1.021M ± 0%   -0.04% (p=0.002 n=6)   1.021M ± 0%   -0.04% (p=0.002 n=6)   1.021M ± 0%        ~ (p=0.394 n=6)
Search/TagValueSuffixes/VariableTimeRange/1d-8               101.5k ± 0%   101.9k ± 0%   +0.41% (p=0.002 n=6)   101.4k ± 0%        ~ (p=1.000 n=6)   103.0k ± 0%   +1.50% (p=0.002 n=6)
Search/TagValueSuffixes/VariableTimeRange/1w-8               101.7k ± 0%   102.0k ± 0%   +0.35% (p=0.002 n=6)   101.7k ± 0%   +0.07% (p=0.002 n=6)   102.8k ± 0%   +1.13% (p=0.002 n=6)
Search/TagValueSuffixes/VariableTimeRange/1m-8               100.8k ± 0%   101.3k ± 0%   +0.43% (p=0.002 n=6)   101.1k ± 0%   +0.29% (p=0.002 n=6)   101.7k ± 0%   +0.91% (p=0.002 n=6)
Search/TagValueSuffixes/VariableTimeRange/2m-8               102.0k ± 0%   102.4k ± 0%   +0.33% (p=0.002 n=6)   102.1k ± 0%   +0.06% (p=0.002 n=6)   102.2k ± 0%   +0.21% (p=0.002 n=6)
Search/TagValueSuffixes/VariableTimeRange/6m-8               100.8k ± 0%   101.6k ± 1%   +0.73% (p=0.002 n=6)   101.0k ± 1%   +0.17% (p=0.002 n=6)   101.7k ± 0%   +0.87% (p=0.002 n=6)
Search/GraphitePaths/VariableSeries/100-8                     316.0 ± 0%    335.0 ± 1%   +6.01% (p=0.002 n=6)    394.0 ± 0%  +24.68% (p=0.002 n=6)    333.0 ± 0%   +5.38% (p=0.002 n=6)
Search/GraphitePaths/VariableSeries/1000-8                   2.167k ± 0%   2.189k ± 0%   +1.02% (p=0.002 n=6)   2.282k ± 0%   +5.31% (p=0.002 n=6)   2.208k ± 0%   +1.87% (p=0.002 n=6)
Search/GraphitePaths/VariableSeries/10000-8                  20.46k ± 0%   20.63k ± 0%   +0.84% (p=0.002 n=6)   20.67k ± 0%   +1.06% (p=0.002 n=6)   20.79k ± 0%   +1.63% (p=0.002 n=6)
Search/GraphitePaths/VariableSeries/100000-8                 203.0k ± 0%   203.9k ± 0%   +0.45% (p=0.002 n=6)   202.6k ± 0%        ~ (p=0.294 n=6)   206.8k ± 0%   +1.90% (p=0.002 n=6)
Search/GraphitePaths/VariableSeries/1000000-8                2.038M ± 0%   2.048M ± 1%        ~ (p=0.065 n=6)   2.037M ± 0%   -0.02% (p=0.002 n=6)   2.038M ± 0%   -0.00% (p=0.002 n=6)
Search/GraphitePaths/VariableTimeRange/1d-8                  202.5k ± 0%   203.9k ± 0%   +0.68% (p=0.002 n=6)   203.5k ± 0%   +0.49% (p=0.002 n=6)   206.6k ± 0%   +2.01% (p=0.002 n=6)
Search/GraphitePaths/VariableTimeRange/1w-8                  202.8k ± 0%   204.1k ± 0%   +0.62% (p=0.002 n=6)   204.1k ± 0%   +0.64% (p=0.002 n=6)   206.5k ± 0%   +1.81% (p=0.002 n=6)
Search/GraphitePaths/VariableTimeRange/1m-8                  201.9k ± 0%   203.3k ± 1%   +0.68% (p=0.002 n=6)   203.4k ± 0%   +0.74% (p=0.002 n=6)   203.9k ± 0%   +0.99% (p=0.002 n=6)
Search/GraphitePaths/VariableTimeRange/2m-8                  203.7k ± 0%   204.6k ± 0%   +0.43% (p=0.002 n=6)   202.9k ± 1%        ~ (p=0.065 n=6)   206.0k ± 2%        ~ (p=0.065 n=6)
Search/GraphitePaths/VariableTimeRange/6m-8                  201.9k ± 0%   203.2k ± 1%   +0.60% (p=0.002 n=6)   202.4k ± 0%   +0.24% (p=0.002 n=6)   204.0k ± 0%   +1.01% (p=0.002 n=6)
geomean                                                      42.27k        42.86k        +1.40%                 43.43k        +2.14%                 42.90k        +1.49%
