goos: linux
goarch: amd64
pkg: github.com/VictoriaMetrics/VictoriaMetrics/lib/storage
cpu: AMD EPYC 7B12
                                                     │ v1.127.0-CurrOnly │            pt-index-CurrOnly            │            pt-index-CurrPt            │            pt-index-PtOnly            │
                                                     │      sec/op       │     sec/op      vs base                 │    sec/op      vs base                │    sec/op      vs base                │
Search/Data/VariableSeries/100-8                            82.88µ ±  6%    95.42µ ±   2%   +15.14% (p=0.000 n=10)   124.57µ ±  3%  +50.31% (p=0.000 n=10)    86.36µ ±  3%        ~ (p=0.075 n=10)
Search/Data/VariableSeries/1000-8                           594.4µ ±  3%    633.0µ ±   1%    +6.50% (p=0.000 n=10)    749.4µ ±  3%  +26.08% (p=0.000 n=10)    635.7µ ±  2%   +6.96% (p=0.000 n=10)
Search/Data/VariableSeries/10000-8                          7.797m ±  4%    8.306m ±   4%    +6.53% (p=0.005 n=10)    8.384m ±  3%   +7.53% (p=0.000 n=10)    7.732m ±  8%        ~ (p=0.436 n=10)
Search/Data/VariableSeries/100000-8                         121.0m ±  8%    121.3m ±   6%         ~ (p=0.853 n=10)    118.1m ±  3%        ~ (p=0.315 n=10)    125.3m ±  5%        ~ (p=0.579 n=10)
Search/Data/VariableSeries/1000000-8                         4.708 ±  4%     4.070 ±   4%   -13.55% (p=0.000 n=10)     4.693 ± 12%        ~ (p=0.579 n=10)     4.731 ± 17%        ~ (p=0.796 n=10)
Search/Data/VariableTimeRange/1d-8                          118.6m ±  8%    184.3m ± 182%   +55.44% (p=0.009 n=10)    116.6m ±  5%        ~ (p=0.684 n=10)    116.2m ±  3%        ~ (p=0.247 n=10)
Search/Data/VariableTimeRange/1w-8                          114.3m ±  3%    257.7m ±  41%  +125.54% (p=0.000 n=10)    112.8m ±  5%        ~ (p=0.481 n=10)    121.4m ±  7%   +6.23% (p=0.003 n=10)
Search/Data/VariableTimeRange/1m-8                          125.7m ±  4%    133.3m ±   2%    +6.06% (p=0.000 n=10)    119.6m ±  7%        ~ (p=0.063 n=10)    116.1m ±  4%   -7.66% (p=0.000 n=10)
Search/Data/VariableTimeRange/2m-8                          129.0m ± 12%    119.4m ±   8%         ~ (p=0.436 n=10)    116.3m ±  5%   -9.82% (p=0.019 n=10)    126.4m ±  4%        ~ (p=0.912 n=10)
Search/Data/VariableTimeRange/6m-8                          129.8m ±  4%    148.8m ±   6%   +14.58% (p=0.000 n=10)    132.9m ±  2%        ~ (p=0.165 n=10)    116.1m ±  8%  -10.55% (p=0.000 n=10)
Search/MetricNames/VariableSeries/100-8                     36.78µ ±  7%    42.96µ ±   8%   +16.82% (p=0.000 n=10)    52.23µ ±  6%  +42.02% (p=0.000 n=10)    46.06µ ±  4%  +25.26% (p=0.000 n=10)
Search/MetricNames/VariableSeries/1000-8                    251.5µ ±  2%    258.3µ ±   1%    +2.70% (p=0.000 n=10)    242.9µ ±  2%   -3.39% (p=0.002 n=10)    264.8µ ±  2%   +5.30% (p=0.000 n=10)
Search/MetricNames/VariableSeries/10000-8                   2.494m ±  3%    2.649m ±   3%    +6.21% (p=0.000 n=10)    2.293m ±  5%   -8.07% (p=0.000 n=10)    2.557m ±  3%        ~ (p=0.052 n=10)
Search/MetricNames/VariableSeries/100000-8                  40.72m ±  4%    43.62m ±   2%    +7.12% (p=0.000 n=10)    33.06m ±  7%  -18.83% (p=0.000 n=10)    46.64m ±  5%  +14.54% (p=0.000 n=10)
Search/MetricNames/VariableSeries/1000000-8                  1.266 ±  5%     1.173 ±   8%    -7.34% (p=0.004 n=10)     1.008 ± 28%  -20.37% (p=0.000 n=10)     1.339 ±  7%   +5.71% (p=0.035 n=10)
Search/MetricNames/VariableTimeRange/1d-8                   45.90m ± 12%    45.74m ±  10%         ~ (p=0.739 n=10)    33.96m ±  8%  -26.02% (p=0.000 n=10)    41.06m ±  9%  -10.55% (p=0.043 n=10)
Search/MetricNames/VariableTimeRange/1w-8                   44.05m ± 12%    46.56m ±   8%         ~ (p=0.123 n=10)    34.29m ±  8%  -22.16% (p=0.000 n=10)    42.49m ±  8%        ~ (p=0.912 n=10)
Search/MetricNames/VariableTimeRange/1m-8                   44.46m ± 10%    43.49m ±   6%         ~ (p=0.739 n=10)    34.49m ±  6%  -22.43% (p=0.000 n=10)    34.36m ±  8%  -22.73% (p=0.000 n=10)
Search/MetricNames/VariableTimeRange/2m-8                   40.78m ±  5%    82.11m ±  41%  +101.34% (p=0.000 n=10)    34.39m ±  8%  -15.69% (p=0.000 n=10)    43.78m ± 11%   +7.34% (p=0.019 n=10)
Search/MetricNames/VariableTimeRange/6m-8                   41.18m ±  7%    46.39m ±  81%   +12.64% (p=0.001 n=10)    29.93m ±  4%  -27.34% (p=0.000 n=10)    24.18m ±  9%  -41.30% (p=0.000 n=10)
Search/LabelNames/VariableSeries/100-8                      65.20µ ±  3%    65.28µ ±   3%         ~ (p=0.796 n=10)    75.10µ ±  2%  +15.18% (p=0.000 n=10)    66.83µ ±  7%        ~ (p=0.123 n=10)
Search/LabelNames/VariableSeries/1000-8                     409.7µ ±  3%    418.1µ ±   1%    +2.04% (p=0.009 n=10)    368.3µ ±  2%  -10.12% (p=0.000 n=10)    434.8µ ±  3%   +6.11% (p=0.002 n=10)
Search/LabelNames/VariableSeries/10000-8                    3.951m ±  1%    4.049m ±   1%    +2.48% (p=0.000 n=10)    3.025m ±  3%  -23.43% (p=0.000 n=10)    3.919m ±  2%        ~ (p=0.190 n=10)
Search/LabelNames/VariableSeries/100000-8                   57.25m ±  5%    60.74m ±   7%         ~ (p=0.052 n=10)    38.54m ±  8%  -32.69% (p=0.000 n=10)    61.08m ± 12%   +6.70% (p=0.043 n=10)
Search/LabelNames/VariableSeries/1000000-8                   1.700 ± 10%     1.819 ±   5%    +6.96% (p=0.011 n=10)     1.154 ±  4%  -32.14% (p=0.000 n=10)     2.221 ± 44%  +30.63% (p=0.000 n=10)
Search/LabelNames/VariableTimeRange/1d-8                    56.51m ± 12%    57.09m ±   4%         ~ (p=0.971 n=10)    37.33m ±  8%  -33.93% (p=0.000 n=10)    55.43m ±  8%        ~ (p=0.739 n=10)
Search/LabelNames/VariableTimeRange/1w-8                    37.83m ± 11%    36.70m ±   6%         ~ (p=0.631 n=10)    26.20m ±  8%  -30.75% (p=0.000 n=10)    36.75m ±  3%        ~ (p=0.481 n=10)
Search/LabelNames/VariableTimeRange/1m-8                    37.89m ± 12%    39.37m ±  11%         ~ (p=0.529 n=10)    27.19m ±  5%  -28.23% (p=0.000 n=10)    31.39m ±  8%  -17.17% (p=0.000 n=10)
Search/LabelNames/VariableTimeRange/2m-8                    33.33m ±  5%    37.37m ±   8%   +12.10% (p=0.000 n=10)    27.26m ±  6%  -18.22% (p=0.000 n=10)    42.12m ±  4%  +26.36% (p=0.000 n=10)
Search/LabelNames/VariableTimeRange/6m-8                    38.84m ± 11%    40.12m ±   8%         ~ (p=0.123 n=10)    25.40m ±  5%  -34.60% (p=0.000 n=10)    23.54m ±  8%  -39.38% (p=0.000 n=10)
Search/LabelValues/VariableSeries/100-8                     54.50µ ±  3%    62.64µ ±   2%   +14.94% (p=0.000 n=10)    71.21µ ±  3%  +30.67% (p=0.000 n=10)    73.43µ ±  8%  +34.73% (p=0.000 n=10)
Search/LabelValues/VariableSeries/1000-8                    423.9µ ±  3%    592.3µ ±  20%   +39.72% (p=0.000 n=10)    373.1µ ±  3%  -11.98% (p=0.000 n=10)    420.9µ ±  1%        ~ (p=0.631 n=10)
Search/LabelValues/VariableSeries/10000-8                   4.299m ±  3%    6.641m ±   3%   +54.48% (p=0.000 n=10)    2.951m ±  3%  -31.36% (p=0.000 n=10)    4.089m ±  6%   -4.89% (p=0.023 n=10)
Search/LabelValues/VariableSeries/100000-8                  52.61m ±  7%   116.22m ±  23%  +120.91% (p=0.000 n=10)    37.19m ±  4%  -29.31% (p=0.000 n=10)    60.07m ± 12%  +14.18% (p=0.015 n=10)
Search/LabelValues/VariableSeries/1000000-8                  1.769 ±  8%     1.923 ±   6%    +8.67% (p=0.005 n=10)     1.099 ±  6%  -37.88% (p=0.000 n=10)     1.922 ±  7%   +8.61% (p=0.023 n=10)
Search/LabelValues/VariableTimeRange/1d-8                   64.76m ±  8%    56.65m ±   5%   -12.53% (p=0.002 n=10)    35.87m ±  4%  -44.61% (p=0.000 n=10)    66.98m ± 10%        ~ (p=0.165 n=10)
Search/LabelValues/VariableTimeRange/1w-8                   36.35m ± 10%    39.17m ±   6%    +7.78% (p=0.000 n=10)    25.65m ± 10%  -29.43% (p=0.000 n=10)    37.73m ±  3%   +3.81% (p=0.035 n=10)
Search/LabelValues/VariableTimeRange/1m-8                   45.60m ±  7%    39.14m ±  13%   -14.16% (p=0.009 n=10)    27.54m ±  4%  -39.60% (p=0.000 n=10)    28.38m ±  9%  -37.76% (p=0.000 n=10)
Search/LabelValues/VariableTimeRange/2m-8                   35.07m ±  7%    35.37m ±   3%         ~ (p=0.579 n=10)    26.98m ±  5%  -23.09% (p=0.000 n=10)    41.11m ± 12%  +17.20% (p=0.000 n=10)
Search/LabelValues/VariableTimeRange/6m-8                   39.51m ± 11%    38.67m ±   3%         ~ (p=0.123 n=10)    25.36m ±  5%  -35.82% (p=0.000 n=10)    22.19m ±  5%  -43.85% (p=0.000 n=10)
Search/TagValueSuffixes/VariableSeries/100-8                53.85µ ±  6%    54.58µ ±   4%         ~ (p=0.165 n=10)    63.45µ ±  2%  +17.83% (p=0.000 n=10)    65.72µ ±  6%  +22.04% (p=0.000 n=10)
Search/TagValueSuffixes/VariableSeries/1000-8               389.3µ ±  3%    394.8µ ±   2%         ~ (p=0.353 n=10)    366.9µ ±  2%   -5.75% (p=0.000 n=10)    416.9µ ±  2%   +7.09% (p=0.000 n=10)
Search/TagValueSuffixes/VariableSeries/10000-8              3.817m ±  1%    3.785m ±   1%    -0.84% (p=0.005 n=10)    2.743m ±  2%  -28.12% (p=0.000 n=10)    4.067m ±  1%   +6.54% (p=0.000 n=10)
Search/TagValueSuffixes/VariableSeries/100000-8             53.65m ±  8%    52.22m ±   4%         ~ (p=0.105 n=10)    33.61m ±  6%  -37.35% (p=0.000 n=10)    49.41m ± 13%   -7.90% (p=0.043 n=10)
Search/TagValueSuffixes/VariableSeries/1000000-8             1.721 ±  4%     1.767 ±   9%         ~ (p=0.481 n=10)     1.034 ±  5%  -39.89% (p=0.000 n=10)     1.824 ±  7%        ~ (p=0.075 n=10)
Search/TagValueSuffixes/VariableTimeRange/1d-8              49.02m ±  8%    51.84m ±   4%    +5.76% (p=0.043 n=10)    33.86m ±  4%  -30.92% (p=0.000 n=10)    56.84m ±  9%  +15.94% (p=0.000 n=10)
Search/TagValueSuffixes/VariableTimeRange/1w-8              32.68m ±  7%    34.20m ±   6%    +4.63% (p=0.043 n=10)    23.91m ±  5%  -26.84% (p=0.000 n=10)    34.58m ±  9%   +5.81% (p=0.035 n=10)
Search/TagValueSuffixes/VariableTimeRange/1m-8              37.52m ± 10%    35.61m ±   5%         ~ (p=0.089 n=10)    25.59m ±  3%  -31.81% (p=0.000 n=10)    27.23m ±  9%  -27.44% (p=0.000 n=10)
Search/TagValueSuffixes/VariableTimeRange/2m-8              30.82m ±  9%    31.93m ±   5%         ~ (p=0.063 n=10)    25.20m ±  4%  -18.23% (p=0.000 n=10)    34.37m ± 13%  +11.53% (p=0.000 n=10)
Search/TagValueSuffixes/VariableTimeRange/6m-8              34.23m ± 13%    35.25m ±   9%         ~ (p=0.393 n=10)    22.98m ±  3%  -32.88% (p=0.000 n=10)    18.90m ±  6%  -44.79% (p=0.000 n=10)
Search/GraphitePaths/VariableSeries/100-8                   121.1µ ±  5%    132.3µ ±   2%    +9.21% (p=0.000 n=10)    122.2µ ±  2%        ~ (p=0.579 n=10)    140.8µ ± 20%  +16.23% (p=0.000 n=10)
Search/GraphitePaths/VariableSeries/1000-8                  933.4µ ±  1%    972.3µ ±   1%    +4.17% (p=0.000 n=10)    620.0µ ±  1%  -33.58% (p=0.000 n=10)    978.7µ ±  3%   +4.85% (p=0.000 n=10)
Search/GraphitePaths/VariableSeries/10000-8                 9.308m ±  1%    9.671m ±   2%    +3.90% (p=0.000 n=10)    5.508m ±  2%  -40.83% (p=0.000 n=10)    9.623m ±  2%   +3.38% (p=0.000 n=10)
Search/GraphitePaths/VariableSeries/100000-8               131.35m ±  7%   134.80m ±   9%         ~ (p=0.393 n=10)    67.83m ±  6%  -48.36% (p=0.000 n=10)   126.81m ± 12%        ~ (p=0.075 n=10)
Search/GraphitePaths/VariableSeries/1000000-8                3.432 ±  9%     3.569 ±   5%         ~ (p=0.353 n=10)     1.888 ±  6%  -44.99% (p=0.000 n=10)     3.512 ±  4%        ~ (p=0.436 n=10)
Search/GraphitePaths/VariableTimeRange/1d-8                122.87m ±  7%   126.77m ±   4%         ~ (p=0.353 n=10)    66.76m ±  6%  -45.66% (p=0.000 n=10)   136.07m ±  8%  +10.75% (p=0.009 n=10)
Search/GraphitePaths/VariableTimeRange/1w-8                105.87m ±  9%   112.12m ±   6%         ~ (p=0.353 n=10)    62.73m ±  7%  -40.75% (p=0.000 n=10)   116.08m ±  9%   +9.65% (p=0.023 n=10)
Search/GraphitePaths/VariableTimeRange/1m-8                113.25m ± 12%   110.89m ±   7%         ~ (p=0.631 n=10)    62.07m ±  7%  -45.19% (p=0.000 n=10)    62.25m ±  9%  -45.03% (p=0.000 n=10)
Search/GraphitePaths/VariableTimeRange/2m-8                119.24m ± 10%   103.42m ±   3%   -13.27% (p=0.000 n=10)    60.05m ±  7%  -49.64% (p=0.000 n=10)   117.27m ± 10%        ~ (p=0.353 n=10)
Search/GraphitePaths/VariableTimeRange/6m-8                113.08m ±  9%   112.35m ±   5%         ~ (p=0.971 n=10)    59.70m ±  3%  -47.20% (p=0.000 n=10)    39.78m ±  5%  -64.82% (p=0.000 n=10)
geomean                                                     20.63m          22.33m           +8.26%                   15.33m        -22.18%                   19.81m         -3.93%

                                                     │ v1.127.0-CurrOnly │           pt-index-CurrOnly           │            pt-index-CurrPt            │            pt-index-PtOnly            │
                                                     │       B/op        │     B/op       vs base                │     B/op       vs base                │     B/op       vs base                │
Search/Data/VariableSeries/100-8                            34.99Ki ± 0%   35.52Ki ±  0%   +1.53% (p=0.000 n=10)   37.96Ki ±  0%   +8.51% (p=0.000 n=10)   33.96Ki ±  0%   -2.93% (p=0.000 n=10)
Search/Data/VariableSeries/1000-8                           331.3Ki ± 0%   331.8Ki ±  0%   +0.16% (p=0.000 n=10)   349.3Ki ±  0%   +5.43% (p=0.000 n=10)   316.6Ki ±  0%   -4.43% (p=0.000 n=10)
Search/Data/VariableSeries/10000-8                          3.253Mi ± 0%   3.263Mi ±  0%   +0.32% (p=0.000 n=10)   3.421Mi ±  0%   +5.16% (p=0.000 n=10)   3.098Mi ±  0%   -4.76% (p=0.000 n=10)
Search/Data/VariableSeries/100000-8                         37.16Mi ± 2%   37.20Mi ±  2%        ~ (p=0.105 n=10)   38.76Mi ±  0%   +4.33% (p=0.002 n=10)   36.18Mi ±  2%   -2.64% (p=0.000 n=10)
Search/Data/VariableSeries/1000000-8                        648.7Mi ± 0%   644.1Mi ±  0%   -0.72% (p=0.000 n=10)   659.3Mi ±  1%   +1.63% (p=0.002 n=10)   627.4Mi ± 13%   -3.29% (p=0.015 n=10)
Search/Data/VariableTimeRange/1d-8                          37.17Mi ± 2%   39.70Mi ± 27%   +6.80% (p=0.005 n=10)   38.76Mi ±  0%   +4.27% (p=0.000 n=10)   35.54Mi ±  0%   -4.37% (p=0.000 n=10)
Search/Data/VariableTimeRange/1w-8                          37.38Mi ± 0%   43.88Mi ± 11%  +17.39% (p=0.001 n=10)   39.00Mi ±  0%   +4.32% (p=0.000 n=10)   35.95Mi ±  2%   -3.85% (p=0.000 n=10)
Search/Data/VariableTimeRange/1m-8                          37.86Mi ± 2%   37.90Mi ±  0%   +0.11% (p=0.000 n=10)   39.20Mi ±  1%   +3.54% (p=0.000 n=10)   38.82Mi ±  0%   +2.53% (p=0.000 n=10)
Search/Data/VariableTimeRange/2m-8                          38.12Mi ± 2%   37.45Mi ±  2%        ~ (p=0.063 n=10)   38.92Mi ±  0%   +2.11% (p=0.000 n=10)   36.36Mi ±  2%   -4.62% (p=0.000 n=10)
Search/Data/VariableTimeRange/6m-8                          37.98Mi ± 0%   38.94Mi ±  0%   +2.52% (p=0.000 n=10)   40.03Mi ±  0%   +5.39% (p=0.000 n=10)   39.09Mi ±  2%   +2.92% (p=0.000 n=10)
Search/MetricNames/VariableSeries/100-8                     16.50Ki ± 0%   16.85Ki ±  0%   +2.11% (p=0.000 n=10)   16.19Ki ±  0%   -1.89% (p=0.000 n=10)   15.31Ki ±  0%   -7.25% (p=0.000 n=10)
Search/MetricNames/VariableSeries/1000-8                    172.5Ki ± 0%   172.9Ki ±  0%   +0.23% (p=0.000 n=10)   165.4Ki ±  0%   -4.10% (p=0.000 n=10)   157.5Ki ±  0%   -8.66% (p=0.000 n=10)
Search/MetricNames/VariableSeries/10000-8                   1.573Mi ± 0%   1.575Mi ±  0%   +0.10% (p=0.000 n=10)   1.500Mi ±  0%   -4.67% (p=0.000 n=10)   1.421Mi ±  0%   -9.65% (p=0.000 n=10)
Search/MetricNames/VariableSeries/100000-8                  15.02Mi ± 0%   15.05Mi ±  0%   +0.20% (p=0.001 n=10)   14.23Mi ±  0%   -5.30% (p=0.000 n=10)   13.52Mi ±  0%   -9.97% (p=0.000 n=10)
Search/MetricNames/VariableSeries/1000000-8                 250.1Mi ± 0%   249.2Mi ±  0%   -0.34% (p=0.000 n=10)   242.6Mi ± 15%   -2.98% (p=0.002 n=10)   234.8Mi ±  2%   -6.10% (p=0.000 n=10)
Search/MetricNames/VariableTimeRange/1d-8                   15.05Mi ± 0%   15.06Mi ±  0%        ~ (p=0.353 n=10)   14.25Mi ±  0%   -5.29% (p=0.000 n=10)   13.49Mi ±  0%  -10.36% (p=0.000 n=10)
Search/MetricNames/VariableTimeRange/1w-8                   15.11Mi ± 0%   15.14Mi ±  0%        ~ (p=0.190 n=10)   14.32Mi ±  0%   -5.23% (p=0.000 n=10)   13.58Mi ±  0%  -10.12% (p=0.000 n=10)
Search/MetricNames/VariableTimeRange/1m-8                   15.03Mi ± 0%   15.05Mi ±  0%   +0.12% (p=0.004 n=10)   14.62Mi ±  0%   -2.73% (p=0.000 n=10)   14.24Mi ±  0%   -5.30% (p=0.000 n=10)
Search/MetricNames/VariableTimeRange/2m-8                   15.13Mi ± 0%   15.39Mi ±  2%   +1.74% (p=0.000 n=10)   14.29Mi ±  0%   -5.56% (p=0.000 n=10)   13.58Mi ±  0%  -10.20% (p=0.000 n=10)
Search/MetricNames/VariableTimeRange/6m-8                   15.02Mi ± 0%   15.08Mi ±  1%   +0.42% (p=0.000 n=10)   14.65Mi ±  0%   -2.45% (p=0.000 n=10)   14.27Mi ±  0%   -5.00% (p=0.000 n=10)
Search/LabelNames/VariableSeries/100-8                      22.26Ki ± 0%   22.84Ki ±  0%   +2.60% (p=0.000 n=10)   22.78Ki ±  0%   +2.34% (p=0.000 n=10)   22.80Ki ±  0%   +2.42% (p=0.000 n=10)
Search/LabelNames/VariableSeries/1000-8                     307.1Ki ± 0%   307.7Ki ±  0%   +0.20% (p=0.000 n=10)   307.8Ki ±  0%   +0.22% (p=0.000 n=10)   308.3Ki ±  0%   +0.39% (p=0.000 n=10)
Search/LabelNames/VariableSeries/10000-8                    2.473Mi ± 0%   2.475Mi ±  0%   +0.08% (p=0.000 n=10)   2.475Mi ±  0%   +0.11% (p=0.000 n=10)   2.478Mi ±  0%   +0.22% (p=0.000 n=10)
Search/LabelNames/VariableSeries/100000-8                   20.79Mi ± 0%   20.81Mi ±  0%        ~ (p=0.075 n=10)   20.72Mi ±  0%   -0.34% (p=0.000 n=10)   20.82Mi ±  0%   +0.11% (p=0.035 n=10)
Search/LabelNames/VariableSeries/1000000-8                  307.3Mi ± 1%   304.7Mi ±  0%   -0.86% (p=0.000 n=10)   305.4Mi ±  0%   -0.62% (p=0.023 n=10)   306.0Mi ±  1%        ~ (p=0.631 n=10)
Search/LabelNames/VariableTimeRange/1d-8                    20.79Mi ± 0%   20.77Mi ±  0%        ~ (p=0.481 n=10)   20.70Mi ±  0%   -0.40% (p=0.000 n=10)   20.78Mi ±  0%        ~ (p=0.529 n=10)
Search/LabelNames/VariableTimeRange/1w-8                    22.58Mi ± 0%   22.58Mi ±  0%        ~ (p=0.971 n=10)   22.51Mi ±  0%   -0.32% (p=0.002 n=10)   22.55Mi ±  0%        ~ (p=0.052 n=10)
Search/LabelNames/VariableTimeRange/1m-8                    13.98Mi ± 0%   14.01Mi ±  0%   +0.23% (p=0.004 n=10)   14.18Mi ±  0%   +1.43% (p=0.000 n=10)   13.99Mi ±  0%        ~ (p=0.796 n=10)
Search/LabelNames/VariableTimeRange/2m-8                    20.78Mi ± 1%   20.88Mi ±  1%        ~ (p=0.165 n=10)   17.37Mi ±  1%  -16.41% (p=0.000 n=10)   14.08Mi ±  0%  -32.25% (p=0.000 n=10)
Search/LabelNames/VariableTimeRange/6m-8                    14.00Mi ± 0%   14.02Mi ±  0%   +0.13% (p=0.011 n=10)   14.80Mi ±  0%   +5.74% (p=0.000 n=10)   15.65Mi ±  0%  +11.81% (p=0.000 n=10)
Search/LabelValues/VariableSeries/100-8                     22.38Ki ± 0%   23.00Ki ±  0%   +2.80% (p=0.000 n=10)   22.95Ki ±  0%   +2.54% (p=0.000 n=10)   22.96Ki ±  0%   +2.63% (p=0.000 n=10)
Search/LabelValues/VariableSeries/1000-8                    307.1Ki ± 0%   307.8Ki ±  0%   +0.23% (p=0.000 n=10)   308.0Ki ±  0%   +0.30% (p=0.000 n=10)   308.2Ki ±  0%   +0.37% (p=0.000 n=10)
Search/LabelValues/VariableSeries/10000-8                   2.472Mi ± 0%   2.476Mi ±  0%   +0.14% (p=0.000 n=10)   2.477Mi ±  0%   +0.18% (p=0.000 n=10)   2.479Mi ±  0%   +0.26% (p=0.000 n=10)
Search/LabelValues/VariableSeries/100000-8                  20.76Mi ± 0%   21.07Mi ±  1%   +1.47% (p=0.000 n=10)   20.70Mi ±  0%   -0.32% (p=0.000 n=10)   20.86Mi ±  0%   +0.46% (p=0.000 n=10)
Search/LabelValues/VariableSeries/1000000-8                 306.9Mi ± 0%   304.9Mi ±  0%   -0.66% (p=0.000 n=10)   305.2Mi ±  0%   -0.57% (p=0.001 n=10)   305.4Mi ±  1%        ~ (p=0.052 n=10)
Search/LabelValues/VariableTimeRange/1d-8                   20.81Mi ± 0%   20.78Mi ±  0%   -0.12% (p=0.023 n=10)   20.68Mi ±  0%   -0.63% (p=0.000 n=10)   20.87Mi ±  0%   +0.30% (p=0.000 n=10)
Search/LabelValues/VariableTimeRange/1w-8                   22.50Mi ± 0%   22.50Mi ±  0%        ~ (p=0.739 n=10)   22.46Mi ±  0%        ~ (p=0.143 n=10)   22.56Mi ±  0%   +0.27% (p=0.000 n=10)
Search/LabelValues/VariableTimeRange/1m-8                   14.00Mi ± 0%   13.99Mi ±  0%        ~ (p=0.075 n=10)   14.19Mi ±  0%   +1.31% (p=0.000 n=10)   13.97Mi ±  0%   -0.23% (p=0.000 n=10)
Search/LabelValues/VariableTimeRange/2m-8                   20.60Mi ± 0%   20.64Mi ±  0%        ~ (p=0.075 n=10)   17.27Mi ±  0%  -16.19% (p=0.000 n=10)   14.00Mi ±  0%  -32.03% (p=0.000 n=10)
Search/LabelValues/VariableTimeRange/6m-8                   13.98Mi ± 0%   13.99Mi ±  0%        ~ (p=0.052 n=10)   14.78Mi ±  0%   +5.73% (p=0.000 n=10)   15.61Mi ±  0%  +11.64% (p=0.000 n=10)
Search/TagValueSuffixes/VariableSeries/100-8                21.35Ki ± 0%   21.89Ki ±  0%   +2.53% (p=0.000 n=10)   21.81Ki ±  0%   +2.15% (p=0.000 n=10)   21.95Ki ±  0%   +2.78% (p=0.000 n=10)
Search/TagValueSuffixes/VariableSeries/1000-8               299.0Ki ± 0%   299.7Ki ±  0%   +0.21% (p=0.000 n=10)   299.9Ki ±  0%   +0.28% (p=0.000 n=10)   300.2Ki ±  0%   +0.37% (p=0.000 n=10)
Search/TagValueSuffixes/VariableSeries/10000-8              2.396Mi ± 0%   2.399Mi ±  0%   +0.14% (p=0.000 n=10)   2.397Mi ±  0%   +0.04% (p=0.000 n=10)   2.401Mi ±  0%   +0.23% (p=0.000 n=10)
Search/TagValueSuffixes/VariableSeries/100000-8             19.99Mi ± 0%   20.01Mi ±  0%        ~ (p=0.105 n=10)   19.91Mi ±  0%   -0.40% (p=0.000 n=10)   20.04Mi ±  0%   +0.27% (p=0.000 n=10)
Search/TagValueSuffixes/VariableSeries/1000000-8            300.1Mi ± 0%   297.0Mi ±  0%   -1.05% (p=0.000 n=10)   297.4Mi ±  0%   -0.90% (p=0.001 n=10)   299.2Mi ±  0%   -0.32% (p=0.019 n=10)
Search/TagValueSuffixes/VariableTimeRange/1d-8              19.97Mi ± 0%   20.00Mi ±  0%        ~ (p=0.393 n=10)   19.93Mi ±  0%   -0.22% (p=0.000 n=10)   20.09Mi ±  0%   +0.56% (p=0.000 n=10)
Search/TagValueSuffixes/VariableTimeRange/1w-8              21.73Mi ± 0%   21.72Mi ±  0%        ~ (p=0.353 n=10)   21.72Mi ±  0%        ~ (p=0.631 n=10)   21.78Mi ±  0%   +0.24% (p=0.001 n=10)
Search/TagValueSuffixes/VariableTimeRange/1m-8              13.21Mi ± 0%   13.20Mi ±  0%   -0.04% (p=0.015 n=10)   13.41Mi ±  0%   +1.52% (p=0.000 n=10)   13.25Mi ±  0%   +0.32% (p=0.000 n=10)
Search/TagValueSuffixes/VariableTimeRange/2m-8              19.80Mi ± 0%   19.81Mi ±  0%        ~ (p=0.853 n=10)   16.48Mi ±  0%  -16.77% (p=0.000 n=10)   13.20Mi ±  0%  -33.32% (p=0.000 n=10)
Search/TagValueSuffixes/VariableTimeRange/6m-8              13.18Mi ± 0%   13.22Mi ±  0%   +0.26% (p=0.000 n=10)   14.00Mi ±  0%   +6.15% (p=0.000 n=10)   14.83Mi ±  0%  +12.45% (p=0.000 n=10)
Search/GraphitePaths/VariableSeries/100-8                   38.40Ki ± 0%   39.01Ki ±  0%   +1.59% (p=0.000 n=10)   40.00Ki ±  0%   +4.16% (p=0.000 n=10)   39.12Ki ±  0%   +1.88% (p=0.000 n=10)
Search/GraphitePaths/VariableSeries/1000-8                  536.7Ki ± 0%   537.5Ki ±  0%   +0.15% (p=0.000 n=10)   538.6Ki ±  0%   +0.36% (p=0.000 n=10)   538.6Ki ±  0%   +0.36% (p=0.000 n=10)
Search/GraphitePaths/VariableSeries/10000-8                 4.295Mi ± 0%   4.303Mi ±  0%   +0.20% (p=0.000 n=10)   4.296Mi ±  0%        ~ (p=0.143 n=10)   4.308Mi ±  0%   +0.30% (p=0.000 n=10)
Search/GraphitePaths/VariableSeries/100000-8                36.05Mi ± 0%   36.10Mi ±  0%   +0.14% (p=0.002 n=10)   35.70Mi ±  0%   -0.98% (p=0.000 n=10)   35.95Mi ±  1%        ~ (p=0.143 n=10)
Search/GraphitePaths/VariableSeries/1000000-8               537.5Mi ± 0%   533.3Mi ±  0%   -0.78% (p=0.000 n=10)   533.9Mi ±  0%   -0.66% (p=0.000 n=10)   536.3Mi ±  0%   -0.21% (p=0.000 n=10)
Search/GraphitePaths/VariableTimeRange/1d-8                 36.01Mi ± 0%   36.07Mi ±  0%        ~ (p=0.315 n=10)   35.78Mi ±  0%   -0.63% (p=0.000 n=10)   36.22Mi ±  0%   +0.58% (p=0.001 n=10)
Search/GraphitePaths/VariableTimeRange/1w-8                 37.87Mi ± 0%   37.87Mi ±  0%        ~ (p=0.481 n=10)   37.69Mi ±  0%   -0.48% (p=0.000 n=10)   38.11Mi ±  0%   +0.61% (p=0.000 n=10)
Search/GraphitePaths/VariableTimeRange/1m-8                 29.16Mi ± 0%   29.11Mi ±  0%        ~ (p=0.353 n=10)   29.56Mi ±  0%   +1.39% (p=0.000 n=10)   29.08Mi ±  0%   -0.28% (p=0.015 n=10)
Search/GraphitePaths/VariableTimeRange/2m-8                 36.36Mi ± 1%   36.25Mi ±  1%   -0.29% (p=0.007 n=10)   32.43Mi ±  0%  -10.80% (p=0.000 n=10)   29.32Mi ±  0%  -19.35% (p=0.000 n=10)
Search/GraphitePaths/VariableTimeRange/6m-8                 29.17Mi ± 0%   29.18Mi ±  0%        ~ (p=0.684 n=10)   31.49Mi ±  0%   +7.93% (p=0.000 n=10)   33.88Mi ±  0%  +16.12% (p=0.000 n=10)
geomean                                                     7.779Mi        7.830Mi         +0.66%                  8.021Mi         -0.46%                  7.537Mi         -3.12%

                                                     │ v1.127.0-CurrOnly │          pt-index-CurrOnly          │           pt-index-CurrPt           │           pt-index-PtOnly           │
                                                     │     allocs/op     │  allocs/op   vs base                │  allocs/op   vs base                │  allocs/op   vs base                │
Search/Data/VariableSeries/100-8                              244.0 ± 0%    258.5 ± 0%   +5.94% (p=0.000 n=10)    274.0 ± 0%  +12.30% (p=0.000 n=10)    259.0 ± 0%   +6.15% (p=0.000 n=10)
Search/Data/VariableSeries/1000-8                            2.050k ± 0%   2.066k ± 0%   +0.76% (p=0.000 n=10)   2.085k ± 0%   +1.71% (p=0.000 n=10)   2.072k ± 0%   +1.10% (p=0.000 n=10)
Search/Data/VariableSeries/10000-8                           20.10k ± 0%   20.28k ± 0%   +0.90% (p=0.000 n=10)   20.21k ± 0%   +0.57% (p=0.000 n=10)   20.11k ± 0%   +0.05% (p=0.000 n=10)
Search/Data/VariableSeries/100000-8                          201.6k ± 0%   202.9k ± 0%   +0.60% (p=0.000 n=10)   201.7k ± 0%        ~ (p=0.342 n=10)   201.8k ± 0%        ~ (p=0.210 n=10)
Search/Data/VariableSeries/1000000-8                         2.041M ± 0%   2.051M ± 1%   +0.49% (p=0.029 n=10)   2.040M ± 0%   -0.02% (p=0.000 n=10)   2.040M ± 0%   -0.02% (p=0.015 n=10)
Search/Data/VariableTimeRange/1d-8                           202.0k ± 0%   203.7k ± 4%   +0.83% (p=0.001 n=10)   201.7k ± 1%        ~ (p=0.137 n=10)   201.6k ± 0%   -0.19% (p=0.000 n=10)
Search/Data/VariableTimeRange/1w-8                           202.1k ± 0%   205.8k ± 1%   +1.87% (p=0.000 n=10)   201.7k ± 0%   -0.16% (p=0.000 n=10)   205.5k ± 0%   +1.69% (p=0.001 n=10)
Search/Data/VariableTimeRange/1m-8                           202.3k ± 0%   203.5k ± 0%   +0.59% (p=0.000 n=10)   201.8k ± 1%   -0.22% (p=0.022 n=10)   205.5k ± 0%   +1.60% (p=0.001 n=10)
Search/Data/VariableTimeRange/2m-8                           202.4k ± 0%   202.0k ± 1%        ~ (p=0.382 n=10)   201.7k ± 0%   -0.31% (p=0.005 n=10)   206.1k ± 0%   +1.85% (p=0.000 n=10)
Search/Data/VariableTimeRange/6m-8                           202.3k ± 0%   204.9k ± 0%   +1.28% (p=0.000 n=10)   202.0k ± 0%        ~ (p=0.469 n=10)   205.6k ± 2%   +1.65% (p=0.006 n=10)
Search/MetricNames/VariableSeries/100-8                       135.0 ± 0%    145.0 ± 0%   +7.41% (p=0.000 n=10)    150.0 ± 1%  +11.11% (p=0.000 n=10)    146.0 ± 0%   +8.15% (p=0.000 n=10)
Search/MetricNames/VariableSeries/1000-8                     1.041k ± 0%   1.053k ± 0%   +1.15% (p=0.000 n=10)   1.062k ± 0%   +2.02% (p=0.000 n=10)   1.059k ± 0%   +1.73% (p=0.000 n=10)
Search/MetricNames/VariableSeries/10000-8                    10.07k ± 0%   10.11k ± 0%   +0.34% (p=0.000 n=10)   10.12k ± 0%   +0.42% (p=0.000 n=10)   10.09k ± 0%   +0.11% (p=0.000 n=10)
Search/MetricNames/VariableSeries/100000-8                   100.5k ± 0%   101.0k ± 0%   +0.45% (p=0.000 n=10)   100.5k ± 0%   -0.03% (p=0.000 n=10)   100.6k ± 0%   +0.04% (p=0.000 n=10)
Search/MetricNames/VariableSeries/1000000-8                  1.020M ± 0%   1.020M ± 0%        ~ (p=0.424 n=10)   1.020M ± 1%        ~ (p=0.481 n=10)   1.020M ± 0%   +0.00% (p=0.005 n=10)
Search/MetricNames/VariableTimeRange/1d-8                    100.6k ± 0%   101.0k ± 0%   +0.43% (p=0.000 n=10)   101.2k ± 0%   +0.60% (p=0.000 n=10)   100.5k ± 0%   -0.02% (p=0.022 n=10)
Search/MetricNames/VariableTimeRange/1w-8                    100.6k ± 0%   101.0k ± 0%   +0.48% (p=0.000 n=10)   100.9k ± 0%   +0.38% (p=0.000 n=10)   100.6k ± 0%        ~ (p=0.640 n=10)
Search/MetricNames/VariableTimeRange/1m-8                    100.5k ± 0%   101.1k ± 0%   +0.53% (p=0.000 n=10)   100.5k ± 0%        ~ (p=0.240 n=10)   100.5k ± 1%        ~ (p=0.838 n=10)
Search/MetricNames/VariableTimeRange/2m-8                    100.7k ± 0%   101.5k ± 1%   +0.84% (p=0.000 n=10)   100.5k ± 0%   -0.16% (p=0.000 n=10)   101.9k ± 0%   +1.23% (p=0.000 n=10)
Search/MetricNames/VariableTimeRange/6m-8                    100.5k ± 0%   101.4k ± 1%   +0.83% (p=0.000 n=10)   100.6k ± 0%   +0.04% (p=0.000 n=10)   101.2k ± 1%   +0.69% (p=0.010 n=10)
Search/LabelNames/VariableSeries/100-8                        169.0 ± 0%    188.0 ± 1%  +11.24% (p=0.000 n=10)    204.0 ± 0%  +20.71% (p=0.000 n=10)    188.0 ± 0%  +11.24% (p=0.000 n=10)
Search/LabelNames/VariableSeries/1000-8                      1.096k ± 0%   1.116k ± 0%   +1.82% (p=0.000 n=10)   1.147k ± 0%   +4.61% (p=0.000 n=10)   1.126k ± 0%   +2.74% (p=0.000 n=10)
Search/LabelNames/VariableSeries/10000-8                     10.25k ± 0%   10.28k ± 1%   +0.28% (p=0.000 n=10)   10.31k ± 0%   +0.52% (p=0.000 n=10)   10.37k ± 0%   +1.15% (p=0.000 n=10)
Search/LabelNames/VariableSeries/100000-8                    101.4k ± 0%   102.0k ± 1%   +0.55% (p=0.001 n=10)   101.7k ± 0%   +0.25% (p=0.006 n=10)   101.4k ± 2%   +0.02% (p=0.027 n=10)
Search/LabelNames/VariableSeries/1000000-8                   1.021M ± 0%   1.021M ± 1%        ~ (p=0.165 n=10)   1.021M ± 0%   -0.02% (p=0.023 n=10)   1.021M ± 0%        ~ (p=0.796 n=10)
Search/LabelNames/VariableTimeRange/1d-8                     101.4k ± 0%   101.5k ± 0%   +0.07% (p=0.000 n=10)   101.6k ± 0%   +0.20% (p=0.000 n=10)   101.4k ± 0%   +0.02% (p=0.000 n=10)
Search/LabelNames/VariableTimeRange/1w-8                     101.7k ± 0%   102.1k ± 0%   +0.40% (p=0.000 n=10)   101.8k ± 0%   +0.09% (p=0.001 n=10)   101.8k ± 0%   +0.05% (p=0.022 n=10)
Search/LabelNames/VariableTimeRange/1m-8                     100.8k ± 0%   101.3k ± 0%   +0.48% (p=0.000 n=10)   100.9k ± 0%   +0.08% (p=0.000 n=10)   100.9k ± 0%   +0.05% (p=0.000 n=10)
Search/LabelNames/VariableTimeRange/2m-8                     102.2k ± 0%   102.6k ± 0%   +0.36% (p=0.000 n=10)   101.8k ± 1%   -0.46% (p=0.022 n=10)   102.5k ± 1%   +0.29% (p=0.022 n=10)
Search/LabelNames/VariableTimeRange/6m-8                     100.8k ± 0%   101.6k ± 0%   +0.71% (p=0.000 n=10)   101.0k ± 1%   +0.18% (p=0.000 n=10)   101.1k ± 0%   +0.27% (p=0.000 n=10)
Search/LabelValues/VariableSeries/100-8                       173.0 ± 0%    194.0 ± 1%  +12.14% (p=0.000 n=10)    208.0 ± 0%  +20.23% (p=0.000 n=10)    193.0 ± 1%  +11.56% (p=0.000 n=10)
Search/LabelValues/VariableSeries/1000-8                     1.100k ± 0%   1.123k ± 0%   +2.05% (p=0.000 n=10)   1.157k ± 0%   +5.18% (p=0.000 n=10)   1.131k ± 0%   +2.77% (p=0.000 n=10)
Search/LabelValues/VariableSeries/10000-8                    10.26k ± 0%   10.30k ± 0%   +0.41% (p=0.000 n=10)   10.38k ± 0%   +1.16% (p=0.000 n=10)   10.38k ± 0%   +1.23% (p=0.000 n=10)
Search/LabelValues/VariableSeries/100000-8                   101.6k ± 0%   102.4k ± 1%   +0.81% (p=0.001 n=10)   101.5k ± 0%        ~ (p=1.000 n=10)   103.2k ± 0%   +1.64% (p=0.000 n=10)
Search/LabelValues/VariableSeries/1000000-8                  1.021M ± 0%   1.026M ± 1%        ~ (p=0.382 n=10)   1.021M ± 0%   -0.02% (p=0.001 n=10)   1.021M ± 0%        ~ (p=0.306 n=10)
Search/LabelValues/VariableTimeRange/1d-8                    101.6k ± 0%   101.9k ± 0%   +0.33% (p=0.022 n=10)   101.5k ± 0%   -0.14% (p=0.001 n=10)   103.2k ± 2%   +1.56% (p=0.022 n=10)
Search/LabelValues/VariableTimeRange/1w-8                    101.8k ± 0%   102.1k ± 0%   +0.30% (p=0.000 n=10)   102.3k ± 0%   +0.45% (p=0.001 n=10)   102.9k ± 0%   +1.04% (p=0.000 n=10)
Search/LabelValues/VariableTimeRange/1m-8                    101.0k ± 0%   101.3k ± 0%   +0.31% (p=0.000 n=10)   101.4k ± 0%   +0.45% (p=0.000 n=10)   100.9k ± 0%        ~ (p=0.135 n=10)
Search/LabelValues/VariableTimeRange/2m-8                    102.2k ± 0%   102.6k ± 0%   +0.35% (p=0.000 n=10)   101.9k ± 0%   -0.32% (p=0.000 n=10)   101.2k ± 0%   -0.94% (p=0.000 n=10)
Search/LabelValues/VariableTimeRange/6m-8                    100.8k ± 0%   101.5k ± 0%   +0.68% (p=0.000 n=10)   101.0k ± 1%   +0.18% (p=0.000 n=10)   101.1k ± 0%   +0.27% (p=0.000 n=10)
Search/TagValueSuffixes/VariableSeries/100-8                  158.0 ± 0%    174.0 ± 0%  +10.13% (p=0.000 n=10)    187.0 ± 0%  +18.35% (p=0.000 n=10)    174.0 ± 0%  +10.13% (p=0.000 n=10)
Search/TagValueSuffixes/VariableSeries/1000-8                1.085k ± 0%   1.102k ± 0%   +1.57% (p=0.000 n=10)   1.135k ± 0%   +4.61% (p=0.000 n=10)   1.110k ± 0%   +2.30% (p=0.000 n=10)
Search/TagValueSuffixes/VariableSeries/10000-8               10.24k ± 0%   10.32k ± 0%   +0.75% (p=0.000 n=10)   10.28k ± 0%   +0.34% (p=0.000 n=10)   10.36k ± 0%   +1.17% (p=0.000 n=10)
Search/TagValueSuffixes/VariableSeries/100000-8              101.4k ± 0%   101.9k ± 0%   +0.51% (p=0.000 n=10)   101.4k ± 0%   +0.05% (p=0.000 n=10)   102.8k ± 0%   +1.42% (p=0.000 n=10)
Search/TagValueSuffixes/VariableSeries/1000000-8             1.021M ± 0%   1.021M ± 1%        ~ (p=0.060 n=10)   1.021M ± 0%   -0.03% (p=0.005 n=10)   1.021M ± 0%        ~ (p=0.579 n=10)
Search/TagValueSuffixes/VariableTimeRange/1d-8               101.5k ± 0%   101.9k ± 0%   +0.36% (p=0.001 n=10)   101.8k ± 0%   +0.25% (p=0.021 n=10)   103.1k ± 0%   +1.56% (p=0.000 n=10)
Search/TagValueSuffixes/VariableTimeRange/1w-8               101.8k ± 0%   102.0k ± 0%   +0.24% (p=0.000 n=10)   102.2k ± 0%   +0.41% (p=0.001 n=10)   102.7k ± 0%   +0.97% (p=0.000 n=10)
Search/TagValueSuffixes/VariableTimeRange/1m-8               100.9k ± 0%   101.2k ± 0%   +0.30% (p=0.001 n=10)   101.4k ± 0%   +0.43% (p=0.000 n=10)   101.8k ± 0%   +0.82% (p=0.000 n=10)
Search/TagValueSuffixes/VariableTimeRange/2m-8               102.1k ± 0%   102.3k ± 0%   +0.21% (p=0.000 n=10)   101.7k ± 0%   -0.41% (p=0.000 n=10)   101.1k ± 1%        ~ (p=0.469 n=10)
Search/TagValueSuffixes/VariableTimeRange/6m-8               100.9k ± 0%   101.5k ± 0%   +0.62% (p=0.000 n=10)   101.0k ± 0%   +0.12% (p=0.000 n=10)   101.1k ± 0%   +0.21% (p=0.000 n=10)
Search/GraphitePaths/VariableSeries/100-8                     316.0 ± 0%    335.0 ± 0%   +6.01% (p=0.000 n=10)    394.0 ± 0%  +24.68% (p=0.000 n=10)    337.0 ± 0%   +6.65% (p=0.000 n=10)
Search/GraphitePaths/VariableSeries/1000-8                   2.167k ± 0%   2.190k ± 0%   +1.06% (p=0.000 n=10)   2.281k ± 0%   +5.26% (p=0.000 n=10)   2.208k ± 0%   +1.89% (p=0.000 n=10)
Search/GraphitePaths/VariableSeries/10000-8                  20.43k ± 0%   20.63k ± 0%   +0.96% (p=0.000 n=10)   20.54k ± 0%   +0.53% (p=0.000 n=10)   20.71k ± 0%   +1.40% (p=0.000 n=10)
Search/GraphitePaths/VariableSeries/100000-8                 202.5k ± 0%   203.9k ± 0%   +0.68% (p=0.000 n=10)   202.6k ± 0%   +0.05% (p=0.000 n=10)   202.5k ± 2%   +0.00% (p=0.002 n=10)
Search/GraphitePaths/VariableSeries/1000000-8                2.038M ± 0%   2.048M ± 0%   +0.50% (p=0.002 n=10)   2.037M ± 0%   -0.02% (p=0.000 n=10)   2.037M ± 0%   -0.01% (p=0.000 n=10)
Search/GraphitePaths/VariableTimeRange/1d-8                  202.9k ± 0%   203.8k ± 0%   +0.45% (p=0.000 n=10)   204.0k ± 0%   +0.52% (p=0.001 n=10)   206.8k ± 2%   +1.93% (p=0.014 n=10)
Search/GraphitePaths/VariableTimeRange/1w-8                  203.2k ± 0%   204.0k ± 0%   +0.38% (p=0.000 n=10)   204.1k ± 1%        ~ (p=0.138 n=10)   206.7k ± 0%   +1.72% (p=0.000 n=10)
Search/GraphitePaths/VariableTimeRange/1m-8                  202.3k ± 0%   203.1k ± 0%   +0.41% (p=0.000 n=10)   202.2k ± 0%   -0.08% (p=0.000 n=10)   203.9k ± 0%   +0.80% (p=0.000 n=10)
Search/GraphitePaths/VariableTimeRange/2m-8                  203.8k ± 0%   204.4k ± 0%   +0.30% (p=0.000 n=10)   204.1k ± 0%   +0.14% (p=0.001 n=10)   206.0k ± 0%   +1.10% (p=0.000 n=10)
Search/GraphitePaths/VariableTimeRange/6m-8                  202.3k ± 0%   203.9k ± 1%   +0.81% (p=0.005 n=10)   203.6k ± 1%   +0.66% (p=0.000 n=10)   202.7k ± 1%   +0.21% (p=0.000 n=10)
geomean                                                      42.28k        42.87k        +1.39%                  43.44k        +2.16%                  42.93k        +1.53%
