goos: linux
goarch: amd64
pkg: github.com/VictoriaMetrics/VictoriaMetrics/lib/storage
cpu: AMD EPYC 7B12
                                                     │ v1.127.0-CurrOnly │          pt-index-CurrOnly           │            pt-index-CurrPt            │            pt-index-PtOnly            │
                                                     │      sec/op       │    sec/op     vs base                │    sec/op      vs base                │    sec/op      vs base                │
Search/Data/VariableSeries/100-8                            82.00µ ±  3%    99.95µ ± 2%  +21.90% (p=0.000 n=20)   130.59µ ±  2%  +59.26% (p=0.000 n=20)    91.73µ ±  2%  +11.87% (p=0.000 n=20)
Search/Data/VariableSeries/1000-8                           601.0µ ±  1%    637.0µ ± 1%   +6.00% (p=0.000 n=20)    867.1µ ±  3%  +44.28% (p=0.000 n=20)    640.6µ ±  1%   +6.60% (p=0.000 n=20)
Search/Data/VariableSeries/10000-8                          7.756m ±  4%    8.497m ± 2%   +9.56% (p=0.000 n=20)    8.825m ±  2%  +13.79% (p=0.000 n=20)    7.745m ±  2%        ~ (p=1.000 n=20)
Search/Data/VariableSeries/100000-8                         117.1m ±  2%    127.6m ± 3%   +8.99% (p=0.000 n=20)    119.4m ±  2%        ~ (p=0.114 n=20)    118.9m ±  4%        ~ (p=0.478 n=20)
Search/Data/VariableSeries/1000000-8                         4.837 ±  5%     4.135 ± 4%  -14.51% (p=0.000 n=20)     4.673 ±  6%   -3.39% (p=0.046 n=20)     4.802 ± 26%        ~ (p=0.659 n=20)
Search/Data/VariableTimeRange/1d-8                          132.9m ±  3%    121.1m ± 4%   -8.87% (p=0.000 n=20)    120.4m ±  5%   -9.37% (p=0.000 n=20)    129.0m ±  9%        ~ (p=0.134 n=20)
Search/Data/VariableTimeRange/1w-8                          118.7m ±  2%    120.4m ± 5%        ~ (p=0.201 n=20)    119.6m ±  7%        ~ (p=0.192 n=20)    119.3m ±  2%        ~ (p=0.565 n=20)
Search/Data/VariableTimeRange/1m-8                          133.3m ±  2%    133.4m ± 3%        ~ (p=0.429 n=20)    127.2m ±  1%   -4.61% (p=0.000 n=20)    129.1m ±  7%   -3.13% (p=0.001 n=20)
Search/Data/VariableTimeRange/2m-8                          115.8m ±  2%    119.6m ± 8%   +3.25% (p=0.001 n=20)    125.5m ±  5%   +8.38% (p=0.000 n=20)    116.8m ±  2%        ~ (p=0.102 n=20)
Search/Data/VariableTimeRange/6m-8                          137.1m ±  2%    148.8m ± 2%   +8.58% (p=0.000 n=20)    146.0m ±  6%   +6.52% (p=0.038 n=20)    119.0m ±  6%  -13.15% (p=0.000 n=20)
Search/MetricNames/VariableSeries/100-8                     37.50µ ±  5%    42.92µ ± 2%  +14.47% (p=0.000 n=20)    51.82µ ±  3%  +38.20% (p=0.000 n=20)    45.64µ ±  2%  +21.71% (p=0.000 n=20)
Search/MetricNames/VariableSeries/1000-8                    252.7µ ±  1%    265.3µ ± 1%   +4.96% (p=0.000 n=20)    241.9µ ±  3%   -4.30% (p=0.000 n=20)    269.9µ ±  3%   +6.80% (p=0.000 n=20)
Search/MetricNames/VariableSeries/10000-8                   2.618m ±  3%    2.773m ± 3%   +5.90% (p=0.000 n=20)    2.285m ±  2%  -12.72% (p=0.000 n=20)    2.605m ±  3%        ~ (p=0.968 n=20)
Search/MetricNames/VariableSeries/100000-8                  47.69m ±  5%    45.18m ± 4%   -5.26% (p=0.024 n=20)    35.24m ±  5%  -26.10% (p=0.000 n=20)    39.85m ±  7%  -16.43% (p=0.000 n=20)
Search/MetricNames/VariableSeries/1000000-8                1265.1m ±  3%   1143.6m ± 4%   -9.60% (p=0.000 n=20)    878.1m ± 19%  -30.59% (p=0.000 n=20)   1327.0m ± 22%   +4.89% (p=0.049 n=20)
Search/MetricNames/VariableTimeRange/1d-8                   48.42m ± 11%    42.61m ± 5%  -12.00% (p=0.000 n=20)    33.65m ±  5%  -30.50% (p=0.000 n=20)    46.79m ±  3%        ~ (p=0.142 n=20)
Search/MetricNames/VariableTimeRange/1w-8                   50.35m ±  4%    40.79m ± 4%  -18.98% (p=0.000 n=20)    34.90m ±  3%  -30.69% (p=0.000 n=20)    49.62m ±  6%        ~ (p=0.529 n=20)
Search/MetricNames/VariableTimeRange/1m-8                   50.13m ±  4%    41.87m ± 4%  -16.48% (p=0.000 n=20)    34.57m ±  4%  -31.04% (p=0.000 n=20)    33.10m ±  7%  -33.98% (p=0.000 n=20)
Search/MetricNames/VariableTimeRange/2m-8                   47.91m ±  6%    40.15m ± 5%  -16.21% (p=0.000 n=20)    35.26m ±  2%  -26.41% (p=0.000 n=20)    41.44m ±  5%  -13.51% (p=0.000 n=20)
Search/MetricNames/VariableTimeRange/6m-8                   47.53m ±  8%    41.83m ± 5%  -11.99% (p=0.002 n=20)    29.88m ±  4%  -37.14% (p=0.000 n=20)    24.56m ±  3%  -48.33% (p=0.000 n=20)
Search/LabelNames/VariableSeries/100-8                      67.84µ ±  3%    66.79µ ± 3%        ~ (p=0.414 n=20)    76.38µ ±  2%  +12.57% (p=0.000 n=20)    67.67µ ±  3%        ~ (p=0.565 n=20)
Search/LabelNames/VariableSeries/1000-8                     441.4µ ±  1%    416.6µ ± 0%   -5.64% (p=0.000 n=20)    374.4µ ±  1%  -15.18% (p=0.000 n=20)    428.8µ ±  0%   -2.86% (p=0.000 n=20)
Search/LabelNames/VariableSeries/10000-8                    4.282m ±  1%    4.083m ± 1%   -4.65% (p=0.000 n=20)    3.006m ±  1%  -29.79% (p=0.000 n=20)    4.085m ±  0%   -4.61% (p=0.000 n=20)
Search/LabelNames/VariableSeries/100000-8                   60.78m ±  6%    55.99m ± 4%   -7.88% (p=0.026 n=20)    38.42m ±  3%  -36.79% (p=0.000 n=20)    59.12m ±  8%        ~ (p=0.841 n=20)
Search/LabelNames/VariableSeries/1000000-8                   1.889 ±  4%     1.785 ± 4%   -5.47% (p=0.004 n=20)     1.104 ±  6%  -41.58% (p=0.000 n=20)     1.857 ± 19%        ~ (p=0.583 n=20)
Search/LabelNames/VariableTimeRange/1d-8                   107.09m ± 18%    59.67m ± 6%  -44.28% (p=0.000 n=20)    36.62m ±  3%  -65.80% (p=0.000 n=20)    65.62m ± 12%  -38.73% (p=0.000 n=20)
Search/LabelNames/VariableTimeRange/1w-8                    43.94m ± 13%    39.49m ± 6%        ~ (p=0.052 n=20)    28.09m ±  2%  -36.06% (p=0.000 n=20)    42.18m ±  5%        ~ (p=0.640 n=20)
Search/LabelNames/VariableTimeRange/1m-8                    39.30m ±  6%    40.98m ± 5%        ~ (p=0.072 n=20)    29.30m ±  5%  -25.43% (p=0.000 n=20)    28.93m ±  3%  -26.38% (p=0.000 n=20)
Search/LabelNames/VariableTimeRange/2m-8                    38.45m ±  5%    36.64m ± 4%        ~ (p=0.086 n=20)    27.98m ±  3%  -27.22% (p=0.000 n=20)    39.97m ±  3%   +3.97% (p=0.010 n=20)
Search/LabelNames/VariableTimeRange/6m-8                    40.45m ±  4%    40.23m ± 5%        ~ (p=0.862 n=20)    25.05m ±  3%  -38.07% (p=0.000 n=20)    21.89m ±  3%  -45.88% (p=0.000 n=20)
Search/LabelValues/VariableSeries/100-8                     61.59µ ±  3%    62.72µ ± 2%   +1.83% (p=0.002 n=20)    68.46µ ±  1%  +11.16% (p=0.000 n=20)    75.14µ ±  2%  +22.00% (p=0.000 n=20)
Search/LabelValues/VariableSeries/1000-8                    426.8µ ±  2%    420.1µ ± 1%   -1.56% (p=0.026 n=20)    355.2µ ±  1%  -16.77% (p=0.000 n=20)    452.0µ ±  1%   +5.90% (p=0.000 n=20)
Search/LabelValues/VariableSeries/10000-8                   4.218m ±  1%    4.119m ± 1%   -2.35% (p=0.000 n=20)    2.853m ±  1%  -32.37% (p=0.000 n=20)    4.316m ±  1%   +2.32% (p=0.001 n=20)
Search/LabelValues/VariableSeries/100000-8                  60.41m ±  8%    58.89m ± 5%        ~ (p=0.157 n=20)    37.06m ±  3%  -38.66% (p=0.000 n=20)    56.79m ±  6%   -5.99% (p=0.003 n=20)
Search/LabelValues/VariableSeries/1000000-8                  1.865 ±  4%     1.858 ± 4%        ~ (p=0.820 n=20)     1.105 ±  3%  -40.74% (p=0.000 n=20)     1.877 ±  4%        ~ (p=0.738 n=20)
Search/LabelValues/VariableTimeRange/1d-8                  113.45m ± 14%    58.03m ± 5%  -48.85% (p=0.000 n=20)    35.81m ±  4%  -68.43% (p=0.000 n=20)    58.48m ± 12%  -48.46% (p=0.000 n=20)
Search/LabelValues/VariableTimeRange/1w-8                   39.87m ± 70%    40.33m ± 5%        ~ (p=0.565 n=20)    26.78m ±  3%  -32.82% (p=0.000 n=20)    37.59m ±  3%   -5.70% (p=0.007 n=20)
Search/LabelValues/VariableTimeRange/1m-8                   44.64m ±  5%    41.41m ± 3%   -7.25% (p=0.004 n=20)    28.87m ±  5%  -35.34% (p=0.000 n=20)    32.20m ±  3%  -27.87% (p=0.000 n=20)
Search/LabelValues/VariableTimeRange/2m-8                   38.94m ±  6%    37.89m ± 4%        ~ (p=0.398 n=20)    29.07m ±  2%  -25.35% (p=0.000 n=20)    40.29m ±  2%        ~ (p=0.201 n=20)
Search/LabelValues/VariableTimeRange/6m-8                   38.77m ±  3%    40.64m ± 3%   +4.83% (p=0.040 n=20)    25.16m ±  2%  -35.11% (p=0.000 n=20)    24.15m ±  6%  -37.71% (p=0.000 n=20)
Search/TagValueSuffixes/VariableSeries/100-8                56.36µ ±  3%    57.42µ ± 1%        ~ (p=0.096 n=20)    61.13µ ±  2%   +8.48% (p=0.000 n=20)    61.08µ ±  2%   +8.38% (p=0.000 n=20)
Search/TagValueSuffixes/VariableSeries/1000-8               380.9µ ±  1%    401.2µ ± 1%   +5.33% (p=0.000 n=20)    337.8µ ±  1%  -11.30% (p=0.000 n=20)    412.3µ ±  1%   +8.27% (p=0.000 n=20)
Search/TagValueSuffixes/VariableSeries/10000-8              3.699m ±  1%    3.911m ± 1%   +5.71% (p=0.000 n=20)    2.753m ±  1%  -25.58% (p=0.000 n=20)    3.975m ±  1%   +7.44% (p=0.000 n=20)
Search/TagValueSuffixes/VariableSeries/100000-8             52.62m ±  7%    53.27m ± 4%        ~ (p=0.461 n=20)    34.14m ±  3%  -35.11% (p=0.000 n=20)    52.27m ±  3%        ~ (p=0.583 n=20)
Search/TagValueSuffixes/VariableSeries/1000000-8           1795.5m ±  3%   1668.3m ± 7%   -7.08% (p=0.006 n=20)    996.8m ±  4%  -44.48% (p=0.000 n=20)   1815.4m ±  4%        ~ (p=0.718 n=20)
Search/TagValueSuffixes/VariableTimeRange/1d-8              55.55m ±  5%    53.46m ± 3%        ~ (p=0.174 n=20)    33.91m ±  3%  -38.96% (p=0.000 n=20)    54.37m ±  3%        ~ (p=0.157 n=20)
Search/TagValueSuffixes/VariableTimeRange/1w-8              36.31m ±  3%    36.22m ± 3%        ~ (p=0.341 n=20)    25.26m ±  2%  -30.44% (p=0.000 n=20)    34.22m ±  3%   -5.77% (p=0.000 n=20)
Search/TagValueSuffixes/VariableTimeRange/1m-8              35.50m ±  4%    36.92m ± 4%   +4.00% (p=0.038 n=20)    25.98m ±  4%  -26.82% (p=0.000 n=20)    27.21m ±  4%  -23.36% (p=0.000 n=20)
Search/TagValueSuffixes/VariableTimeRange/2m-8              32.54m ±  4%    33.50m ± 2%   +2.93% (p=0.030 n=20)    26.58m ±  2%  -18.32% (p=0.000 n=20)    36.31m ±  5%  +11.57% (p=0.000 n=20)
Search/TagValueSuffixes/VariableTimeRange/6m-8              34.67m ±  7%    35.99m ± 5%        ~ (p=0.165 n=20)    23.60m ±  3%  -31.93% (p=0.000 n=20)    20.64m ±  8%  -40.48% (p=0.000 n=20)
Search/GraphitePaths/VariableSeries/100-8                   126.9µ ±  2%    129.6µ ± 3%   +2.20% (p=0.023 n=20)    124.1µ ±  2%   -2.16% (p=0.015 n=20)    139.2µ ±  2%   +9.74% (p=0.000 n=20)
Search/GraphitePaths/VariableSeries/1000-8                  978.4µ ±  1%    967.4µ ± 0%   -1.12% (p=0.000 n=20)    620.7µ ±  1%  -36.57% (p=0.000 n=20)    949.3µ ±  1%   -2.97% (p=0.000 n=20)
Search/GraphitePaths/VariableSeries/10000-8                 9.299m ±  1%    9.705m ± 1%   +4.36% (p=0.000 n=20)    5.595m ±  1%  -39.84% (p=0.000 n=20)    9.277m ±  1%        ~ (p=0.231 n=20)
Search/GraphitePaths/VariableSeries/100000-8               125.17m ±  7%   127.92m ± 4%        ~ (p=0.841 n=20)    68.89m ±  2%  -44.96% (p=0.000 n=20)   129.35m ±  3%        ~ (p=0.512 n=20)
Search/GraphitePaths/VariableSeries/1000000-8                3.687 ±  5%     3.599 ± 1%   -2.37% (p=0.007 n=20)     1.903 ±  3%  -48.37% (p=0.000 n=20)     3.718 ±  2%        ~ (p=0.862 n=20)
Search/GraphitePaths/VariableTimeRange/1d-8                127.33m ±  7%   130.58m ± 3%        ~ (p=0.414 n=20)    69.38m ±  2%  -45.51% (p=0.000 n=20)   127.66m ±  4%        ~ (p=0.242 n=20)
Search/GraphitePaths/VariableTimeRange/1w-8                119.23m ±  7%   113.57m ± 6%   -4.75% (p=0.000 n=20)    62.73m ±  4%  -47.39% (p=0.000 n=20)   114.69m ±  3%   -3.81% (p=0.005 n=20)
Search/GraphitePaths/VariableTimeRange/1m-8                120.68m ± 12%   116.17m ± 3%        ~ (p=0.121 n=20)    60.63m ±  4%  -49.76% (p=0.000 n=20)    64.99m ±  5%  -46.15% (p=0.000 n=20)
Search/GraphitePaths/VariableTimeRange/2m-8                111.51m ±  7%   110.95m ± 4%        ~ (p=0.947 n=20)    63.26m ±  3%  -43.27% (p=0.000 n=20)   112.49m ±  4%        ~ (p=0.659 n=20)
Search/GraphitePaths/VariableTimeRange/6m-8                111.69m ±  4%   119.25m ± 6%        ~ (p=0.076 n=20)    59.81m ±  3%  -46.46% (p=0.000 n=20)    39.83m ±  2%  -64.34% (p=0.000 n=20)
geomean                                                     22.01m          21.30m        -3.23%                   15.75m        -26.08%                   19.90m         -9.58%

                                                     │ v1.127.0-CurrOnly │          pt-index-CurrOnly           │           pt-index-CurrPt            │            pt-index-PtOnly            │
                                                     │       B/op        │     B/op      vs base                │     B/op      vs base                │     B/op       vs base                │
Search/Data/VariableSeries/100-8                           34.99Ki ±  0%   35.55Ki ± 0%   +1.60% (p=0.000 n=20)   37.97Ki ± 0%   +8.53% (p=0.000 n=20)   33.96Ki ±  0%   -2.93% (p=0.000 n=20)
Search/Data/VariableSeries/1000-8                          331.3Ki ±  0%   331.8Ki ± 0%   +0.16% (p=0.000 n=20)   349.4Ki ± 0%   +5.47% (p=0.000 n=20)   316.6Ki ±  0%   -4.43% (p=0.000 n=20)
Search/Data/VariableSeries/10000-8                         3.250Mi ±  0%   3.263Mi ± 0%   +0.39% (p=0.000 n=20)   3.424Mi ± 0%   +5.34% (p=0.000 n=20)   3.101Mi ±  0%   -4.61% (p=0.000 n=20)
Search/Data/VariableSeries/100000-8                        37.15Mi ±  0%   37.83Mi ± 0%   +1.84% (p=0.000 n=20)   38.76Mi ± 0%   +4.35% (p=0.000 n=20)   35.56Mi ±  0%   -4.27% (p=0.000 n=20)
Search/Data/VariableSeries/1000000-8                       726.1Mi ± 11%   644.1Mi ± 0%  -11.30% (p=0.000 n=20)   658.3Mi ± 0%        ~ (p=0.602 n=20)   627.9Mi ± 10%  -13.53% (p=0.000 n=20)
Search/Data/VariableTimeRange/1d-8                         37.77Mi ±  0%   37.25Mi ± 1%   -1.39% (p=0.038 n=20)   38.81Mi ± 2%   +2.76% (p=0.000 n=20)   36.17Mi ±  2%   -4.24% (p=0.000 n=20)
Search/Data/VariableTimeRange/1w-8                         37.36Mi ±  0%   37.40Mi ± 2%        ~ (p=0.121 n=20)   39.01Mi ± 2%   +4.43% (p=0.000 n=20)   35.79Mi ±  0%   -4.20% (p=0.000 n=20)
Search/Data/VariableTimeRange/1m-8                         37.83Mi ±  0%   37.89Mi ± 0%   +0.16% (p=0.000 n=20)   39.80Mi ± 0%   +5.20% (p=0.000 n=20)   39.26Mi ±  2%   +3.79% (p=0.000 n=20)
Search/Data/VariableTimeRange/2m-8                         37.48Mi ±  0%   37.41Mi ± 2%        ~ (p=0.383 n=20)   39.55Mi ± 1%   +5.52% (p=0.000 n=20)   35.72Mi ±  0%   -4.70% (p=0.000 n=20)
Search/Data/VariableTimeRange/6m-8                         37.97Mi ±  0%   38.91Mi ± 0%   +2.49% (p=0.000 n=20)   40.91Mi ± 2%   +7.76% (p=0.000 n=20)   38.97Mi ±  2%   +2.62% (p=0.000 n=20)
Search/MetricNames/VariableSeries/100-8                    16.51Ki ±  0%   16.85Ki ± 0%   +2.08% (p=0.000 n=20)   16.21Ki ± 0%   -1.82% (p=0.000 n=20)   15.30Ki ±  0%   -7.32% (p=0.000 n=20)
Search/MetricNames/VariableSeries/1000-8                   172.5Ki ±  0%   172.9Ki ± 0%   +0.21% (p=0.000 n=20)   165.5Ki ± 0%   -4.04% (p=0.000 n=20)   157.5Ki ±  0%   -8.68% (p=0.000 n=20)
Search/MetricNames/VariableSeries/10000-8                  1.573Mi ±  0%   1.574Mi ± 0%   +0.06% (p=0.000 n=20)   1.498Mi ± 0%   -4.77% (p=0.000 n=20)   1.424Mi ±  0%   -9.49% (p=0.000 n=20)
Search/MetricNames/VariableSeries/100000-8                 15.06Mi ±  0%   15.06Mi ± 0%        ~ (p=0.678 n=20)   14.24Mi ± 0%   -5.43% (p=0.000 n=20)   13.49Mi ±  0%  -10.42% (p=0.000 n=20)
Search/MetricNames/VariableSeries/1000000-8                250.1Mi ±  0%   249.2Mi ± 0%   -0.38% (p=0.000 n=20)   225.2Mi ± 9%   -9.97% (p=0.000 n=20)   236.6Mi ±  1%   -5.40% (p=0.000 n=20)
Search/MetricNames/VariableTimeRange/1d-8                  15.09Mi ±  0%   15.04Mi ± 0%   -0.31% (p=0.011 n=20)   14.23Mi ± 0%   -5.70% (p=0.000 n=20)   13.60Mi ±  0%   -9.88% (p=0.000 n=20)
Search/MetricNames/VariableTimeRange/1w-8                  15.17Mi ±  0%   15.08Mi ± 0%   -0.57% (p=0.000 n=20)   14.33Mi ± 0%   -5.52% (p=0.000 n=20)   13.66Mi ±  0%   -9.93% (p=0.000 n=20)
Search/MetricNames/VariableTimeRange/1m-8                  15.07Mi ±  0%   15.04Mi ± 0%   -0.20% (p=0.000 n=20)   14.64Mi ± 0%   -2.88% (p=0.000 n=20)   14.24Mi ±  0%   -5.55% (p=0.000 n=20)
Search/MetricNames/VariableTimeRange/2m-8                  15.17Mi ±  0%   15.11Mi ± 0%   -0.37% (p=0.000 n=20)   14.30Mi ± 0%   -5.74% (p=0.000 n=20)   13.49Mi ±  0%  -11.08% (p=0.000 n=20)
Search/MetricNames/VariableTimeRange/6m-8                  15.05Mi ±  0%   15.06Mi ± 0%   +0.08% (p=0.003 n=20)   14.64Mi ± 0%   -2.72% (p=0.000 n=20)   14.25Mi ±  0%   -5.27% (p=0.000 n=20)
Search/LabelNames/VariableSeries/100-8                     22.26Ki ±  0%   22.84Ki ± 0%   +2.60% (p=0.000 n=20)   22.79Ki ± 0%   +2.35% (p=0.000 n=20)   22.80Ki ±  0%   +2.42% (p=0.000 n=20)
Search/LabelNames/VariableSeries/1000-8                    307.1Ki ±  0%   307.7Ki ± 0%   +0.20% (p=0.000 n=20)   307.6Ki ± 0%   +0.15% (p=0.000 n=20)   307.9Ki ±  0%   +0.27% (p=0.000 n=20)
Search/LabelNames/VariableSeries/10000-8                   2.473Mi ±  0%   2.474Mi ± 0%   +0.05% (p=0.000 n=20)   2.476Mi ± 0%   +0.13% (p=0.000 n=20)   2.475Mi ±  0%   +0.06% (p=0.000 n=20)
Search/LabelNames/VariableSeries/100000-8                  20.79Mi ±  0%   20.80Mi ± 0%        ~ (p=0.253 n=20)   20.71Mi ± 0%   -0.38% (p=0.000 n=20)   20.80Mi ±  0%        ~ (p=0.583 n=20)
Search/LabelNames/VariableSeries/1000000-8                 307.6Mi ±  0%   304.8Mi ± 0%   -0.91% (p=0.000 n=20)   305.5Mi ± 0%   -0.68% (p=0.000 n=20)   305.5Mi ±  0%   -0.69% (p=0.000 n=20)
Search/LabelNames/VariableTimeRange/1d-8                   20.97Mi ±  0%   20.80Mi ± 0%   -0.85% (p=0.000 n=20)   20.73Mi ± 0%   -1.14% (p=0.000 n=20)   20.79Mi ±  0%   -0.88% (p=0.000 n=20)
Search/LabelNames/VariableTimeRange/1w-8                   22.61Mi ±  0%   22.62Mi ± 0%        ~ (p=1.000 n=20)   22.56Mi ± 0%   -0.20% (p=0.009 n=20)   22.67Mi ±  0%   +0.29% (p=0.049 n=20)
Search/LabelNames/VariableTimeRange/1m-8                   13.99Mi ±  0%   14.01Mi ± 0%   +0.15% (p=0.001 n=20)   14.21Mi ± 0%   +1.60% (p=0.000 n=20)   14.02Mi ±  0%   +0.22% (p=0.000 n=20)
Search/LabelNames/VariableTimeRange/2m-8                   20.85Mi ±  0%   20.90Mi ± 0%        ~ (p=0.253 n=20)   17.37Mi ± 0%  -16.68% (p=0.000 n=20)   14.00Mi ±  0%  -32.84% (p=0.000 n=20)
Search/LabelNames/VariableTimeRange/6m-8                   13.98Mi ±  0%   14.03Mi ± 0%   +0.29% (p=0.000 n=20)   14.80Mi ± 0%   +5.86% (p=0.000 n=20)   15.64Mi ±  0%  +11.85% (p=0.000 n=20)
Search/LabelValues/VariableSeries/100-8                    22.38Ki ±  0%   23.00Ki ± 0%   +2.79% (p=0.000 n=20)   22.94Ki ± 0%   +2.51% (p=0.000 n=20)   23.07Ki ±  0%   +3.08% (p=0.000 n=20)
Search/LabelValues/VariableSeries/1000-8                   307.1Ki ±  0%   307.8Ki ± 0%   +0.23% (p=0.000 n=20)   308.0Ki ± 0%   +0.28% (p=0.000 n=20)   308.3Ki ±  0%   +0.38% (p=0.000 n=20)
Search/LabelValues/VariableSeries/10000-8                  2.472Mi ±  0%   2.474Mi ± 0%   +0.05% (p=0.000 n=20)   2.475Mi ± 0%   +0.12% (p=0.000 n=20)   2.479Mi ±  0%   +0.26% (p=0.000 n=20)
Search/LabelValues/VariableSeries/100000-8                 20.79Mi ±  0%   20.78Mi ± 0%        ~ (p=0.341 n=20)   20.69Mi ± 0%   -0.50% (p=0.000 n=20)   20.79Mi ±  0%        ~ (p=0.289 n=20)
Search/LabelValues/VariableSeries/1000000-8                307.2Mi ±  0%   304.6Mi ± 0%   -0.85% (p=0.000 n=20)   305.3Mi ± 0%   -0.63% (p=0.001 n=20)   305.1Mi ±  0%   -0.69% (p=0.005 n=20)
Search/LabelValues/VariableTimeRange/1d-8                  21.02Mi ±  0%   20.78Mi ± 0%   -1.15% (p=0.000 n=20)   20.70Mi ± 0%   -1.51% (p=0.000 n=20)   20.80Mi ±  0%   -1.04% (p=0.000 n=20)
Search/LabelValues/VariableTimeRange/1w-8                  22.50Mi ±  1%   22.53Mi ± 0%        ~ (p=0.620 n=20)   22.46Mi ± 0%   -0.16% (p=0.003 n=20)   22.50Mi ±  0%        ~ (p=0.758 n=20)
Search/LabelValues/VariableTimeRange/1m-8                  13.99Mi ±  0%   14.00Mi ± 0%        ~ (p=0.253 n=20)   14.18Mi ± 0%   +1.34% (p=0.000 n=20)   13.99Mi ±  0%        ~ (p=0.678 n=20)
Search/LabelValues/VariableTimeRange/2m-8                  20.63Mi ±  0%   20.67Mi ± 0%        ~ (p=0.369 n=20)   17.27Mi ± 0%  -16.31% (p=0.000 n=20)   14.06Mi ±  0%  -31.84% (p=0.000 n=20)
Search/LabelValues/VariableTimeRange/6m-8                  13.97Mi ±  0%   14.01Mi ± 0%   +0.27% (p=0.000 n=20)   14.78Mi ± 0%   +5.74% (p=0.000 n=20)   15.64Mi ±  0%  +11.94% (p=0.000 n=20)
Search/TagValueSuffixes/VariableSeries/100-8               21.35Ki ±  0%   21.90Ki ± 0%   +2.55% (p=0.000 n=20)   21.73Ki ± 0%   +1.75% (p=0.000 n=20)   21.94Ki ±  0%   +2.73% (p=0.000 n=20)
Search/TagValueSuffixes/VariableSeries/1000-8              299.1Ki ±  0%   299.7Ki ± 0%   +0.21% (p=0.000 n=20)   299.3Ki ± 0%   +0.08% (p=0.000 n=20)   300.2Ki ±  0%   +0.37% (p=0.000 n=20)
Search/TagValueSuffixes/VariableSeries/10000-8             2.396Mi ±  0%   2.399Mi ± 0%   +0.14% (p=0.000 n=20)   2.398Mi ± 0%   +0.08% (p=0.000 n=20)   2.402Mi ±  0%   +0.23% (p=0.000 n=20)
Search/TagValueSuffixes/VariableSeries/100000-8            20.00Mi ±  0%   20.01Mi ± 0%   +0.08% (p=0.014 n=20)   19.92Mi ± 0%   -0.40% (p=0.000 n=20)   19.99Mi ±  0%        ~ (p=0.620 n=20)
Search/TagValueSuffixes/VariableSeries/1000000-8           300.8Mi ±  0%   297.0Mi ± 0%   -1.24% (p=0.000 n=20)   297.4Mi ± 0%   -1.10% (p=0.000 n=20)   299.6Mi ±  0%   -0.39% (p=0.000 n=20)
Search/TagValueSuffixes/VariableTimeRange/1d-8             20.03Mi ±  0%   20.01Mi ± 0%        ~ (p=0.108 n=20)   19.94Mi ± 0%   -0.42% (p=0.000 n=20)   20.08Mi ±  0%   +0.27% (p=0.000 n=20)
Search/TagValueSuffixes/VariableTimeRange/1w-8             21.75Mi ±  0%   21.72Mi ± 0%   -0.12% (p=0.028 n=20)   21.69Mi ± 0%   -0.24% (p=0.000 n=20)   21.77Mi ±  0%        ~ (p=0.086 n=20)
Search/TagValueSuffixes/VariableTimeRange/1m-8             13.20Mi ±  0%   13.20Mi ± 0%        ~ (p=0.062 n=20)   13.39Mi ± 0%   +1.44% (p=0.000 n=20)   13.21Mi ±  0%   +0.06% (p=0.042 n=20)
Search/TagValueSuffixes/VariableTimeRange/2m-8             19.78Mi ±  0%   19.81Mi ± 0%   +0.15% (p=0.028 n=20)   16.51Mi ± 0%  -16.54% (p=0.000 n=20)   13.20Mi ±  0%  -33.24% (p=0.000 n=20)
Search/TagValueSuffixes/VariableTimeRange/6m-8             13.19Mi ±  0%   13.21Mi ± 0%   +0.16% (p=0.000 n=20)   14.00Mi ± 0%   +6.13% (p=0.000 n=20)   14.83Mi ±  0%  +12.46% (p=0.000 n=20)
Search/GraphitePaths/VariableSeries/100-8                  38.38Ki ±  0%   39.01Ki ± 0%   +1.64% (p=0.000 n=20)   39.88Ki ± 0%   +3.90% (p=0.000 n=20)   38.93Ki ±  0%   +1.42% (p=0.000 n=20)
Search/GraphitePaths/VariableSeries/1000-8                 536.7Ki ±  0%   537.6Ki ± 0%   +0.16% (p=0.000 n=20)   537.6Ki ± 0%   +0.17% (p=0.000 n=20)   538.5Ki ±  0%   +0.35% (p=0.000 n=20)
Search/GraphitePaths/VariableSeries/10000-8                4.296Mi ±  0%   4.303Mi ± 0%   +0.17% (p=0.000 n=20)   4.297Mi ± 0%   +0.02% (p=0.000 n=20)   4.297Mi ±  0%   +0.02% (p=0.038 n=20)
Search/GraphitePaths/VariableSeries/100000-8               36.01Mi ±  0%   36.09Mi ± 0%   +0.20% (p=0.007 n=20)   35.74Mi ± 0%   -0.74% (p=0.000 n=20)   36.02Mi ±  0%        ~ (p=0.512 n=20)
Search/GraphitePaths/VariableSeries/1000000-8              537.4Mi ±  0%   533.3Mi ± 0%   -0.76% (p=0.000 n=20)   533.8Mi ± 0%   -0.67% (p=0.000 n=20)   536.6Mi ±  0%   -0.15% (p=0.000 n=20)
Search/GraphitePaths/VariableTimeRange/1d-8                36.06Mi ±  0%   36.10Mi ± 0%   +0.13% (p=0.007 n=20)   35.74Mi ± 0%   -0.88% (p=0.000 n=20)   36.08Mi ±  0%        ~ (p=0.968 n=20)
Search/GraphitePaths/VariableTimeRange/1w-8                38.01Mi ±  0%   37.85Mi ± 0%   -0.42% (p=0.000 n=20)   37.64Mi ± 0%   -0.97% (p=0.000 n=20)   38.09Mi ±  0%   +0.22% (p=0.004 n=20)
Search/GraphitePaths/VariableTimeRange/1m-8                29.18Mi ±  0%   29.17Mi ± 0%        ~ (p=0.262 n=20)   29.58Mi ± 0%   +1.35% (p=0.000 n=20)   29.06Mi ±  0%   -0.43% (p=0.000 n=20)
Search/GraphitePaths/VariableTimeRange/2m-8                36.27Mi ±  0%   36.16Mi ± 0%        ~ (p=0.231 n=20)   32.37Mi ± 0%  -10.76% (p=0.000 n=20)   29.11Mi ±  0%  -19.75% (p=0.000 n=20)
Search/GraphitePaths/VariableTimeRange/6m-8                29.11Mi ±  0%   29.18Mi ± 0%   +0.24% (p=0.000 n=20)   31.44Mi ± 0%   +7.99% (p=0.000 n=20)   33.87Mi ±  0%  +16.33% (p=0.000 n=20)
geomean                                                    7.799Mi         7.799Mi        -0.00%                  8.016Mi        -0.77%                  7.534Mi         -3.41%

                                                     │ v1.127.0-CurrOnly │          pt-index-CurrOnly          │           pt-index-CurrPt           │           pt-index-PtOnly           │
                                                     │     allocs/op     │  allocs/op   vs base                │  allocs/op   vs base                │  allocs/op   vs base                │
Search/Data/VariableSeries/100-8                              244.0 ± 0%    259.0 ± 0%   +6.15% (p=0.000 n=20)    274.0 ± 0%  +12.30% (p=0.000 n=20)    259.0 ± 0%   +6.15% (p=0.000 n=20)
Search/Data/VariableSeries/1000-8                            2.050k ± 0%   2.065k ± 0%   +0.73% (p=0.000 n=20)   2.085k ± 0%   +1.71% (p=0.000 n=20)   2.072k ± 0%   +1.07% (p=0.000 n=20)
Search/Data/VariableSeries/10000-8                           20.09k ± 0%   20.28k ± 0%   +0.93% (p=0.000 n=20)   20.18k ± 0%   +0.42% (p=0.000 n=20)   20.12k ± 0%   +0.15% (p=0.000 n=20)
Search/Data/VariableSeries/100000-8                          201.6k ± 0%   203.2k ± 0%   +0.78% (p=0.000 n=20)   201.7k ± 0%   +0.03% (p=0.000 n=20)   201.6k ± 0%   +0.01% (p=0.000 n=20)
Search/Data/VariableSeries/1000000-8                         2.047M ± 0%   2.051M ± 0%   +0.19% (p=0.022 n=20)   2.040M ± 0%   -0.33% (p=0.000 n=20)   2.040M ± 0%   -0.33% (p=0.001 n=20)
Search/Data/VariableTimeRange/1d-8                           201.8k ± 0%   202.8k ± 0%   +0.51% (p=0.000 n=20)   203.0k ± 1%        ~ (p=0.337 n=20)   201.8k ± 0%        ~ (p=0.417 n=20)
Search/Data/VariableTimeRange/1w-8                           201.7k ± 0%   202.9k ± 0%   +0.61% (p=0.000 n=20)   201.9k ± 0%   +0.13% (p=0.000 n=20)   201.7k ± 0%   +0.00% (p=0.000 n=20)
Search/Data/VariableTimeRange/1m-8                           201.8k ± 0%   203.5k ± 0%   +0.81% (p=0.000 n=20)   201.9k ± 0%   +0.05% (p=0.000 n=20)   201.9k ± 0%        ~ (p=0.070 n=20)
Search/Data/VariableTimeRange/2m-8                           202.1k ± 0%   202.3k ± 1%        ~ (p=0.310 n=20)   202.0k ± 1%        ~ (p=0.836 n=20)   205.4k ± 0%   +1.65% (p=0.000 n=20)
Search/Data/VariableTimeRange/6m-8                           201.9k ± 0%   204.9k ± 0%   +1.51% (p=0.000 n=20)   202.3k ± 0%   +0.21% (p=0.000 n=20)   201.8k ± 0%   -0.01% (p=0.024 n=20)
Search/MetricNames/VariableSeries/100-8                       135.0 ± 0%    145.0 ± 0%   +7.41% (p=0.000 n=20)    150.0 ± 0%  +11.11% (p=0.000 n=20)    146.0 ± 0%   +8.15% (p=0.000 n=20)
Search/MetricNames/VariableSeries/1000-8                     1.041k ± 0%   1.053k ± 0%   +1.15% (p=0.000 n=20)   1.066k ± 0%   +2.40% (p=0.000 n=20)   1.058k ± 0%   +1.68% (p=0.000 n=20)
Search/MetricNames/VariableSeries/10000-8                    10.08k ± 0%   10.10k ± 0%   +0.20% (p=0.000 n=20)   10.09k ± 0%   +0.10% (p=0.000 n=20)   10.16k ± 0%   +0.74% (p=0.000 n=20)
Search/MetricNames/VariableSeries/100000-8                   100.6k ± 0%   101.0k ± 0%   +0.44% (p=0.000 n=20)   100.5k ± 0%   -0.06% (p=0.000 n=20)   100.5k ± 0%   -0.05% (p=0.002 n=20)
Search/MetricNames/VariableSeries/1000000-8                  1.020M ± 0%   1.020M ± 0%        ~ (p=0.542 n=20)   1.016M ± 0%        ~ (p=0.815 n=20)   1.020M ± 0%   +0.03% (p=0.000 n=20)
Search/MetricNames/VariableTimeRange/1d-8                    100.8k ± 0%   100.9k ± 0%   +0.18% (p=0.000 n=20)   100.5k ± 0%   -0.25% (p=0.001 n=20)   102.0k ± 0%   +1.22% (p=0.000 n=20)
Search/MetricNames/VariableTimeRange/1w-8                    100.6k ± 0%   101.0k ± 0%   +0.33% (p=0.000 n=20)   101.2k ± 0%   +0.57% (p=0.000 n=20)   100.8k ± 1%        ~ (p=0.085 n=20)
Search/MetricNames/VariableTimeRange/1m-8                    100.7k ± 0%   101.0k ± 0%   +0.30% (p=0.000 n=20)   101.1k ± 0%   +0.34% (p=0.000 n=20)   100.5k ± 0%   -0.20% (p=0.000 n=20)
Search/MetricNames/VariableTimeRange/2m-8                    100.6k ± 0%   100.9k ± 0%   +0.35% (p=0.000 n=20)   100.5k ± 0%   -0.05% (p=0.026 n=20)   100.5k ± 0%   -0.06% (p=0.002 n=20)
Search/MetricNames/VariableTimeRange/6m-8                    100.6k ± 0%   101.3k ± 0%   +0.76% (p=0.000 n=20)   100.5k ± 0%        ~ (p=0.846 n=20)   100.5k ± 1%        ~ (p=0.139 n=20)
Search/LabelNames/VariableSeries/100-8                        169.0 ± 0%    188.0 ± 0%  +11.24% (p=0.000 n=20)    204.0 ± 1%  +20.71% (p=0.000 n=20)    188.0 ± 0%  +11.24% (p=0.000 n=20)
Search/LabelNames/VariableSeries/1000-8                      1.096k ± 0%   1.116k ± 0%   +1.82% (p=0.000 n=20)   1.142k ± 0%   +4.20% (p=0.000 n=20)   1.119k ± 0%   +2.10% (p=0.000 n=20)
Search/LabelNames/VariableSeries/10000-8                     10.25k ± 0%   10.28k ± 0%   +0.26% (p=0.000 n=20)   10.32k ± 0%   +0.67% (p=0.000 n=20)   10.27k ± 0%   +0.16% (p=0.000 n=20)
Search/LabelNames/VariableSeries/100000-8                    101.4k ± 0%   101.9k ± 0%   +0.52% (p=0.000 n=20)   101.5k ± 0%   +0.06% (p=0.000 n=20)   101.4k ± 0%   +0.02% (p=0.000 n=20)
Search/LabelNames/VariableSeries/1000000-8                   1.021M ± 0%   1.021M ± 1%        ~ (p=0.250 n=20)   1.021M ± 0%   -0.02% (p=0.000 n=20)   1.021M ± 0%   -0.02% (p=0.007 n=20)
Search/LabelNames/VariableTimeRange/1d-8                     101.4k ± 0%   101.9k ± 0%   +0.51% (p=0.000 n=20)   102.1k ± 0%   +0.71% (p=0.000 n=20)   101.4k ± 0%        ~ (p=0.094 n=20)
Search/LabelNames/VariableTimeRange/1w-8                     101.7k ± 0%   102.2k ± 0%   +0.42% (p=0.000 n=20)   102.1k ± 0%   +0.38% (p=0.000 n=20)   103.0k ± 0%   +1.27% (p=0.000 n=20)
Search/LabelNames/VariableTimeRange/1m-8                     101.0k ± 0%   101.3k ± 0%   +0.36% (p=0.000 n=20)   101.2k ± 0%   +0.25% (p=0.000 n=20)   101.8k ± 0%   +0.80% (p=0.000 n=20)
Search/LabelNames/VariableTimeRange/2m-8                     102.3k ± 0%   102.6k ± 0%   +0.25% (p=0.000 n=20)   101.8k ± 0%   -0.56% (p=0.000 n=20)   101.2k ± 0%   -1.09% (p=0.000 n=20)
Search/LabelNames/VariableTimeRange/6m-8                     100.8k ± 0%   101.6k ± 0%   +0.75% (p=0.000 n=20)   101.0k ± 1%   +0.18% (p=0.000 n=20)   101.1k ± 0%   +0.27% (p=0.000 n=20)
Search/LabelValues/VariableSeries/100-8                       173.0 ± 0%    194.0 ± 0%  +12.14% (p=0.000 n=20)    208.0 ± 0%  +20.23% (p=0.000 n=20)    195.0 ± 0%  +12.72% (p=0.000 n=20)
Search/LabelValues/VariableSeries/1000-8                     1.100k ± 0%   1.122k ± 0%   +2.00% (p=0.000 n=20)   1.156k ± 0%   +5.09% (p=0.000 n=20)   1.131k ± 0%   +2.82% (p=0.000 n=20)
Search/LabelValues/VariableSeries/10000-8                    10.26k ± 0%   10.29k ± 0%   +0.30% (p=0.000 n=20)   10.35k ± 0%   +0.92% (p=0.000 n=20)   10.39k ± 0%   +1.26% (p=0.000 n=20)
Search/LabelValues/VariableSeries/100000-8                   101.4k ± 0%   102.0k ± 0%   +0.55% (p=0.000 n=20)   101.5k ± 0%        ~ (p=0.055 n=20)   101.4k ± 0%        ~ (p=0.208 n=20)
Search/LabelValues/VariableSeries/1000000-8                  1.021M ± 0%   1.021M ± 0%   -0.03% (p=0.009 n=20)   1.021M ± 0%   -0.02% (p=0.005 n=20)   1.021M ± 0%   -0.03% (p=0.018 n=20)
Search/LabelValues/VariableTimeRange/1d-8                    101.4k ± 0%   101.9k ± 0%   +0.49% (p=0.000 n=20)   102.1k ± 1%   +0.65% (p=0.000 n=20)   101.4k ± 2%        ~ (p=0.092 n=20)
Search/LabelValues/VariableTimeRange/1w-8                    101.8k ± 0%   102.1k ± 0%   +0.32% (p=0.000 n=20)   102.1k ± 0%   +0.30% (p=0.000 n=20)   101.8k ± 0%        ~ (p=0.596 n=20)
Search/LabelValues/VariableTimeRange/1m-8                    100.8k ± 0%   101.3k ± 0%   +0.48% (p=0.000 n=20)   100.9k ± 1%   +0.08% (p=0.000 n=20)   100.9k ± 0%   +0.05% (p=0.000 n=20)
Search/LabelValues/VariableTimeRange/2m-8                    102.3k ± 0%   102.6k ± 0%   +0.26% (p=0.000 n=20)   101.8k ± 0%   -0.55% (p=0.000 n=20)   102.5k ± 0%   +0.19% (p=0.000 n=20)
Search/LabelValues/VariableTimeRange/6m-8                    100.8k ± 0%   101.6k ± 0%   +0.76% (p=0.000 n=20)   101.0k ± 1%   +0.19% (p=0.000 n=20)   101.7k ± 1%   +0.88% (p=0.000 n=20)
Search/TagValueSuffixes/VariableSeries/100-8                  158.0 ± 0%    174.0 ± 0%  +10.13% (p=0.000 n=20)    185.0 ± 0%  +17.09% (p=0.000 n=20)    174.0 ± 0%  +10.13% (p=0.000 n=20)
Search/TagValueSuffixes/VariableSeries/1000-8                1.085k ± 0%   1.103k ± 0%   +1.61% (p=0.000 n=20)   1.123k ± 0%   +3.50% (p=0.000 n=20)   1.110k ± 0%   +2.30% (p=0.000 n=20)
Search/TagValueSuffixes/VariableSeries/10000-8               10.24k ± 0%   10.32k ± 0%   +0.77% (p=0.000 n=20)   10.30k ± 0%   +0.60% (p=0.000 n=20)   10.37k ± 0%   +1.21% (p=0.000 n=20)
Search/TagValueSuffixes/VariableSeries/100000-8              101.4k ± 0%   101.9k ± 0%   +0.54% (p=0.000 n=20)   101.4k ± 0%   +0.05% (p=0.000 n=20)   101.4k ± 0%   +0.02% (p=0.000 n=20)
Search/TagValueSuffixes/VariableSeries/1000000-8             1.021M ± 0%   1.021M ± 0%   -0.05% (p=0.000 n=20)   1.021M ± 0%   -0.04% (p=0.000 n=20)   1.021M ± 0%   -0.01% (p=0.000 n=20)
Search/TagValueSuffixes/VariableTimeRange/1d-8               101.6k ± 0%   101.9k ± 0%   +0.35% (p=0.000 n=20)   101.9k ± 0%   +0.32% (p=0.000 n=20)   103.1k ± 0%   +1.53% (p=0.000 n=20)
Search/TagValueSuffixes/VariableTimeRange/1w-8               101.8k ± 0%   102.0k ± 0%   +0.26% (p=0.000 n=20)   101.7k ± 0%   -0.03% (p=0.006 n=20)   102.7k ± 0%   +0.95% (p=0.000 n=20)
Search/TagValueSuffixes/VariableTimeRange/1m-8               100.9k ± 0%   101.2k ± 0%   +0.31% (p=0.000 n=20)   100.9k ± 0%   -0.04% (p=0.001 n=20)   100.9k ± 1%   -0.07% (p=0.029 n=20)
Search/TagValueSuffixes/VariableTimeRange/2m-8               102.0k ± 0%   102.3k ± 0%   +0.31% (p=0.000 n=20)   102.1k ± 0%   +0.07% (p=0.006 n=20)   101.1k ± 0%   -0.91% (p=0.000 n=20)
Search/TagValueSuffixes/VariableTimeRange/6m-8               100.8k ± 0%   101.5k ± 0%   +0.63% (p=0.000 n=20)   101.0k ± 0%   +0.17% (p=0.000 n=20)   101.1k ± 0%   +0.25% (p=0.000 n=20)
Search/GraphitePaths/VariableSeries/100-8                     316.0 ± 0%    335.0 ± 0%   +6.01% (p=0.000 n=20)    391.0 ± 0%  +23.73% (p=0.000 n=20)    333.0 ± 0%   +5.38% (p=0.000 n=20)
Search/GraphitePaths/VariableSeries/1000-8                   2.167k ± 0%   2.192k ± 0%   +1.13% (p=0.000 n=20)   2.259k ± 0%   +4.25% (p=0.000 n=20)   2.208k ± 0%   +1.89% (p=0.000 n=20)
Search/GraphitePaths/VariableSeries/10000-8                  20.46k ± 0%   20.63k ± 0%   +0.83% (p=0.000 n=20)   20.59k ± 0%   +0.66% (p=0.000 n=20)   20.47k ± 0%        ~ (p=0.589 n=20)
Search/GraphitePaths/VariableSeries/100000-8                 202.5k ± 0%   203.8k ± 0%   +0.64% (p=0.000 n=20)   202.7k ± 0%   +0.07% (p=0.001 n=20)   202.5k ± 0%   +0.01% (p=0.035 n=20)
Search/GraphitePaths/VariableSeries/1000000-8                2.038M ± 0%   2.048M ± 0%   +0.50% (p=0.000 n=20)   2.037M ± 0%   -0.02% (p=0.000 n=20)   2.038M ± 0%   -0.00% (p=0.000 n=20)
Search/GraphitePaths/VariableTimeRange/1d-8                  202.9k ± 0%   203.9k ± 0%   +0.48% (p=0.000 n=20)   202.6k ± 0%        ~ (p=0.351 n=20)   204.4k ± 1%   +0.75% (p=0.018 n=20)
Search/GraphitePaths/VariableTimeRange/1w-8                  203.3k ± 0%   204.0k ± 0%   +0.35% (p=0.000 n=20)   203.0k ± 0%   -0.12% (p=0.006 n=20)   206.7k ± 0%   +1.70% (p=0.000 n=20)
Search/GraphitePaths/VariableTimeRange/1m-8                  202.0k ± 0%   203.3k ± 0%   +0.68% (p=0.000 n=20)   202.2k ± 0%   +0.10% (p=0.045 n=20)   203.9k ± 0%   +0.96% (p=0.000 n=20)
Search/GraphitePaths/VariableTimeRange/2m-8                  203.8k ± 0%   204.5k ± 0%   +0.34% (p=0.000 n=20)   202.9k ± 0%   -0.41% (p=0.000 n=20)   202.2k ± 0%   -0.76% (p=0.000 n=20)
Search/GraphitePaths/VariableTimeRange/6m-8                  201.9k ± 0%   203.9k ± 0%   +0.97% (p=0.000 n=20)   202.4k ± 0%   +0.24% (p=0.000 n=20)   202.7k ± 0%   +0.37% (p=0.000 n=20)
geomean                                                      42.28k        42.86k        +1.36%                  43.43k        +2.08%                  42.82k        +1.28%
