goos: linux
goarch: amd64
pkg: github.com/VictoriaMetrics/VictoriaMetrics/lib/storage
cpu: AMD EPYC 7B12
                                                     │ v1.127.0-CurrOnly │          pt-index-CurrOnly           │            pt-index-CurrPt            │            pt-index-PtOnly            │
                                                     │      sec/op       │    sec/op      vs base               │     sec/op      vs base               │     sec/op      vs base               │
Search/Data/VariableSeries/100-8                           83.55µ ±   8%    92.92µ ±  5%  +11.21% (p=0.004 n=6)   126.84µ ±   4%  +51.81% (p=0.002 n=6)    88.61µ ±   8%        ~ (p=0.132 n=6)
Search/Data/VariableSeries/1000-8                          592.2µ ±   7%    625.5µ ±  2%   +5.63% (p=0.041 n=6)    815.3µ ±   5%  +37.66% (p=0.002 n=6)    633.3µ ±   4%   +6.94% (p=0.026 n=6)
Search/Data/VariableSeries/10000-8                         7.021m ±   7%    7.740m ±  2%  +10.24% (p=0.002 n=6)    8.915m ±   3%  +26.98% (p=0.002 n=6)    7.356m ±  10%        ~ (p=0.132 n=6)
Search/Data/VariableSeries/100000-8                        116.5m ±   8%    120.0m ±  4%        ~ (p=0.485 n=6)    124.5m ±  19%        ~ (p=0.180 n=6)    114.1m ±   9%        ~ (p=0.589 n=6)
Search/Data/VariableSeries/1000000-8                        4.640 ±  22%     3.895 ±  4%  -16.05% (p=0.002 n=6)     4.246 ±  14%        ~ (p=0.180 n=6)     7.156 ±  46%        ~ (p=0.093 n=6)
Search/Data/VariableTimeRange/1d-8                         117.9m ±   8%    123.6m ±  7%        ~ (p=0.065 n=6)    120.6m ±   9%        ~ (p=0.240 n=6)    117.2m ±  14%        ~ (p=0.937 n=6)
Search/Data/VariableTimeRange/1w-8                         127.1m ±   6%    120.4m ±  7%        ~ (p=0.394 n=6)    120.9m ±  13%        ~ (p=0.589 n=6)    118.5m ±  11%   -6.77% (p=0.041 n=6)
Search/Data/VariableTimeRange/1m-8                         132.3m ±  11%    134.4m ± 10%        ~ (p=0.589 n=6)    126.1m ± 130%        ~ (p=0.310 n=6)    121.9m ±   6%   -7.88% (p=0.041 n=6)
Search/Data/VariableTimeRange/2m-8                         115.7m ±  15%    120.2m ±  8%        ~ (p=0.394 n=6)    118.7m ±   4%        ~ (p=0.485 n=6)    119.7m ±   5%        ~ (p=0.589 n=6)
Search/Data/VariableTimeRange/6m-8                         128.0m ±  12%    147.2m ± 22%  +15.04% (p=0.002 n=6)    137.7m ±   8%        ~ (p=0.065 n=6)    116.7m ±   3%   -8.78% (p=0.002 n=6)
Search/MetricNames/VariableSeries/100-8                    37.43µ ±   8%    42.20µ ±  3%  +12.74% (p=0.002 n=6)    51.85µ ±   5%  +38.51% (p=0.002 n=6)    44.01µ ±   9%  +17.57% (p=0.002 n=6)
Search/MetricNames/VariableSeries/1000-8                   246.1µ ±   2%    261.0µ ±  4%   +6.02% (p=0.004 n=6)    240.1µ ±   2%   -2.46% (p=0.009 n=6)    261.3µ ±   3%   +6.17% (p=0.002 n=6)
Search/MetricNames/VariableSeries/10000-8                  2.500m ±   3%    2.590m ±  2%   +3.61% (p=0.004 n=6)    2.291m ±  10%   -8.33% (p=0.002 n=6)    2.530m ±   3%        ~ (p=0.394 n=6)
Search/MetricNames/VariableSeries/100000-8                 41.09m ±   9%    42.90m ±  6%        ~ (p=0.699 n=6)    35.63m ±  12%  -13.29% (p=0.002 n=6)    44.73m ±  23%        ~ (p=0.065 n=6)
Search/MetricNames/VariableSeries/1000000-8               1223.6m ±  35%   1277.6m ± 81%        ~ (p=0.937 n=6)    885.4m ±  19%  -27.64% (p=0.002 n=6)   1278.3m ±  21%        ~ (p=0.310 n=6)
Search/MetricNames/VariableTimeRange/1d-8                  43.38m ±  24%    42.09m ± 15%        ~ (p=0.937 n=6)    34.86m ±   6%  -19.64% (p=0.002 n=6)    39.16m ±   8%        ~ (p=0.132 n=6)
Search/MetricNames/VariableTimeRange/1w-8                  42.99m ±  27%    41.91m ±  6%        ~ (p=0.937 n=6)    32.30m ±  14%  -24.88% (p=0.004 n=6)    41.44m ±   9%        ~ (p=0.818 n=6)
Search/MetricNames/VariableTimeRange/1m-8                  43.03m ±  23%    43.25m ±  6%        ~ (p=0.937 n=6)    36.70m ±   9%  -14.71% (p=0.002 n=6)    33.59m ±   9%  -21.95% (p=0.002 n=6)
Search/MetricNames/VariableTimeRange/2m-8                  40.49m ±   8%    42.05m ±  5%        ~ (p=0.485 n=6)    36.38m ±   5%  -10.15% (p=0.002 n=6)    41.17m ±  12%        ~ (p=0.937 n=6)
Search/MetricNames/VariableTimeRange/6m-8                  45.27m ±   5%    43.13m ±  4%        ~ (p=0.065 n=6)    31.77m ±  10%  -29.81% (p=0.002 n=6)    23.80m ±  11%  -47.41% (p=0.002 n=6)
Search/LabelNames/VariableSeries/100-8                     61.29µ ±   7%    63.75µ ±  3%   +4.02% (p=0.041 n=6)    78.94µ ±  10%  +28.81% (p=0.002 n=6)    74.82µ ±   6%  +22.08% (p=0.002 n=6)
Search/LabelNames/VariableSeries/1000-8                    410.7µ ±   2%    415.5µ ±  1%   +1.18% (p=0.015 n=6)    393.6µ ±   5%   -4.14% (p=0.041 n=6)    444.7µ ±   4%   +8.28% (p=0.002 n=6)
Search/LabelNames/VariableSeries/10000-8                   4.017m ±   1%    4.026m ±  1%        ~ (p=0.589 n=6)    3.170m ±   4%  -21.09% (p=0.002 n=6)    4.241m ± 118%   +5.57% (p=0.002 n=6)
Search/LabelNames/VariableSeries/100000-8                  57.23m ±  12%    56.25m ±  5%        ~ (p=0.589 n=6)    36.09m ±   9%  -36.94% (p=0.002 n=6)    60.15m ±  15%        ~ (p=0.180 n=6)
Search/LabelNames/VariableSeries/1000000-8                  1.809 ±   8%     1.849 ±  3%        ~ (p=0.485 n=6)     1.098 ±  48%  -39.31% (p=0.002 n=6)     1.825 ±   8%        ~ (p=0.485 n=6)
Search/LabelNames/VariableTimeRange/1d-8                   62.69m ±  13%    54.83m ±  8%  -12.54% (p=0.015 n=6)    38.77m ±   4%  -38.16% (p=0.002 n=6)    55.48m ±  10%        ~ (p=0.132 n=6)
Search/LabelNames/VariableTimeRange/1w-8                   33.85m ± 176%    33.92m ±  8%        ~ (p=1.000 n=6)    29.22m ±   4%  -13.68% (p=0.002 n=6)    36.66m ±   8%        ~ (p=0.180 n=6)
Search/LabelNames/VariableTimeRange/1m-8                   36.83m ±  18%    40.25m ±  7%        ~ (p=0.093 n=6)    31.00m ±   7%  -15.84% (p=0.002 n=6)    28.23m ±   9%  -23.35% (p=0.002 n=6)
Search/LabelNames/VariableTimeRange/2m-8                   31.56m ±   5%    37.02m ±  2%  +17.33% (p=0.002 n=6)    30.53m ±   6%   -3.24% (p=0.009 n=6)    37.03m ±  15%  +17.36% (p=0.002 n=6)
Search/LabelNames/VariableTimeRange/6m-8                   38.81m ±  10%    39.88m ± 10%        ~ (p=0.394 n=6)    26.42m ±   3%  -31.92% (p=0.002 n=6)    20.97m ±  11%  -45.98% (p=0.002 n=6)
Search/LabelValues/VariableSeries/100-8                    57.98µ ±   4%    61.51µ ±  1%   +6.08% (p=0.002 n=6)    68.45µ ±   3%  +18.05% (p=0.002 n=6)    70.87µ ±   7%  +22.23% (p=0.002 n=6)
Search/LabelValues/VariableSeries/1000-8                   408.8µ ±   1%    418.3µ ±  2%   +2.33% (p=0.009 n=6)    355.4µ ±   3%  -13.06% (p=0.002 n=6)    432.9µ ±   1%   +5.91% (p=0.002 n=6)
Search/LabelValues/VariableSeries/10000-8                  4.057m ±   1%    4.062m ±  1%        ~ (p=0.937 n=6)    2.904m ±   4%  -28.40% (p=0.002 n=6)    4.104m ±   3%        ~ (p=0.394 n=6)
Search/LabelValues/VariableSeries/100000-8                 56.95m ±   9%    58.51m ± 10%        ~ (p=0.818 n=6)    34.73m ±   2%  -39.02% (p=0.002 n=6)    56.11m ±  14%        ~ (p=0.240 n=6)
Search/LabelValues/VariableSeries/1000000-8                 1.696 ±  12%     2.142 ± 42%  +26.27% (p=0.009 n=6)     1.083 ±   7%  -36.14% (p=0.002 n=6)     1.808 ±   4%        ~ (p=0.180 n=6)
Search/LabelValues/VariableTimeRange/1d-8                  51.57m ±  16%    56.27m ± 11%        ~ (p=0.310 n=6)    37.20m ±   4%  -27.87% (p=0.002 n=6)    55.07m ±   7%        ~ (p=0.240 n=6)
Search/LabelValues/VariableTimeRange/1w-8                  37.22m ±  12%    36.26m ±  8%        ~ (p=0.818 n=6)    28.33m ±  10%  -23.88% (p=0.002 n=6)    35.27m ±   4%        ~ (p=0.093 n=6)
Search/LabelValues/VariableTimeRange/1m-8                  39.47m ±  16%    38.01m ± 16%        ~ (p=0.937 n=6)    27.81m ±   5%  -29.54% (p=0.002 n=6)    28.32m ±   5%  -28.25% (p=0.002 n=6)
Search/LabelValues/VariableTimeRange/2m-8                  33.05m ±   5%    35.20m ±  6%   +6.49% (p=0.026 n=6)    28.65m ±   8%  -13.33% (p=0.002 n=6)    36.73m ±   5%  +11.13% (p=0.002 n=6)
Search/LabelValues/VariableTimeRange/6m-8                  39.62m ±   6%    40.11m ±  9%        ~ (p=0.818 n=6)    25.75m ±   7%  -35.02% (p=0.002 n=6)    20.35m ±   4%  -48.64% (p=0.002 n=6)
Search/TagValueSuffixes/VariableSeries/100-8               52.86µ ±   3%    54.79µ ±  3%   +3.66% (p=0.004 n=6)    60.71µ ±   6%  +14.85% (p=0.002 n=6)    61.87µ ±   8%  +17.06% (p=0.002 n=6)
Search/TagValueSuffixes/VariableSeries/1000-8              390.6µ ±   2%    399.2µ ±  2%   +2.18% (p=0.004 n=6)    323.8µ ±   1%  -17.11% (p=0.002 n=6)    415.4µ ±   1%   +6.34% (p=0.002 n=6)
Search/TagValueSuffixes/VariableSeries/10000-8             3.818m ±   1%    3.832m ±  2%        ~ (p=0.699 n=6)    2.561m ±   2%  -32.91% (p=0.002 n=6)    3.662m ±   6%        ~ (p=0.065 n=6)
Search/TagValueSuffixes/VariableSeries/100000-8            50.62m ±   9%    48.59m ±  5%        ~ (p=0.180 n=6)    33.93m ±   5%  -32.97% (p=0.002 n=6)    49.93m ±   2%        ~ (p=0.394 n=6)
Search/TagValueSuffixes/VariableSeries/1000000-8            1.576 ±  23%     1.689 ±  2%        ~ (p=0.132 n=6)     1.014 ±  10%  -35.64% (p=0.002 n=6)     1.738 ±   8%        ~ (p=0.093 n=6)
Search/TagValueSuffixes/VariableTimeRange/1d-8             48.52m ±   8%    48.89m ±  3%        ~ (p=0.818 n=6)    35.10m ±  10%  -27.67% (p=0.002 n=6)    54.05m ±  17%        ~ (p=0.093 n=6)
Search/TagValueSuffixes/VariableTimeRange/1w-8             30.71m ±   4%    32.88m ±  3%   +7.08% (p=0.002 n=6)    27.84m ±  36%        ~ (p=0.065 n=6)    35.12m ±   6%  +14.36% (p=0.002 n=6)
Search/TagValueSuffixes/VariableTimeRange/1m-8             32.70m ±  12%    33.98m ±  4%        ~ (p=0.485 n=6)    25.75m ±  10%  -21.27% (p=0.002 n=6)    25.51m ±   6%  -22.00% (p=0.002 n=6)
Search/TagValueSuffixes/VariableTimeRange/2m-8             30.65m ±   4%    30.65m ±  6%        ~ (p=1.000 n=6)    24.81m ±   3%  -19.06% (p=0.002 n=6)    37.30m ±   9%  +21.69% (p=0.002 n=6)
Search/TagValueSuffixes/VariableTimeRange/6m-8             33.03m ±  12%    34.68m ±  7%        ~ (p=0.240 n=6)    23.05m ±   7%  -30.21% (p=0.002 n=6)    21.03m ±   7%  -36.34% (p=0.002 n=6)
Search/GraphitePaths/VariableSeries/100-8                  123.2µ ±   9%    127.6µ ±  4%        ~ (p=0.485 n=6)    123.6µ ±   5%        ~ (p=0.699 n=6)    130.8µ ±   7%        ~ (p=0.132 n=6)
Search/GraphitePaths/VariableSeries/1000-8                 991.2µ ±   6%    961.7µ ±  1%   -2.98% (p=0.002 n=6)    608.2µ ±   3%  -38.64% (p=0.002 n=6)    983.9µ ±   4%   -0.74% (p=0.004 n=6)
Search/GraphitePaths/VariableSeries/10000-8                9.139m ±   7%    9.553m ±  2%        ~ (p=0.065 n=6)    5.581m ±   2%  -38.94% (p=0.002 n=6)    9.742m ±   1%   +6.60% (p=0.026 n=6)
Search/GraphitePaths/VariableSeries/100000-8              115.42m ±   5%   125.01m ± 10%   +8.30% (p=0.015 n=6)    68.55m ±  10%  -40.61% (p=0.002 n=6)   136.09m ±  11%  +17.90% (p=0.004 n=6)
Search/GraphitePaths/VariableSeries/1000000-8               3.405 ±  12%     3.732 ±  8%   +9.63% (p=0.002 n=6)     1.939 ±  11%  -43.04% (p=0.002 n=6)     3.528 ±   6%        ~ (p=0.093 n=6)
Search/GraphitePaths/VariableTimeRange/1d-8               128.40m ±   9%   130.36m ±  8%        ~ (p=0.240 n=6)    66.27m ±  11%  -48.39% (p=0.002 n=6)   120.81m ±   4%        ~ (p=0.132 n=6)
Search/GraphitePaths/VariableTimeRange/1w-8               108.97m ±  10%   116.96m ±  8%        ~ (p=0.065 n=6)    61.99m ±   3%  -43.12% (p=0.002 n=6)   103.87m ±   8%        ~ (p=0.485 n=6)
Search/GraphitePaths/VariableTimeRange/1m-8               103.05m ±   6%   117.35m ±  9%  +13.88% (p=0.009 n=6)    61.28m ±   8%  -40.53% (p=0.002 n=6)    65.37m ±   9%  -36.57% (p=0.002 n=6)
Search/GraphitePaths/VariableTimeRange/2m-8               100.17m ±  11%   107.88m ± 11%        ~ (p=0.485 n=6)    64.02m ±  12%  -36.09% (p=0.002 n=6)   113.92m ±   7%  +13.72% (p=0.009 n=6)
Search/GraphitePaths/VariableTimeRange/6m-8               102.48m ±   7%   124.81m ± 52%  +21.79% (p=0.004 n=6)    58.02m ±   4%  -43.38% (p=0.002 n=6)    39.93m ±   4%  -61.04% (p=0.002 n=6)
geomean                                                    20.14m           20.87m         +3.64%                  15.78m         -19.11%                  19.39m          -3.73%

                                                     │ v1.127.0-CurrOnly │          pt-index-CurrOnly          │           pt-index-CurrPt            │           pt-index-PtOnly            │
                                                     │       B/op        │     B/op       vs base              │     B/op       vs base               │     B/op       vs base               │
Search/Data/VariableSeries/100-8                           34.99Ki ±  0%   35.54Ki ±  0%  +1.58% (p=0.002 n=6)   37.94Ki ±  0%   +8.43% (p=0.002 n=6)   33.97Ki ±  0%   -2.92% (p=0.002 n=6)
Search/Data/VariableSeries/1000-8                          331.3Ki ±  0%   331.9Ki ±  0%  +0.18% (p=0.002 n=6)   349.4Ki ±  0%   +5.47% (p=0.002 n=6)   316.8Ki ±  0%   -4.37% (p=0.002 n=6)
Search/Data/VariableSeries/10000-8                         3.249Mi ±  0%   3.258Mi ±  0%  +0.28% (p=0.002 n=6)   3.426Mi ±  0%   +5.43% (p=0.002 n=6)   3.097Mi ±  0%   -4.67% (p=0.002 n=6)
Search/Data/VariableSeries/100000-8                        37.15Mi ±  2%   37.20Mi ±  2%       ~ (p=0.240 n=6)   39.08Mi ±  3%   +5.19% (p=0.002 n=6)   35.56Mi ±  0%   -4.29% (p=0.002 n=6)
Search/Data/VariableSeries/1000000-8                       648.8Mi ± 13%   644.2Mi ±  0%  -0.71% (p=0.002 n=6)   658.8Mi ±  0%        ~ (p=0.065 n=6)   706.1Mi ± 11%        ~ (p=0.310 n=6)
Search/Data/VariableTimeRange/1d-8                         37.16Mi ±  2%   37.52Mi ±  1%       ~ (p=0.180 n=6)   38.75Mi ±  2%   +4.27% (p=0.002 n=6)   35.56Mi ±  2%   -4.32% (p=0.002 n=6)
Search/Data/VariableTimeRange/1w-8                         38.01Mi ±  2%   37.40Mi ±  2%       ~ (p=0.310 n=6)   39.00Mi ±  2%   +2.62% (p=0.002 n=6)   35.77Mi ±  2%   -5.89% (p=0.002 n=6)
Search/Data/VariableTimeRange/1m-8                         37.83Mi ±  3%   37.89Mi ±  2%       ~ (p=0.093 n=6)   39.80Mi ± 15%   +5.21% (p=0.002 n=6)   38.94Mi ±  1%   +2.94% (p=0.015 n=6)
Search/Data/VariableTimeRange/2m-8                         37.50Mi ±  2%   37.40Mi ±  2%       ~ (p=0.310 n=6)   38.92Mi ±  0%   +3.78% (p=0.002 n=6)   35.55Mi ±  2%   -5.19% (p=0.002 n=6)
Search/Data/VariableTimeRange/6m-8                         37.97Mi ±  2%   38.93Mi ±  3%  +2.52% (p=0.002 n=6)   40.04Mi ±  2%   +5.44% (p=0.002 n=6)   38.94Mi ±  0%   +2.57% (p=0.002 n=6)
Search/MetricNames/VariableSeries/100-8                    16.51Ki ±  0%   16.85Ki ±  0%  +2.06% (p=0.002 n=6)   16.21Ki ±  0%   -1.85% (p=0.002 n=6)   15.30Ki ±  0%   -7.32% (p=0.002 n=6)
Search/MetricNames/VariableSeries/1000-8                   172.5Ki ±  0%   172.9Ki ±  0%  +0.24% (p=0.002 n=6)   165.5Ki ±  0%   -4.06% (p=0.002 n=6)   157.5Ki ±  0%   -8.70% (p=0.002 n=6)
Search/MetricNames/VariableSeries/10000-8                  1.573Mi ±  0%   1.576Mi ±  0%  +0.16% (p=0.002 n=6)   1.498Mi ±  0%   -4.78% (p=0.002 n=6)   1.424Mi ±  0%   -9.47% (p=0.002 n=6)
Search/MetricNames/VariableSeries/100000-8                 15.03Mi ±  0%   15.04Mi ±  0%       ~ (p=0.065 n=6)   14.24Mi ±  0%   -5.22% (p=0.002 n=6)   13.50Mi ±  1%  -10.15% (p=0.002 n=6)
Search/MetricNames/VariableSeries/1000000-8                250.2Mi ±  2%   249.4Mi ± 23%       ~ (p=0.485 n=6)   229.0Mi ± 10%   -8.46% (p=0.002 n=6)   236.0Mi ±  1%   -5.66% (p=0.002 n=6)
Search/MetricNames/VariableTimeRange/1d-8                  15.02Mi ±  0%   15.04Mi ±  0%       ~ (p=0.093 n=6)   14.27Mi ±  0%   -4.99% (p=0.002 n=6)   13.49Mi ±  0%  -10.17% (p=0.002 n=6)
Search/MetricNames/VariableTimeRange/1w-8                  15.10Mi ±  0%   15.09Mi ±  0%       ~ (p=0.699 n=6)   14.32Mi ±  0%   -5.15% (p=0.002 n=6)   13.57Mi ±  0%  -10.11% (p=0.002 n=6)
Search/MetricNames/VariableTimeRange/1m-8                  15.04Mi ±  0%   15.05Mi ±  0%       ~ (p=0.394 n=6)   14.65Mi ±  0%   -2.58% (p=0.002 n=6)   14.24Mi ±  0%   -5.31% (p=0.002 n=6)
Search/MetricNames/VariableTimeRange/2m-8                  15.12Mi ±  0%   15.14Mi ±  0%       ~ (p=0.310 n=6)   14.31Mi ±  0%   -5.38% (p=0.002 n=6)   13.48Mi ±  0%  -10.89% (p=0.002 n=6)
Search/MetricNames/VariableTimeRange/6m-8                  15.04Mi ±  0%   15.06Mi ±  0%  +0.19% (p=0.041 n=6)   14.68Mi ±  0%   -2.39% (p=0.002 n=6)   14.25Mi ±  0%   -5.23% (p=0.002 n=6)
Search/LabelNames/VariableSeries/100-8                     22.26Ki ±  0%   22.84Ki ±  0%  +2.60% (p=0.002 n=6)   22.81Ki ±  0%   +2.45% (p=0.002 n=6)   22.91Ki ±  0%   +2.90% (p=0.002 n=6)
Search/LabelNames/VariableSeries/1000-8                    307.1Ki ±  0%   307.7Ki ±  0%  +0.18% (p=0.002 n=6)   308.1Ki ±  0%   +0.32% (p=0.002 n=6)   308.3Ki ±  0%   +0.39% (p=0.002 n=6)
Search/LabelNames/VariableSeries/10000-8                   2.473Mi ±  0%   2.476Mi ±  0%  +0.13% (p=0.002 n=6)   2.476Mi ±  0%   +0.11% (p=0.002 n=6)   2.479Mi ±  1%   +0.24% (p=0.002 n=6)
Search/LabelNames/VariableSeries/100000-8                  20.79Mi ±  0%   20.79Mi ±  0%       ~ (p=0.699 n=6)   20.69Mi ±  0%   -0.47% (p=0.002 n=6)   20.87Mi ±  0%   +0.41% (p=0.002 n=6)
Search/LabelNames/VariableSeries/1000000-8                 307.1Mi ±  1%   304.9Mi ±  0%  -0.70% (p=0.015 n=6)   305.4Mi ±  0%   -0.54% (p=0.041 n=6)   305.4Mi ±  1%        ~ (p=0.132 n=6)
Search/LabelNames/VariableTimeRange/1d-8                   20.83Mi ±  0%   20.77Mi ±  0%       ~ (p=0.093 n=6)   20.75Mi ±  0%        ~ (p=0.065 n=6)   20.77Mi ±  0%        ~ (p=0.240 n=6)
Search/LabelNames/VariableTimeRange/1w-8                   22.55Mi ±  0%   22.53Mi ±  0%       ~ (p=0.394 n=6)   22.55Mi ±  0%        ~ (p=0.589 n=6)   22.52Mi ±  0%        ~ (p=0.394 n=6)
Search/LabelNames/VariableTimeRange/1m-8                   13.99Mi ±  0%   14.01Mi ±  0%       ~ (p=0.093 n=6)   14.22Mi ±  0%   +1.62% (p=0.002 n=6)   13.97Mi ±  0%        ~ (p=0.240 n=6)
Search/LabelNames/VariableTimeRange/2m-8                   20.80Mi ±  0%   20.87Mi ±  0%  +0.33% (p=0.041 n=6)   17.41Mi ±  0%  -16.31% (p=0.002 n=6)   13.99Mi ±  0%  -32.74% (p=0.002 n=6)
Search/LabelNames/VariableTimeRange/6m-8                   13.97Mi ±  0%   14.01Mi ±  0%  +0.25% (p=0.015 n=6)   14.80Mi ±  0%   +5.93% (p=0.002 n=6)   15.64Mi ±  0%  +11.94% (p=0.002 n=6)
Search/LabelValues/VariableSeries/100-8                    22.38Ki ±  0%   23.00Ki ±  0%  +2.78% (p=0.002 n=6)   22.94Ki ±  0%   +2.50% (p=0.002 n=6)   23.05Ki ±  0%   +3.02% (p=0.002 n=6)
Search/LabelValues/VariableSeries/1000-8                   307.1Ki ±  0%   307.8Ki ±  0%  +0.21% (p=0.002 n=6)   307.9Ki ±  0%   +0.24% (p=0.002 n=6)   308.3Ki ±  0%   +0.38% (p=0.002 n=6)
Search/LabelValues/VariableSeries/10000-8                  2.472Mi ±  0%   2.474Mi ±  0%  +0.08% (p=0.002 n=6)   2.478Mi ±  0%   +0.22% (p=0.002 n=6)   2.478Mi ±  0%   +0.24% (p=0.002 n=6)
Search/LabelValues/VariableSeries/100000-8                 20.77Mi ±  0%   20.80Mi ±  0%       ~ (p=0.589 n=6)   20.67Mi ±  0%   -0.46% (p=0.002 n=6)   20.84Mi ±  0%   +0.34% (p=0.002 n=6)
Search/LabelValues/VariableSeries/1000000-8                307.2Mi ±  1%   304.7Mi ±  0%  -0.78% (p=0.009 n=6)   305.1Mi ±  0%        ~ (p=0.132 n=6)   305.2Mi ±  0%        ~ (p=0.093 n=6)
Search/LabelValues/VariableTimeRange/1d-8                  20.76Mi ±  0%   20.79Mi ±  0%       ~ (p=0.240 n=6)   20.73Mi ±  0%   -0.15% (p=0.026 n=6)   20.75Mi ±  0%        ~ (p=0.699 n=6)
Search/LabelValues/VariableTimeRange/1w-8                  22.53Mi ±  0%   22.52Mi ±  0%       ~ (p=0.485 n=6)   22.51Mi ±  0%        ~ (p=0.180 n=6)   22.51Mi ±  0%        ~ (p=0.180 n=6)
Search/LabelValues/VariableTimeRange/1m-8                  13.97Mi ±  0%   13.99Mi ±  0%       ~ (p=0.240 n=6)   14.18Mi ±  0%   +1.49% (p=0.002 n=6)   13.98Mi ±  0%        ~ (p=0.937 n=6)
Search/LabelValues/VariableTimeRange/2m-8                  20.57Mi ±  1%   20.60Mi ±  1%       ~ (p=0.485 n=6)   17.28Mi ±  0%  -16.00% (p=0.002 n=6)   14.05Mi ±  0%  -31.71% (p=0.002 n=6)
Search/LabelValues/VariableTimeRange/6m-8                  13.98Mi ±  0%   14.00Mi ±  0%       ~ (p=0.180 n=6)   14.77Mi ±  0%   +5.62% (p=0.002 n=6)   15.61Mi ±  0%  +11.61% (p=0.002 n=6)
Search/TagValueSuffixes/VariableSeries/100-8               21.35Ki ±  0%   21.89Ki ±  0%  +2.53% (p=0.002 n=6)   21.80Ki ±  0%   +2.09% (p=0.002 n=6)   21.94Ki ±  0%   +2.76% (p=0.002 n=6)
Search/TagValueSuffixes/VariableSeries/1000-8              299.0Ki ±  0%   299.7Ki ±  0%  +0.21% (p=0.002 n=6)   299.7Ki ±  0%   +0.23% (p=0.002 n=6)   300.1Ki ±  0%   +0.36% (p=0.002 n=6)
Search/TagValueSuffixes/VariableSeries/10000-8             2.396Mi ±  0%   2.399Mi ±  0%  +0.14% (p=0.002 n=6)   2.397Mi ±  0%   +0.05% (p=0.002 n=6)   2.400Mi ±  0%   +0.19% (p=0.002 n=6)
Search/TagValueSuffixes/VariableSeries/100000-8            19.98Mi ±  0%   19.99Mi ±  0%       ~ (p=0.394 n=6)   19.90Mi ±  0%   -0.38% (p=0.002 n=6)   20.04Mi ±  0%   +0.31% (p=0.004 n=6)
Search/TagValueSuffixes/VariableSeries/1000000-8           299.9Mi ±  1%   297.0Mi ±  0%  -0.99% (p=0.002 n=6)   297.5Mi ±  0%        ~ (p=0.065 n=6)   299.3Mi ±  1%        ~ (p=0.132 n=6)
Search/TagValueSuffixes/VariableTimeRange/1d-8             19.97Mi ±  0%   19.98Mi ±  0%       ~ (p=0.394 n=6)   19.91Mi ±  0%   -0.30% (p=0.002 n=6)   20.08Mi ±  1%        ~ (p=0.093 n=6)
Search/TagValueSuffixes/VariableTimeRange/1w-8             21.69Mi ±  0%   21.73Mi ±  0%       ~ (p=0.132 n=6)   21.72Mi ±  1%        ~ (p=0.310 n=6)   21.80Mi ±  0%   +0.51% (p=0.002 n=6)
Search/TagValueSuffixes/VariableTimeRange/1m-8             13.18Mi ±  0%   13.19Mi ±  0%       ~ (p=0.288 n=6)   13.40Mi ±  0%   +1.61% (p=0.002 n=6)   13.22Mi ±  0%   +0.28% (p=0.037 n=6)
Search/TagValueSuffixes/VariableTimeRange/2m-8             19.74Mi ±  0%   19.79Mi ±  0%       ~ (p=0.065 n=6)   16.48Mi ±  0%  -16.55% (p=0.002 n=6)   13.26Mi ±  0%  -32.85% (p=0.002 n=6)
Search/TagValueSuffixes/VariableTimeRange/6m-8             13.18Mi ±  0%   13.20Mi ±  0%  +0.19% (p=0.041 n=6)   13.98Mi ±  0%   +6.11% (p=0.002 n=6)   14.88Mi ±  0%  +12.87% (p=0.002 n=6)
Search/GraphitePaths/VariableSeries/100-8                  38.40Ki ±  0%   39.00Ki ±  0%  +1.57% (p=0.002 n=6)   39.89Ki ±  0%   +3.87% (p=0.002 n=6)   38.92Ki ±  0%   +1.35% (p=0.002 n=6)
Search/GraphitePaths/VariableSeries/1000-8                 536.7Ki ±  0%   537.4Ki ±  0%  +0.13% (p=0.002 n=6)   537.5Ki ±  0%   +0.16% (p=0.002 n=6)   538.5Ki ±  0%   +0.35% (p=0.002 n=6)
Search/GraphitePaths/VariableSeries/10000-8                4.296Mi ±  0%   4.303Mi ±  0%  +0.17% (p=0.002 n=6)   4.298Mi ±  0%   +0.04% (p=0.002 n=6)   4.309Mi ±  0%   +0.29% (p=0.002 n=6)
Search/GraphitePaths/VariableSeries/100000-8               35.98Mi ±  0%   36.02Mi ±  0%  +0.13% (p=0.004 n=6)   35.71Mi ±  0%   -0.75% (p=0.002 n=6)   36.22Mi ±  0%   +0.67% (p=0.002 n=6)
Search/GraphitePaths/VariableSeries/1000000-8              537.6Mi ±  0%   533.4Mi ±  0%  -0.77% (p=0.002 n=6)   534.0Mi ±  0%   -0.67% (p=0.002 n=6)   536.0Mi ±  0%   -0.29% (p=0.002 n=6)
Search/GraphitePaths/VariableTimeRange/1d-8                35.97Mi ±  0%   36.05Mi ±  0%  +0.22% (p=0.015 n=6)   35.76Mi ±  0%   -0.59% (p=0.002 n=6)   36.14Mi ±  0%   +0.47% (p=0.002 n=6)
Search/GraphitePaths/VariableTimeRange/1w-8                37.78Mi ±  0%   37.95Mi ±  0%  +0.45% (p=0.002 n=6)   37.68Mi ±  0%        ~ (p=0.065 n=6)   37.88Mi ±  0%   +0.26% (p=0.041 n=6)
Search/GraphitePaths/VariableTimeRange/1m-8                29.11Mi ±  0%   29.20Mi ±  0%  +0.29% (p=0.002 n=6)   29.62Mi ±  0%   +1.73% (p=0.002 n=6)   29.05Mi ±  0%   -0.23% (p=0.015 n=6)
Search/GraphitePaths/VariableTimeRange/2m-8                36.02Mi ±  1%   36.08Mi ±  1%       ~ (p=0.699 n=6)   32.40Mi ±  0%  -10.03% (p=0.002 n=6)   29.31Mi ±  1%  -18.61% (p=0.002 n=6)
Search/GraphitePaths/VariableTimeRange/6m-8                29.11Mi ±  0%   29.23Mi ±  1%  +0.41% (p=0.002 n=6)   31.42Mi ±  0%   +7.93% (p=0.002 n=6)   33.93Mi ±  0%  +16.55% (p=0.002 n=6)
geomean                                                    7.775Mi         7.796Mi        +0.28%                 8.018Mi         -0.45%                 7.544Mi         -2.96%

                                                     │ v1.127.0-CurrOnly │         pt-index-CurrOnly          │          pt-index-CurrPt           │          pt-index-PtOnly           │
                                                     │     allocs/op     │  allocs/op   vs base               │  allocs/op   vs base               │  allocs/op   vs base               │
Search/Data/VariableSeries/100-8                              244.0 ± 0%    259.0 ± 0%   +6.15% (p=0.002 n=6)    273.0 ± 1%  +11.89% (p=0.002 n=6)    259.0 ± 0%   +6.15% (p=0.002 n=6)
Search/Data/VariableSeries/1000-8                            2.050k ± 0%   2.066k ± 0%   +0.78% (p=0.002 n=6)   2.085k ± 0%   +1.71% (p=0.002 n=6)   2.075k ± 0%   +1.20% (p=0.002 n=6)
Search/Data/VariableSeries/10000-8                           20.09k ± 0%   20.25k ± 0%   +0.80% (p=0.002 n=6)   20.22k ± 0%   +0.64% (p=0.002 n=6)   20.11k ± 0%   +0.07% (p=0.002 n=6)
Search/Data/VariableSeries/100000-8                          201.6k ± 0%   202.9k ± 0%   +0.60% (p=0.002 n=6)   201.8k ± 0%        ~ (p=0.065 n=6)   201.6k ± 0%        ~ (p=0.455 n=6)
Search/Data/VariableSeries/1000000-8                         2.041M ± 0%   2.051M ± 0%   +0.49% (p=0.002 n=6)   2.040M ± 0%   -0.03% (p=0.002 n=6)   2.046M ± 0%        ~ (p=0.310 n=6)
Search/Data/VariableTimeRange/1d-8                           202.0k ± 0%   203.0k ± 1%        ~ (p=0.061 n=6)   201.7k ± 0%   -0.17% (p=0.006 n=6)   201.6k ± 2%        ~ (p=0.069 n=6)
Search/Data/VariableTimeRange/1w-8                           202.2k ± 0%   202.9k ± 1%        ~ (p=0.065 n=6)   201.7k ± 0%   -0.22% (p=0.009 n=6)   201.7k ± 0%   -0.25% (p=0.004 n=6)
Search/Data/VariableTimeRange/1m-8                           201.8k ± 0%   203.5k ± 0%   +0.81% (p=0.002 n=6)   201.9k ± 2%        ~ (p=0.589 n=6)   201.8k ± 0%        ~ (p=0.699 n=6)
Search/Data/VariableTimeRange/2m-8                           201.7k ± 0%   202.3k ± 0%   +0.28% (p=0.026 n=6)   201.8k ± 1%        ~ (p=0.221 n=6)   201.6k ± 0%        ~ (p=0.394 n=6)
Search/Data/VariableTimeRange/6m-8                           201.9k ± 0%   204.9k ± 0%   +1.51% (p=0.002 n=6)   202.0k ± 0%   +0.09% (p=0.022 n=6)   201.8k ± 0%        ~ (p=0.061 n=6)
Search/MetricNames/VariableSeries/100-8                       135.0 ± 0%    145.0 ± 0%   +7.41% (p=0.002 n=6)    150.0 ± 0%  +11.11% (p=0.002 n=6)    146.0 ± 0%   +8.15% (p=0.002 n=6)
Search/MetricNames/VariableSeries/1000-8                     1.041k ± 0%   1.053k ± 0%   +1.15% (p=0.002 n=6)   1.064k ± 0%   +2.21% (p=0.002 n=6)   1.058k ± 0%   +1.63% (p=0.002 n=6)
Search/MetricNames/VariableSeries/10000-8                    10.08k ± 0%   10.14k ± 0%   +0.53% (p=0.002 n=6)   10.09k ± 0%   +0.11% (p=0.002 n=6)   10.16k ± 0%   +0.76% (p=0.002 n=6)
Search/MetricNames/VariableSeries/100000-8                   100.5k ± 0%   101.0k ± 0%   +0.42% (p=0.002 n=6)   100.8k ± 0%   +0.30% (p=0.002 n=6)   100.5k ± 0%        ~ (p=0.223 n=6)
Search/MetricNames/VariableSeries/1000000-8                  1.020M ± 0%   1.020M ± 1%        ~ (p=0.615 n=6)   1.016M ± 0%        ~ (p=0.818 n=6)   1.020M ± 0%        ~ (p=0.093 n=6)
Search/MetricNames/VariableTimeRange/1d-8                    100.6k ± 0%   101.0k ± 0%   +0.32% (p=0.002 n=6)   101.2k ± 0%   +0.59% (p=0.002 n=6)   100.5k ± 0%   -0.10% (p=0.015 n=6)
Search/MetricNames/VariableTimeRange/1w-8                    100.6k ± 0%   101.0k ± 0%   +0.38% (p=0.002 n=6)   101.2k ± 0%   +0.59% (p=0.002 n=6)   100.6k ± 0%        ~ (p=0.485 n=6)
Search/MetricNames/VariableTimeRange/1m-8                    100.5k ± 0%   101.1k ± 0%   +0.51% (p=0.002 n=6)   101.2k ± 0%   +0.67% (p=0.002 n=6)   100.5k ± 0%   -0.02% (p=0.004 n=6)
Search/MetricNames/VariableTimeRange/2m-8                    100.6k ± 0%   101.0k ± 0%   +0.41% (p=0.002 n=6)   100.9k ± 0%   +0.36% (p=0.002 n=6)   100.5k ± 0%   -0.03% (p=0.006 n=6)
Search/MetricNames/VariableTimeRange/6m-8                    100.5k ± 0%   101.3k ± 1%   +0.78% (p=0.002 n=6)   101.3k ± 0%   +0.78% (p=0.002 n=6)   100.5k ± 0%   -0.03% (p=0.004 n=6)
Search/LabelNames/VariableSeries/100-8                        169.0 ± 0%    188.0 ± 1%  +11.24% (p=0.002 n=6)    204.0 ± 0%  +20.71% (p=0.002 n=6)    190.0 ± 0%  +12.43% (p=0.002 n=6)
Search/LabelNames/VariableSeries/1000-8                      1.096k ± 0%   1.115k ± 0%   +1.73% (p=0.002 n=6)   1.153k ± 0%   +5.20% (p=0.002 n=6)   1.126k ± 0%   +2.74% (p=0.002 n=6)
Search/LabelNames/VariableSeries/10000-8                     10.25k ± 0%   10.32k ± 0%   +0.69% (p=0.002 n=6)   10.29k ± 0%   +0.39% (p=0.002 n=6)   10.38k ± 2%   +1.23% (p=0.002 n=6)
Search/LabelNames/VariableSeries/100000-8                    101.4k ± 0%   101.7k ± 0%   +0.32% (p=0.002 n=6)   101.5k ± 0%   +0.06% (p=0.002 n=6)   103.2k ± 0%   +1.76% (p=0.002 n=6)
Search/LabelNames/VariableSeries/1000000-8                   1.021M ± 0%   1.023M ± 1%        ~ (p=0.937 n=6)   1.021M ± 0%        ~ (p=0.065 n=6)   1.021M ± 0%        ~ (p=0.180 n=6)
Search/LabelNames/VariableTimeRange/1d-8                     101.6k ± 0%   101.5k ± 0%        ~ (p=0.394 n=6)   102.2k ± 0%   +0.61% (p=0.002 n=6)   101.4k ± 0%        ~ (p=0.368 n=6)
Search/LabelNames/VariableTimeRange/1w-8                     101.7k ± 0%   102.1k ± 0%   +0.35% (p=0.002 n=6)   102.2k ± 0%   +0.45% (p=0.002 n=6)   101.8k ± 0%   +0.06% (p=0.002 n=6)
Search/LabelNames/VariableTimeRange/1m-8                     100.8k ± 0%   101.3k ± 0%   +0.48% (p=0.002 n=6)   101.2k ± 0%   +0.39% (p=0.002 n=6)   100.9k ± 0%   +0.05% (p=0.002 n=6)
Search/LabelNames/VariableTimeRange/2m-8                     102.2k ± 0%   102.6k ± 0%   +0.35% (p=0.002 n=6)   101.8k ± 0%   -0.46% (p=0.002 n=6)   101.2k ± 1%        ~ (p=0.056 n=6)
Search/LabelNames/VariableTimeRange/6m-8                     100.8k ± 0%   101.5k ± 0%   +0.68% (p=0.002 n=6)   101.0k ± 0%   +0.19% (p=0.002 n=6)   101.1k ± 0%   +0.27% (p=0.002 n=6)
Search/LabelValues/VariableSeries/100-8                       173.0 ± 0%    194.0 ± 1%  +12.14% (p=0.002 n=6)    208.0 ± 0%  +20.23% (p=0.002 n=6)    194.5 ± 0%  +12.43% (p=0.002 n=6)
Search/LabelValues/VariableSeries/1000-8                     1.100k ± 0%   1.121k ± 0%   +1.91% (p=0.002 n=6)   1.154k ± 0%   +4.91% (p=0.002 n=6)   1.131k ± 0%   +2.82% (p=0.002 n=6)
Search/LabelValues/VariableSeries/10000-8                    10.26k ± 0%   10.30k ± 0%   +0.47% (p=0.002 n=6)   10.40k ± 0%   +1.39% (p=0.002 n=6)   10.38k ± 0%   +1.18% (p=0.002 n=6)
Search/LabelValues/VariableSeries/100000-8                   101.4k ± 0%   101.8k ± 0%   +0.45% (p=0.002 n=6)   101.5k ± 0%   +0.06% (p=0.002 n=6)   103.1k ± 0%   +1.64% (p=0.002 n=6)
Search/LabelValues/VariableSeries/1000000-8                  1.021M ± 0%   1.021M ± 1%        ~ (p=0.738 n=6)   1.021M ± 0%        ~ (p=0.394 n=6)   1.021M ± 0%        ~ (p=0.394 n=6)
Search/LabelValues/VariableTimeRange/1d-8                    101.4k ± 0%   101.9k ± 0%   +0.53% (p=0.002 n=6)   101.9k ± 0%   +0.55% (p=0.002 n=6)   101.4k ± 0%   +0.02% (p=0.002 n=6)
Search/LabelValues/VariableTimeRange/1w-8                    101.7k ± 0%   102.1k ± 0%   +0.39% (p=0.002 n=6)   102.1k ± 0%   +0.39% (p=0.002 n=6)   101.8k ± 0%   +0.05% (p=0.002 n=6)
Search/LabelValues/VariableTimeRange/1m-8                    100.8k ± 0%   101.3k ± 0%   +0.45% (p=0.002 n=6)   100.9k ± 0%   +0.08% (p=0.002 n=6)   100.9k ± 0%   +0.05% (p=0.002 n=6)
Search/LabelValues/VariableTimeRange/2m-8                    102.2k ± 0%   102.4k ± 0%   +0.22% (p=0.002 n=6)   101.7k ± 0%   -0.43% (p=0.002 n=6)   102.3k ± 0%   +0.14% (p=0.002 n=6)
Search/LabelValues/VariableTimeRange/6m-8                    100.8k ± 0%   101.6k ± 0%   +0.71% (p=0.002 n=6)   101.0k ± 0%   +0.19% (p=0.002 n=6)   101.1k ± 0%   +0.27% (p=0.002 n=6)
Search/TagValueSuffixes/VariableSeries/100-8                  158.0 ± 0%    174.0 ± 1%  +10.13% (p=0.002 n=6)    186.0 ± 1%  +17.72% (p=0.002 n=6)    174.0 ± 0%  +10.13% (p=0.002 n=6)
Search/TagValueSuffixes/VariableSeries/1000-8                1.085k ± 0%   1.102k ± 0%   +1.57% (p=0.002 n=6)   1.132k ± 0%   +4.33% (p=0.002 n=6)   1.110k ± 0%   +2.30% (p=0.002 n=6)
Search/TagValueSuffixes/VariableSeries/10000-8               10.24k ± 0%   10.32k ± 0%   +0.76% (p=0.002 n=6)   10.29k ± 0%   +0.48% (p=0.002 n=6)   10.35k ± 0%   +1.05% (p=0.002 n=6)
Search/TagValueSuffixes/VariableSeries/100000-8              101.4k ± 0%   101.9k ± 0%   +0.48% (p=0.002 n=6)   101.4k ± 0%   +0.06% (p=0.002 n=6)   102.9k ± 0%   +1.49% (p=0.002 n=6)
Search/TagValueSuffixes/VariableSeries/1000000-8             1.021M ± 0%   1.021M ± 0%   -0.04% (p=0.013 n=6)   1.021M ± 0%        ~ (p=0.065 n=6)   1.021M ± 0%        ~ (p=0.589 n=6)
Search/TagValueSuffixes/VariableTimeRange/1d-8               101.4k ± 0%   101.8k ± 0%   +0.46% (p=0.002 n=6)   101.4k ± 0%   +0.05% (p=0.002 n=6)   103.0k ± 2%   +1.63% (p=0.002 n=6)
Search/TagValueSuffixes/VariableTimeRange/1w-8               101.7k ± 0%   102.0k ± 0%   +0.37% (p=0.002 n=6)   101.7k ± 0%   +0.08% (p=0.002 n=6)   102.8k ± 0%   +1.09% (p=0.002 n=6)
Search/TagValueSuffixes/VariableTimeRange/1m-8               100.8k ± 0%   101.2k ± 0%   +0.40% (p=0.002 n=6)   101.0k ± 0%   +0.13% (p=0.002 n=6)   101.6k ± 1%   +0.79% (p=0.002 n=6)
Search/TagValueSuffixes/VariableTimeRange/2m-8               102.0k ± 0%   102.3k ± 0%   +0.31% (p=0.002 n=6)   101.6k ± 0%   -0.42% (p=0.002 n=6)   102.2k ± 0%   +0.19% (p=0.002 n=6)
Search/TagValueSuffixes/VariableTimeRange/6m-8               100.8k ± 0%   101.4k ± 1%   +0.61% (p=0.002 n=6)   101.0k ± 0%   +0.17% (p=0.002 n=6)   101.8k ± 0%   +0.92% (p=0.002 n=6)
Search/GraphitePaths/VariableSeries/100-8                     316.0 ± 0%    335.0 ± 1%   +6.01% (p=0.002 n=6)    391.0 ± 0%  +23.73% (p=0.002 n=6)    333.0 ± 0%   +5.38% (p=0.002 n=6)
Search/GraphitePaths/VariableSeries/1000-8                   2.166k ± 0%   2.188k ± 0%   +0.99% (p=0.002 n=6)   2.259k ± 0%   +4.29% (p=0.002 n=6)   2.208k ± 0%   +1.92% (p=0.002 n=6)
Search/GraphitePaths/VariableSeries/10000-8                  20.46k ± 0%   20.62k ± 0%   +0.82% (p=0.002 n=6)   20.59k ± 0%   +0.66% (p=0.002 n=6)   20.73k ± 0%   +1.35% (p=0.002 n=6)
Search/GraphitePaths/VariableSeries/100000-8                 202.9k ± 0%   203.7k ± 0%   +0.42% (p=0.002 n=6)   202.6k ± 0%   -0.13% (p=0.002 n=6)   206.8k ± 0%   +1.94% (p=0.002 n=6)
Search/GraphitePaths/VariableSeries/1000000-8                2.038M ± 0%   2.048M ± 1%        ~ (p=0.065 n=6)   2.037M ± 0%   -0.02% (p=0.002 n=6)   2.037M ± 0%   -0.01% (p=0.002 n=6)
Search/GraphitePaths/VariableTimeRange/1d-8                  202.5k ± 0%   203.8k ± 0%   +0.64% (p=0.002 n=6)   203.9k ± 1%   +0.66% (p=0.002 n=6)   206.3k ± 0%   +1.89% (p=0.002 n=6)
Search/GraphitePaths/VariableTimeRange/1w-8                  202.8k ± 0%   204.1k ± 0%   +0.62% (p=0.002 n=6)   204.2k ± 0%   +0.65% (p=0.002 n=6)   205.7k ± 0%   +1.43% (p=0.002 n=6)
Search/GraphitePaths/VariableTimeRange/1m-8                  201.9k ± 0%   203.4k ± 0%   +0.72% (p=0.002 n=6)   203.3k ± 0%   +0.67% (p=0.002 n=6)   203.8k ± 0%   +0.94% (p=0.002 n=6)
Search/GraphitePaths/VariableTimeRange/2m-8                  203.7k ± 0%   204.3k ± 0%   +0.31% (p=0.002 n=6)   203.9k ± 0%        ~ (p=0.132 n=6)   206.0k ± 0%   +1.17% (p=0.002 n=6)
Search/GraphitePaths/VariableTimeRange/6m-8                  201.9k ± 0%   204.1k ± 1%   +1.08% (p=0.002 n=6)   202.4k ± 1%   +0.24% (p=0.002 n=6)   203.9k ± 0%   +0.98% (p=0.002 n=6)
geomean                                                      42.27k        42.85k        +1.38%                 43.42k        +2.18%                 42.89k        +1.46%
