goos: linux
goarch: amd64
pkg: github.com/VictoriaMetrics/VictoriaMetrics/lib/storage
cpu: AMD EPYC 7B12
                                                     │ v1.127.0-CurrOnly │         issue-7599-CurrOnly          │          issue-7599-PtOnly           │          issue-7599-CurrPt           │
                                                     │      sec/op       │    sec/op      vs base               │    sec/op      vs base               │    sec/op      vs base               │
Search/Data/VariableSeries/100-8                            74.88µ ± 15%    93.93µ ±  8%  +25.44% (p=0.002 n=6)    85.46µ ±  6%  +14.13% (p=0.026 n=6)   115.99µ ±  2%  +54.90% (p=0.002 n=6)
Search/Data/VariableSeries/1000-8                           534.8µ ±  4%    590.8µ ±  4%  +10.48% (p=0.002 n=6)    585.1µ ±  3%   +9.40% (p=0.002 n=6)    697.6µ ±  1%  +30.44% (p=0.002 n=6)
Search/Data/VariableSeries/10000-8                          6.802m ±  6%    7.563m ±  1%  +11.19% (p=0.002 n=6)    6.958m ±  5%        ~ (p=0.394 n=6)    7.832m ±  4%  +15.15% (p=0.002 n=6)
Search/Data/VariableSeries/100000-8                         106.4m ± 10%    111.2m ±  5%        ~ (p=0.132 n=6)    106.9m ±  7%        ~ (p=0.937 n=6)    106.5m ±  6%        ~ (p=0.818 n=6)
Search/Data/VariableSeries/1000000-8                         4.257 ±  4%     3.773 ±  3%  -11.37% (p=0.002 n=6)     4.104 ± 24%        ~ (p=0.240 n=6)     4.200 ± 10%        ~ (p=0.818 n=6)
Search/Data/VariableTimeRange/1d-8                          113.0m ±  5%    114.3m ±  6%        ~ (p=0.310 n=6)    111.7m ±  7%        ~ (p=0.310 n=6)    104.7m ±  9%        ~ (p=0.065 n=6)
Search/Data/VariableTimeRange/1w-8                          114.0m ±  7%    110.5m ±  5%        ~ (p=0.240 n=6)    106.7m ±  3%   -6.42% (p=0.026 n=6)    113.7m ±  5%        ~ (p=0.589 n=6)
Search/Data/VariableTimeRange/1m-8                          123.4m ± 13%    123.3m ±  5%        ~ (p=0.937 n=6)    110.2m ±  5%  -10.71% (p=0.015 n=6)    113.8m ±  6%   -7.78% (p=0.041 n=6)
Search/Data/VariableTimeRange/2m-8                          108.2m ±  6%    113.4m ±  7%        ~ (p=0.485 n=6)    117.7m ±  7%   +8.79% (p=0.026 n=6)    107.5m ±  9%        ~ (p=0.485 n=6)
Search/Data/VariableTimeRange/6m-8                          119.9m ± 10%    133.6m ±  8%  +11.36% (p=0.015 n=6)    113.4m ±  5%   -5.43% (p=0.015 n=6)    127.6m ±  8%        ~ (p=0.485 n=6)
Search/MetricNames/VariableSeries/100-8                     36.47µ ±  9%    41.42µ ±  1%  +13.56% (p=0.002 n=6)    44.15µ ±  4%  +21.06% (p=0.002 n=6)    52.20µ ±  5%  +43.12% (p=0.002 n=6)
Search/MetricNames/VariableSeries/1000-8                    224.5µ ±  3%    244.8µ ±  4%   +9.08% (p=0.002 n=6)    247.8µ ±  4%  +10.39% (p=0.002 n=6)    244.7µ ±  3%   +9.00% (p=0.002 n=6)
Search/MetricNames/VariableSeries/10000-8                   2.426m ±  3%    2.522m ±  4%   +3.94% (p=0.002 n=6)    2.384m ±  3%   -1.76% (p=0.026 n=6)    2.335m ±  3%   -3.76% (p=0.004 n=6)
Search/MetricNames/VariableSeries/100000-8                  38.73m ±  7%    43.79m ±  7%  +13.06% (p=0.002 n=6)    41.84m ±  8%   +8.03% (p=0.041 n=6)    31.64m ± 10%  -18.31% (p=0.002 n=6)
Search/MetricNames/VariableSeries/1000000-8                1165.8m ±  5%   1083.2m ±  3%   -7.09% (p=0.002 n=6)   1172.2m ±  9%        ~ (p=0.699 n=6)    672.3m ±  7%  -42.33% (p=0.002 n=6)
Search/MetricNames/VariableTimeRange/1d-8                   43.35m ± 19%    42.00m ±  9%        ~ (p=0.589 n=6)    41.90m ± 10%        ~ (p=0.310 n=6)    31.43m ± 13%  -27.50% (p=0.004 n=6)
Search/MetricNames/VariableTimeRange/1w-8                   43.35m ±  7%    41.76m ± 15%        ~ (p=0.180 n=6)    42.47m ±  5%        ~ (p=0.699 n=6)    32.40m ± 12%  -25.26% (p=0.002 n=6)
Search/MetricNames/VariableTimeRange/1m-8                   39.14m ± 13%    41.96m ±  7%   +7.20% (p=0.026 n=6)    31.92m ± 13%  -18.44% (p=0.004 n=6)    32.03m ±  9%  -18.17% (p=0.009 n=6)
Search/MetricNames/VariableTimeRange/2m-8                   38.00m ±  4%    41.38m ±  9%   +8.91% (p=0.002 n=6)    42.62m ± 23%        ~ (p=0.065 n=6)    35.34m ± 15%   -7.00% (p=0.002 n=6)
Search/MetricNames/VariableTimeRange/6m-8                   45.52m ±  7%    41.87m ±  6%   -8.02% (p=0.009 n=6)    21.40m ±  9%  -52.99% (p=0.002 n=6)    29.79m ±  8%  -34.55% (p=0.002 n=6)
Search/LabelNames/VariableSeries/100-8                      58.29µ ±  6%    64.42µ ±  3%  +10.52% (p=0.002 n=6)    69.45µ ±  9%  +19.14% (p=0.002 n=6)    74.44µ ±  5%  +27.70% (p=0.002 n=6)
Search/LabelNames/VariableSeries/1000-8                     411.6µ ±  2%    412.9µ ±  1%        ~ (p=0.485 n=6)    423.2µ ±  2%   +2.82% (p=0.006 n=6)    371.6µ ±  2%   -9.73% (p=0.002 n=6)
Search/LabelNames/VariableSeries/10000-8                    4.058m ±  2%    4.199m ±  2%   +3.46% (p=0.009 n=6)    4.232m ±  3%   +4.29% (p=0.009 n=6)    2.972m ±  1%  -26.76% (p=0.002 n=6)
Search/LabelNames/VariableSeries/100000-8                   59.21m ± 23%    55.55m ±  9%        ~ (p=0.065 n=6)    52.39m ±  5%  -11.52% (p=0.002 n=6)    35.94m ±  6%  -39.30% (p=0.002 n=6)
Search/LabelNames/VariableSeries/1000000-8                 1548.5m ±  7%   1634.3m ±  7%        ~ (p=0.394 n=6)   1541.0m ±  4%        ~ (p=0.589 n=6)    941.0m ±  6%  -39.23% (p=0.002 n=6)
Search/LabelNames/VariableTimeRange/1d-8                    59.70m ± 15%    54.20m ±  4%        ~ (p=0.240 n=6)    59.07m ± 12%        ~ (p=0.699 n=6)    36.77m ±  5%  -38.41% (p=0.002 n=6)
Search/LabelNames/VariableTimeRange/1w-8                    38.05m ±  6%    36.90m ±  6%        ~ (p=0.394 n=6)    39.68m ± 11%        ~ (p=0.240 n=6)    28.58m ±  5%  -24.89% (p=0.002 n=6)
Search/LabelNames/VariableTimeRange/1m-8                    40.58m ± 13%    39.33m ±  6%        ~ (p=0.937 n=6)    28.03m ±  5%  -30.93% (p=0.002 n=6)    31.01m ±  7%  -23.59% (p=0.002 n=6)
Search/LabelNames/VariableTimeRange/2m-8                    34.56m ±  7%    33.37m ±  4%        ~ (p=0.093 n=6)    36.11m ± 20%        ~ (p=0.132 n=6)    29.42m ±  9%  -14.87% (p=0.002 n=6)
Search/LabelNames/VariableTimeRange/6m-8                    40.90m ± 12%    38.35m ±  5%   -6.23% (p=0.015 n=6)    22.49m ±  7%  -45.02% (p=0.002 n=6)    24.87m ±  4%  -39.20% (p=0.002 n=6)
Search/LabelValues/VariableSeries/100-8                     60.19µ ± 11%    63.09µ ±  2%        ~ (p=0.180 n=6)    68.88µ ± 13%  +14.43% (p=0.004 n=6)    67.12µ ±  3%  +11.51% (p=0.015 n=6)
Search/LabelValues/VariableSeries/1000-8                    410.5µ ±  2%    409.7µ ±  1%        ~ (p=0.818 n=6)    423.7µ ±  1%   +3.22% (p=0.002 n=6)    343.5µ ±  3%  -16.32% (p=0.002 n=6)
Search/LabelValues/VariableSeries/10000-8                   4.313m ±  2%    4.099m ±  3%   -4.96% (p=0.004 n=6)    4.215m ±  2%   -2.29% (p=0.015 n=6)    2.863m ±  2%  -33.61% (p=0.002 n=6)
Search/LabelValues/VariableSeries/100000-8                  60.20m ± 13%    56.95m ± 12%        ~ (p=0.240 n=6)    56.18m ±  4%        ~ (p=0.310 n=6)    35.42m ±  6%  -41.17% (p=0.002 n=6)
Search/LabelValues/VariableSeries/1000000-8                1502.8m ± 18%   1597.5m ±  4%        ~ (p=0.310 n=6)   1573.1m ±  4%        ~ (p=0.310 n=6)    943.1m ±  7%  -37.24% (p=0.002 n=6)
Search/LabelValues/VariableTimeRange/1d-8                   60.80m ± 19%    52.10m ±  5%        ~ (p=0.065 n=6)    56.92m ± 12%        ~ (p=0.937 n=6)    36.31m ± 14%  -40.28% (p=0.002 n=6)
Search/LabelValues/VariableTimeRange/1w-8                   39.35m ±  7%    36.97m ± 11%        ~ (p=0.310 n=6)    39.09m ±  8%        ~ (p=0.937 n=6)    28.32m ±  4%  -28.03% (p=0.002 n=6)
Search/LabelValues/VariableTimeRange/1m-8                   43.72m ±  9%    38.86m ±  8%  -11.11% (p=0.004 n=6)    30.27m ± 10%  -30.76% (p=0.002 n=6)    27.74m ±  6%  -36.56% (p=0.002 n=6)
Search/LabelValues/VariableTimeRange/2m-8                   33.80m ±  5%    35.94m ± 10%        ~ (p=0.240 n=6)    41.44m ±  8%  +22.61% (p=0.002 n=6)    29.09m ±  6%  -13.92% (p=0.002 n=6)
Search/LabelValues/VariableTimeRange/6m-8                   38.04m ± 17%    38.35m ±  7%        ~ (p=1.000 n=6)    21.88m ±  5%  -42.48% (p=0.002 n=6)    24.39m ±  7%  -35.87% (p=0.002 n=6)
Search/TagValueSuffixes/VariableSeries/100-8                58.15µ ±  8%    57.21µ ±  5%        ~ (p=0.485 n=6)    62.72µ ±  7%   +7.85% (p=0.015 n=6)    63.15µ ±  4%   +8.59% (p=0.002 n=6)
Search/TagValueSuffixes/VariableSeries/1000-8               395.0µ ±  2%    388.3µ ±  2%        ~ (p=0.065 n=6)    401.9µ ±  2%        ~ (p=0.065 n=6)    341.4µ ±  4%  -13.58% (p=0.002 n=6)
Search/TagValueSuffixes/VariableSeries/10000-8              3.880m ±  4%    3.875m ±  3%        ~ (p=1.000 n=6)    4.017m ±  3%   +3.53% (p=0.015 n=6)    2.703m ±  1%  -30.33% (p=0.002 n=6)
Search/TagValueSuffixes/VariableSeries/100000-8             54.98m ±  5%    51.26m ±  9%        ~ (p=0.065 n=6)    49.38m ±  4%  -10.19% (p=0.002 n=6)    34.53m ±  6%  -37.20% (p=0.002 n=6)
Search/TagValueSuffixes/VariableSeries/1000000-8           1496.7m ±  8%   1496.0m ±  8%        ~ (p=0.937 n=6)   1570.1m ±  3%   +4.91% (p=0.041 n=6)    883.3m ±  4%  -40.99% (p=0.002 n=6)
Search/TagValueSuffixes/VariableTimeRange/1d-8              47.35m ±  8%    48.55m ± 10%        ~ (p=0.240 n=6)    53.58m ±  8%  +13.16% (p=0.004 n=6)    31.61m ± 10%  -33.23% (p=0.002 n=6)
Search/TagValueSuffixes/VariableTimeRange/1w-8              33.50m ±  8%    32.81m ± 10%        ~ (p=0.485 n=6)    33.93m ± 10%        ~ (p=0.310 n=6)    24.87m ±  3%  -25.74% (p=0.002 n=6)
Search/TagValueSuffixes/VariableTimeRange/1m-8              31.97m ± 15%    34.60m ±  3%        ~ (p=0.180 n=6)    27.47m ±  8%  -14.09% (p=0.002 n=6)    25.33m ±  3%  -20.79% (p=0.002 n=6)
Search/TagValueSuffixes/VariableTimeRange/2m-8              32.77m ±  9%    31.41m ±  4%        ~ (p=0.093 n=6)    35.94m ±  8%   +9.69% (p=0.041 n=6)    25.05m ±  1%  -23.54% (p=0.002 n=6)
Search/TagValueSuffixes/VariableTimeRange/6m-8              34.15m ±  9%    34.19m ±  7%        ~ (p=1.000 n=6)    19.66m ±  7%  -42.44% (p=0.002 n=6)    22.52m ±  6%  -34.06% (p=0.002 n=6)
Search/GraphitePaths/VariableSeries/100-8                   127.0µ ±  6%    127.1µ ±  4%        ~ (p=0.937 n=6)    141.1µ ±  4%  +11.14% (p=0.002 n=6)    119.8µ ±  6%   -5.62% (p=0.026 n=6)
Search/GraphitePaths/VariableSeries/1000-8                  983.9µ ±  2%    957.6µ ± 10%        ~ (p=0.065 n=6)    954.2µ ±  2%   -3.02% (p=0.009 n=6)    619.9µ ±  3%  -36.99% (p=0.002 n=6)
Search/GraphitePaths/VariableSeries/10000-8                 9.164m ±  8%    9.808m ±  4%   +7.03% (p=0.015 n=6)    9.727m ±  3%   +6.14% (p=0.026 n=6)    5.443m ±  3%  -40.60% (p=0.002 n=6)
Search/GraphitePaths/VariableSeries/100000-8               129.33m ± 14%   123.02m ±  4%        ~ (p=0.240 n=6)   128.46m ±  3%        ~ (p=1.000 n=6)    68.70m ±  6%  -46.88% (p=0.002 n=6)
Search/GraphitePaths/VariableSeries/1000000-8                3.012 ±  8%     3.098 ±  8%        ~ (p=0.240 n=6)     3.103 ±  3%        ~ (p=0.394 n=6)     1.638 ±  6%  -45.62% (p=0.002 n=6)
Search/GraphitePaths/VariableTimeRange/1d-8                136.44m ±  9%   121.80m ± 12%  -10.73% (p=0.041 n=6)   132.90m ± 11%        ~ (p=0.485 n=6)    66.68m ±  9%  -51.13% (p=0.002 n=6)
Search/GraphitePaths/VariableTimeRange/1w-8                113.02m ±  6%   109.93m ±  7%        ~ (p=0.065 n=6)   113.37m ± 10%        ~ (p=0.818 n=6)    66.84m ±  8%  -40.86% (p=0.002 n=6)
Search/GraphitePaths/VariableTimeRange/1m-8                113.10m ±  6%   111.35m ±  7%        ~ (p=0.485 n=6)    61.37m ±  7%  -45.74% (p=0.002 n=6)    61.95m ±  8%  -45.23% (p=0.002 n=6)
Search/GraphitePaths/VariableTimeRange/2m-8                111.64m ± 13%   106.68m ±  5%        ~ (p=0.394 n=6)   100.94m ± 14%        ~ (p=0.132 n=6)    59.55m ± 13%  -46.66% (p=0.002 n=6)
Search/GraphitePaths/VariableTimeRange/6m-8                106.47m ± 13%   107.96m ± 11%        ~ (p=0.937 n=6)    39.96m ±  3%  -62.47% (p=0.002 n=6)    57.70m ±  9%  -45.81% (p=0.002 n=6)
Search/Data/PrevVariableSeries/100-8                                                                                                                      112.0µ ±  7%
Search/Data/PrevVariableSeries/1000-8                                                                                                                     765.2µ ±  4%
Search/Data/PrevVariableSeries/10000-8                                                                                                                    8.353m ±  4%
Search/Data/PrevVariableSeries/100000-8                                                                                                                   112.9m ±  5%
Search/Data/PrevVariableSeries/1000000-8                                                                                                                   3.937 ±  4%
Search/Data/PrevVariableTimeRange/1d-8                                                                                                                    111.3m ±  7%
Search/Data/PrevVariableTimeRange/1w-8                                                                                                                    111.9m ±  5%
Search/Data/PrevVariableTimeRange/1m-8                                                                                                                    110.6m ±  8%
Search/Data/PrevVariableTimeRange/2m-8                                                                                                                    116.4m ±  9%
Search/Data/PrevVariableTimeRange/6m-8                                                                                                                    123.0m ±  8%
Search/MetricNames/PrevVariableSeries/100-8                                                                                                               44.54µ ±  5%
Search/MetricNames/PrevVariableSeries/1000-8                                                                                                              242.3µ ±  9%
Search/MetricNames/PrevVariableSeries/10000-8                                                                                                             2.077m ±  4%
Search/MetricNames/PrevVariableSeries/100000-8                                                                                                            26.14m ± 10%
Search/MetricNames/PrevVariableSeries/1000000-8                                                                                                           559.7m ±  5%
Search/MetricNames/PrevVariableTimeRange/1d-8                                                                                                             28.35m ±  5%
Search/MetricNames/PrevVariableTimeRange/1w-8                                                                                                             27.55m ± 10%
Search/MetricNames/PrevVariableTimeRange/1m-8                                                                                                             28.28m ±  4%
Search/MetricNames/PrevVariableTimeRange/2m-8                                                                                                             27.58m ± 11%
Search/MetricNames/PrevVariableTimeRange/6m-8                                                                                                             26.36m ±  6%
Search/LabelNames/PrevVariableSeries/100-8                                                                                                                81.78µ ±  3%
Search/LabelNames/PrevVariableSeries/1000-8                                                                                                               330.9µ ±  1%
Search/LabelNames/PrevVariableSeries/10000-8                                                                                                              2.331m ±  1%
Search/LabelNames/PrevVariableSeries/100000-8                                                                                                             33.88m ±  7%
Search/LabelNames/PrevVariableSeries/1000000-8                                                                                                            685.3m ±  5%
Search/LabelNames/PrevVariableTimeRange/1d-8                                                                                                              33.48m ±  5%
Search/LabelNames/PrevVariableTimeRange/1w-8                                                                                                              27.64m ±  3%
Search/LabelNames/PrevVariableTimeRange/1m-8                                                                                                              27.72m ±  4%
Search/LabelNames/PrevVariableTimeRange/2m-8                                                                                                              26.54m ±  5%
Search/LabelNames/PrevVariableTimeRange/6m-8                                                                                                              25.60m ±  2%
Search/LabelValues/PrevVariableSeries/100-8                                                                                                               71.14µ ±  5%
Search/LabelValues/PrevVariableSeries/1000-8                                                                                                              302.1µ ±  2%
Search/LabelValues/PrevVariableSeries/10000-8                                                                                                             2.195m ±  1%
Search/LabelValues/PrevVariableSeries/100000-8                                                                                                            33.12m ±  5%
Search/LabelValues/PrevVariableSeries/1000000-8                                                                                                           676.2m ±  4%
Search/LabelValues/PrevVariableTimeRange/1d-8                                                                                                             34.04m ±  1%
Search/LabelValues/PrevVariableTimeRange/1w-8                                                                                                             28.75m ±  4%
Search/LabelValues/PrevVariableTimeRange/1m-8                                                                                                             28.77m ±  3%
Search/LabelValues/PrevVariableTimeRange/2m-8                                                                                                             28.62m ± 10%
Search/LabelValues/PrevVariableTimeRange/6m-8                                                                                                             28.54m ±  6%
Search/TagValueSuffixes/PrevVariableSeries/100-8                                                                                                          63.55µ ±  4%
Search/TagValueSuffixes/PrevVariableSeries/1000-8                                                                                                         291.9µ ±  4%
Search/TagValueSuffixes/PrevVariableSeries/10000-8                                                                                                        2.146m ±  2%
Search/TagValueSuffixes/PrevVariableSeries/100000-8                                                                                                       30.72m ±  2%
Search/TagValueSuffixes/PrevVariableSeries/1000000-8                                                                                                      621.7m ±  6%
Search/TagValueSuffixes/PrevVariableTimeRange/1d-8                                                                                                        31.91m ±  2%
Search/TagValueSuffixes/PrevVariableTimeRange/1w-8                                                                                                        26.63m ±  3%
Search/TagValueSuffixes/PrevVariableTimeRange/1m-8                                                                                                        24.92m ±  4%
Search/TagValueSuffixes/PrevVariableTimeRange/2m-8                                                                                                        25.12m ±  3%
Search/TagValueSuffixes/PrevVariableTimeRange/6m-8                                                                                                        25.11m ±  7%
Search/GraphitePaths/PrevVariableSeries/100-8                                                                                                             133.0µ ±  5%
Search/GraphitePaths/PrevVariableSeries/1000-8                                                                                                            522.4µ ±  2%
Search/GraphitePaths/PrevVariableSeries/10000-8                                                                                                           4.130m ±  3%
Search/GraphitePaths/PrevVariableSeries/100000-8                                                                                                          57.84m ±  5%
Search/GraphitePaths/PrevVariableSeries/1000000-8                                                                                                          1.062 ±  4%
Search/GraphitePaths/PrevVariableTimeRange/1d-8                                                                                                           55.91m ±  4%
Search/GraphitePaths/PrevVariableTimeRange/1w-8                                                                                                           55.49m ±  4%
Search/GraphitePaths/PrevVariableTimeRange/1m-8                                                                                                           50.00m ±  6%
Search/GraphitePaths/PrevVariableTimeRange/2m-8                                                                                                           51.54m ±  5%
Search/GraphitePaths/PrevVariableTimeRange/6m-8                                                                                                           50.27m ±  8%
geomean                                                     20.13m          20.18m         +0.28%                  18.86m         -6.30%                  14.86m        -22.85%

                                                     │ v1.127.0-CurrOnly │        issue-7599-CurrOnly         │          issue-7599-PtOnly          │          issue-7599-CurrPt          │
                                                     │       B/op        │     B/op      vs base              │     B/op      vs base               │     B/op      vs base               │
Search/Data/VariableSeries/100-8                            34.99Ki ± 0%   35.55Ki ± 0%  +1.60% (p=0.002 n=6)   33.97Ki ± 0%   -2.92% (p=0.002 n=6)   37.92Ki ± 0%   +8.39% (p=0.002 n=6)
Search/Data/VariableSeries/1000-8                           331.2Ki ± 0%   331.7Ki ± 0%  +0.15% (p=0.002 n=6)   316.8Ki ± 0%   -4.37% (p=0.002 n=6)   349.2Ki ± 0%   +5.42% (p=0.002 n=6)
Search/Data/VariableSeries/10000-8                          3.247Mi ± 0%   3.258Mi ± 0%  +0.33% (p=0.002 n=6)   3.095Mi ± 0%   -4.67% (p=0.002 n=6)   3.418Mi ± 0%   +5.28% (p=0.002 n=6)
Search/Data/VariableSeries/100000-8                         36.64Mi ± 1%   36.93Mi ± 1%       ~ (p=0.065 n=6)   35.07Mi ± 1%   -4.30% (p=0.002 n=6)   38.25Mi ± 1%   +4.40% (p=0.002 n=6)
Search/Data/VariableSeries/1000000-8                        649.1Mi ± 0%   644.1Mi ± 0%  -0.76% (p=0.002 n=6)   626.9Mi ± 1%   -3.41% (p=0.002 n=6)   658.9Mi ± 0%   +1.51% (p=0.002 n=6)
Search/Data/VariableTimeRange/1d-8                          37.11Mi ± 1%   37.19Mi ± 1%       ~ (p=0.240 n=6)   35.72Mi ± 1%   -3.74% (p=0.002 n=6)   38.23Mi ± 1%   +3.01% (p=0.002 n=6)
Search/Data/VariableTimeRange/1w-8                          37.37Mi ± 1%   37.06Mi ± 1%       ~ (p=0.180 n=6)   35.38Mi ± 0%   -5.32% (p=0.002 n=6)   38.95Mi ± 1%   +4.24% (p=0.002 n=6)
Search/Data/VariableTimeRange/1m-8                          37.53Mi ± 2%   37.56Mi ± 1%       ~ (p=0.180 n=6)   38.50Mi ± 1%   +2.60% (p=0.002 n=6)   39.13Mi ± 1%   +4.29% (p=0.002 n=6)
Search/Data/VariableTimeRange/2m-8                          36.94Mi ± 1%   37.40Mi ± 2%       ~ (p=0.699 n=6)   35.63Mi ± 8%        ~ (p=0.065 n=6)   38.39Mi ± 2%   +3.93% (p=0.002 n=6)
Search/Data/VariableTimeRange/6m-8                          37.31Mi ± 2%   38.06Mi ± 2%  +2.02% (p=0.002 n=6)   38.95Mi ± 1%   +4.40% (p=0.002 n=6)   40.00Mi ± 2%   +7.22% (p=0.002 n=6)
Search/MetricNames/VariableSeries/100-8                     16.51Ki ± 0%   16.85Ki ± 0%  +2.07% (p=0.002 n=6)   15.30Ki ± 0%   -7.32% (p=0.002 n=6)   16.19Ki ± 0%   -1.93% (p=0.002 n=6)
Search/MetricNames/VariableSeries/1000-8                    172.5Ki ± 0%   172.9Ki ± 0%  +0.23% (p=0.002 n=6)   157.5Ki ± 0%   -8.69% (p=0.002 n=6)   165.4Ki ± 0%   -4.13% (p=0.002 n=6)
Search/MetricNames/VariableSeries/10000-8                   1.573Mi ± 0%   1.576Mi ± 0%  +0.16% (p=0.002 n=6)   1.424Mi ± 0%   -9.49% (p=0.002 n=6)   1.498Mi ± 0%   -4.77% (p=0.002 n=6)
Search/MetricNames/VariableSeries/100000-8                  15.02Mi ± 0%   15.05Mi ± 0%  +0.26% (p=0.041 n=6)   13.50Mi ± 0%  -10.06% (p=0.002 n=6)   14.23Mi ± 0%   -5.23% (p=0.002 n=6)
Search/MetricNames/VariableSeries/1000000-8                 250.2Mi ± 1%   249.7Mi ± 0%  -0.21% (p=0.002 n=6)   234.8Mi ± 2%   -6.16% (p=0.002 n=6)   205.6Mi ± 1%  -17.82% (p=0.002 n=6)
Search/MetricNames/VariableTimeRange/1d-8                   15.04Mi ± 0%   15.04Mi ± 0%       ~ (p=0.818 n=6)   13.57Mi ± 0%   -9.80% (p=0.002 n=6)   14.24Mi ± 0%   -5.33% (p=0.002 n=6)
Search/MetricNames/VariableTimeRange/1w-8                   15.13Mi ± 0%   15.09Mi ± 0%  -0.25% (p=0.004 n=6)   13.66Mi ± 0%   -9.72% (p=0.002 n=6)   14.31Mi ± 0%   -5.39% (p=0.002 n=6)
Search/MetricNames/VariableTimeRange/1m-8                   15.02Mi ± 0%   15.04Mi ± 0%       ~ (p=0.065 n=6)   14.27Mi ± 0%   -4.99% (p=0.002 n=6)   14.62Mi ± 0%   -2.64% (p=0.002 n=6)
Search/MetricNames/VariableTimeRange/2m-8                   15.12Mi ± 0%   15.13Mi ± 0%       ~ (p=0.240 n=6)   13.51Mi ± 0%  -10.64% (p=0.002 n=6)   14.29Mi ± 0%   -5.46% (p=0.002 n=6)
Search/MetricNames/VariableTimeRange/6m-8                   15.04Mi ± 0%   15.07Mi ± 0%  +0.18% (p=0.009 n=6)   14.24Mi ± 0%   -5.29% (p=0.002 n=6)   14.67Mi ± 0%   -2.47% (p=0.002 n=6)
Search/LabelNames/VariableSeries/100-8                      22.26Ki ± 0%   22.84Ki ± 0%  +2.60% (p=0.002 n=6)   22.90Ki ± 0%   +2.86% (p=0.002 n=6)   22.79Ki ± 0%   +2.40% (p=0.002 n=6)
Search/LabelNames/VariableSeries/1000-8                     307.1Ki ± 0%   307.6Ki ± 0%  +0.18% (p=0.002 n=6)   308.2Ki ± 0%   +0.37% (p=0.002 n=6)   308.1Ki ± 0%   +0.32% (p=0.002 n=6)
Search/LabelNames/VariableSeries/10000-8                    2.473Mi ± 0%   2.474Mi ± 0%  +0.05% (p=0.002 n=6)   2.480Mi ± 0%   +0.28% (p=0.002 n=6)   2.475Mi ± 0%   +0.09% (p=0.002 n=6)
Search/LabelNames/VariableSeries/100000-8                   20.80Mi ± 0%   20.79Mi ± 0%       ~ (p=0.589 n=6)   20.78Mi ± 0%   -0.13% (p=0.015 n=6)   20.69Mi ± 0%   -0.53% (p=0.002 n=6)
Search/LabelNames/VariableSeries/1000000-8                  307.4Mi ± 1%   305.1Mi ± 0%  -0.73% (p=0.004 n=6)   305.0Mi ± 0%   -0.76% (p=0.004 n=6)   305.4Mi ± 0%   -0.65% (p=0.026 n=6)
Search/LabelNames/VariableTimeRange/1d-8                    20.81Mi ± 0%   20.77Mi ± 0%  -0.21% (p=0.041 n=6)   20.87Mi ± 0%   +0.30% (p=0.041 n=6)   20.74Mi ± 0%   -0.35% (p=0.004 n=6)
Search/LabelNames/VariableTimeRange/1w-8                    22.61Mi ± 0%   22.60Mi ± 0%       ~ (p=0.485 n=6)   22.65Mi ± 0%        ~ (p=0.093 n=6)   22.55Mi ± 0%        ~ (p=0.180 n=6)
Search/LabelNames/VariableTimeRange/1m-8                    14.00Mi ± 0%   14.01Mi ± 0%       ~ (p=0.065 n=6)   14.02Mi ± 0%   +0.11% (p=0.026 n=6)   14.23Mi ± 0%   +1.62% (p=0.002 n=6)
Search/LabelNames/VariableTimeRange/2m-8                    20.82Mi ± 0%   20.81Mi ± 0%       ~ (p=0.937 n=6)   13.99Mi ± 0%  -32.79% (p=0.002 n=6)   17.41Mi ± 0%  -16.35% (p=0.002 n=6)
Search/LabelNames/VariableTimeRange/6m-8                    14.00Mi ± 0%   14.02Mi ± 0%       ~ (p=0.093 n=6)   15.64Mi ± 0%  +11.74% (p=0.002 n=6)   14.80Mi ± 0%   +5.70% (p=0.002 n=6)
Search/LabelValues/VariableSeries/100-8                     22.38Ki ± 0%   23.00Ki ± 0%  +2.78% (p=0.002 n=6)   23.06Ki ± 0%   +3.02% (p=0.002 n=6)   22.94Ki ± 0%   +2.49% (p=0.002 n=6)
Search/LabelValues/VariableSeries/1000-8                    307.1Ki ± 0%   307.7Ki ± 0%  +0.21% (p=0.002 n=6)   308.3Ki ± 0%   +0.37% (p=0.002 n=6)   307.8Ki ± 0%   +0.24% (p=0.002 n=6)
Search/LabelValues/VariableSeries/10000-8                   2.472Mi ± 0%   2.474Mi ± 0%  +0.07% (p=0.002 n=6)   2.480Mi ± 0%   +0.30% (p=0.002 n=6)   2.478Mi ± 0%   +0.21% (p=0.002 n=6)
Search/LabelValues/VariableSeries/100000-8                  20.78Mi ± 0%   20.78Mi ± 0%       ~ (p=0.589 n=6)   20.77Mi ± 0%        ~ (p=0.394 n=6)   20.68Mi ± 0%   -0.48% (p=0.002 n=6)
Search/LabelValues/VariableSeries/1000000-8                 305.5Mi ± 1%   305.0Mi ± 0%       ~ (p=0.310 n=6)   305.1Mi ± 0%        ~ (p=0.485 n=6)   305.1Mi ± 0%        ~ (p=0.699 n=6)
Search/LabelValues/VariableTimeRange/1d-8                   20.79Mi ± 0%   20.75Mi ± 0%       ~ (p=0.310 n=6)   20.86Mi ± 0%        ~ (p=0.093 n=6)   20.71Mi ± 0%   -0.36% (p=0.002 n=6)
Search/LabelValues/VariableTimeRange/1w-8                   22.52Mi ± 0%   22.52Mi ± 0%       ~ (p=1.000 n=6)   22.59Mi ± 0%   +0.33% (p=0.026 n=6)   22.50Mi ± 0%        ~ (p=0.310 n=6)
Search/LabelValues/VariableTimeRange/1m-8                   14.00Mi ± 0%   14.01Mi ± 0%       ~ (p=0.485 n=6)   14.03Mi ± 0%   +0.22% (p=0.004 n=6)   14.17Mi ± 0%   +1.22% (p=0.002 n=6)
Search/LabelValues/VariableTimeRange/2m-8                   20.61Mi ± 0%   20.60Mi ± 1%       ~ (p=0.937 n=6)   14.00Mi ± 0%  -32.08% (p=0.002 n=6)   17.30Mi ± 0%  -16.06% (p=0.002 n=6)
Search/LabelValues/VariableTimeRange/6m-8                   13.98Mi ± 0%   13.99Mi ± 0%       ~ (p=0.485 n=6)   15.60Mi ± 0%  +11.62% (p=0.002 n=6)   14.77Mi ± 0%   +5.66% (p=0.002 n=6)
Search/TagValueSuffixes/VariableSeries/100-8                21.35Ki ± 0%   21.90Ki ± 0%  +2.54% (p=0.002 n=6)   21.94Ki ± 0%   +2.73% (p=0.002 n=6)   21.80Ki ± 0%   +2.11% (p=0.002 n=6)
Search/TagValueSuffixes/VariableSeries/1000-8               299.0Ki ± 0%   299.6Ki ± 0%  +0.18% (p=0.002 n=6)   300.1Ki ± 0%   +0.35% (p=0.002 n=6)   299.8Ki ± 0%   +0.24% (p=0.002 n=6)
Search/TagValueSuffixes/VariableSeries/10000-8              2.396Mi ± 0%   2.399Mi ± 0%  +0.14% (p=0.002 n=6)   2.401Mi ± 0%   +0.24% (p=0.002 n=6)   2.398Mi ± 0%   +0.08% (p=0.002 n=6)
Search/TagValueSuffixes/VariableSeries/100000-8             19.99Mi ± 0%   19.99Mi ± 0%       ~ (p=0.937 n=6)   19.98Mi ± 0%        ~ (p=0.310 n=6)   19.92Mi ± 0%   -0.35% (p=0.002 n=6)
Search/TagValueSuffixes/VariableSeries/1000000-8            300.3Mi ± 0%   297.3Mi ± 0%  -0.99% (p=0.002 n=6)   299.5Mi ± 1%   -0.27% (p=0.015 n=6)   297.4Mi ± 0%   -0.95% (p=0.002 n=6)
Search/TagValueSuffixes/VariableTimeRange/1d-8              19.97Mi ± 0%   19.97Mi ± 0%       ~ (p=0.394 n=6)   20.10Mi ± 0%   +0.65% (p=0.002 n=6)   19.90Mi ± 0%   -0.36% (p=0.002 n=6)
Search/TagValueSuffixes/VariableTimeRange/1w-8              21.73Mi ± 0%   21.71Mi ± 0%       ~ (p=0.818 n=6)   21.79Mi ± 0%        ~ (p=0.065 n=6)   21.68Mi ± 0%   -0.25% (p=0.041 n=6)
Search/TagValueSuffixes/VariableTimeRange/1m-8              13.19Mi ± 0%   13.20Mi ± 0%  +0.10% (p=0.004 n=6)   13.20Mi ± 0%   +0.07% (p=0.041 n=6)   13.40Mi ± 0%   +1.60% (p=0.002 n=6)
Search/TagValueSuffixes/VariableTimeRange/2m-8              19.81Mi ± 0%   19.78Mi ± 0%       ~ (p=0.132 n=6)   13.20Mi ± 0%  -33.34% (p=0.002 n=6)   16.51Mi ± 0%  -16.67% (p=0.002 n=6)
Search/TagValueSuffixes/VariableTimeRange/6m-8              13.19Mi ± 0%   13.21Mi ± 0%       ~ (p=0.093 n=6)   14.82Mi ± 0%  +12.40% (p=0.002 n=6)   14.01Mi ± 0%   +6.26% (p=0.002 n=6)
Search/GraphitePaths/VariableSeries/100-8                   38.40Ki ± 0%   39.00Ki ± 0%  +1.58% (p=0.002 n=6)   39.15Ki ± 0%   +1.96% (p=0.002 n=6)   40.01Ki ± 0%   +4.19% (p=0.002 n=6)
Search/GraphitePaths/VariableSeries/1000-8                  536.7Ki ± 0%   537.4Ki ± 0%  +0.13% (p=0.002 n=6)   538.7Ki ± 0%   +0.37% (p=0.002 n=6)   538.6Ki ± 0%   +0.35% (p=0.002 n=6)
Search/GraphitePaths/VariableSeries/10000-8                 4.296Mi ± 0%   4.303Mi ± 0%  +0.17% (p=0.002 n=6)   4.309Mi ± 0%   +0.30% (p=0.002 n=6)   4.294Mi ± 0%   -0.04% (p=0.002 n=6)
Search/GraphitePaths/VariableSeries/100000-8                36.06Mi ± 0%   36.01Mi ± 0%       ~ (p=0.065 n=6)   35.95Mi ± 0%   -0.30% (p=0.002 n=6)   35.74Mi ± 0%   -0.87% (p=0.002 n=6)
Search/GraphitePaths/VariableSeries/1000000-8               537.5Mi ± 0%   533.1Mi ± 0%  -0.82% (p=0.002 n=6)   535.7Mi ± 0%   -0.33% (p=0.002 n=6)   533.8Mi ± 0%   -0.69% (p=0.002 n=6)
Search/GraphitePaths/VariableTimeRange/1d-8                 35.97Mi ± 1%   36.00Mi ± 0%       ~ (p=0.240 n=6)   36.22Mi ± 0%   +0.68% (p=0.009 n=6)   35.74Mi ± 0%   -0.65% (p=0.002 n=6)
Search/GraphitePaths/VariableTimeRange/1w-8                 37.78Mi ± 0%   37.91Mi ± 0%       ~ (p=0.132 n=6)   37.91Mi ± 1%        ~ (p=0.093 n=6)   37.71Mi ± 0%        ~ (p=0.699 n=6)
Search/GraphitePaths/VariableTimeRange/1m-8                 29.11Mi ± 0%   29.15Mi ± 0%  +0.12% (p=0.026 n=6)   28.98Mi ± 0%   -0.45% (p=0.002 n=6)   29.59Mi ± 0%   +1.63% (p=0.002 n=6)
Search/GraphitePaths/VariableTimeRange/2m-8                 36.22Mi ± 1%   36.17Mi ± 0%       ~ (p=0.394 n=6)   29.07Mi ± 0%  -19.75% (p=0.002 n=6)   32.36Mi ± 0%  -10.66% (p=0.002 n=6)
Search/GraphitePaths/VariableTimeRange/6m-8                 29.11Mi ± 0%   29.18Mi ± 0%       ~ (p=0.240 n=6)   33.87Mi ± 0%  +16.33% (p=0.002 n=6)   31.44Mi ± 0%   +7.99% (p=0.002 n=6)
Search/Data/PrevVariableSeries/100-8                                                                                                                  39.05Ki ± 0%
Search/Data/PrevVariableSeries/1000-8                                                                                                                 353.7Ki ± 0%
Search/Data/PrevVariableSeries/10000-8                                                                                                                3.462Mi ± 0%
Search/Data/PrevVariableSeries/100000-8                                                                                                               39.08Mi ± 1%
Search/Data/PrevVariableSeries/1000000-8                                                                                                              662.1Mi ± 0%
Search/Data/PrevVariableTimeRange/1d-8                                                                                                                38.86Mi ± 1%
Search/Data/PrevVariableTimeRange/1w-8                                                                                                                39.33Mi ± 1%
Search/Data/PrevVariableTimeRange/1m-8                                                                                                                38.88Mi ± 1%
Search/Data/PrevVariableTimeRange/2m-8                                                                                                                39.36Mi ± 2%
Search/Data/PrevVariableTimeRange/6m-8                                                                                                                39.82Mi ± 1%
Search/MetricNames/PrevVariableSeries/100-8                                                                                                           16.59Ki ± 0%
Search/MetricNames/PrevVariableSeries/1000-8                                                                                                          168.0Ki ± 0%
Search/MetricNames/PrevVariableSeries/10000-8                                                                                                         1.535Mi ± 0%
Search/MetricNames/PrevVariableSeries/100000-8                                                                                                        14.47Mi ± 0%
Search/MetricNames/PrevVariableSeries/1000000-8                                                                                                       204.3Mi ± 1%
Search/MetricNames/PrevVariableTimeRange/1d-8                                                                                                         14.49Mi ± 0%
Search/MetricNames/PrevVariableTimeRange/1w-8                                                                                                         14.53Mi ± 0%
Search/MetricNames/PrevVariableTimeRange/1m-8                                                                                                         14.48Mi ± 0%
Search/MetricNames/PrevVariableTimeRange/2m-8                                                                                                         14.54Mi ± 0%
Search/MetricNames/PrevVariableTimeRange/6m-8                                                                                                         14.66Mi ± 0%
Search/LabelNames/PrevVariableSeries/100-8                                                                                                            29.52Ki ± 0%
Search/LabelNames/PrevVariableSeries/1000-8                                                                                                           254.1Ki ± 0%
Search/LabelNames/PrevVariableSeries/10000-8                                                                                                          2.069Mi ± 0%
Search/LabelNames/PrevVariableSeries/100000-8                                                                                                         27.35Mi ± 0%
Search/LabelNames/PrevVariableSeries/1000000-8                                                                                                        252.6Mi ± 0%
Search/LabelNames/PrevVariableTimeRange/1d-8                                                                                                          27.39Mi ± 0%
Search/LabelNames/PrevVariableTimeRange/1w-8                                                                                                          25.95Mi ± 0%
Search/LabelNames/PrevVariableTimeRange/1m-8                                                                                                          17.31Mi ± 0%
Search/LabelNames/PrevVariableTimeRange/2m-8                                                                                                          22.01Mi ± 0%
Search/LabelNames/PrevVariableTimeRange/6m-8                                                                                                          16.51Mi ± 0%
Search/LabelValues/PrevVariableSeries/100-8                                                                                                           29.64Ki ± 0%
Search/LabelValues/PrevVariableSeries/1000-8                                                                                                          254.1Ki ± 0%
Search/LabelValues/PrevVariableSeries/10000-8                                                                                                         2.066Mi ± 0%
Search/LabelValues/PrevVariableSeries/100000-8                                                                                                        27.33Mi ± 0%
Search/LabelValues/PrevVariableSeries/1000000-8                                                                                                       252.4Mi ± 0%
Search/LabelValues/PrevVariableTimeRange/1d-8                                                                                                         27.36Mi ± 0%
Search/LabelValues/PrevVariableTimeRange/1w-8                                                                                                         25.90Mi ± 0%
Search/LabelValues/PrevVariableTimeRange/1m-8                                                                                                         17.32Mi ± 0%
Search/LabelValues/PrevVariableTimeRange/2m-8                                                                                                         21.92Mi ± 0%
Search/LabelValues/PrevVariableTimeRange/6m-8                                                                                                         16.49Mi ± 0%
Search/TagValueSuffixes/PrevVariableSeries/100-8                                                                                                      28.48Ki ± 0%
Search/TagValueSuffixes/PrevVariableSeries/1000-8                                                                                                     246.0Ki ± 0%
Search/TagValueSuffixes/PrevVariableSeries/10000-8                                                                                                    1.991Mi ± 0%
Search/TagValueSuffixes/PrevVariableSeries/100000-8                                                                                                   26.59Mi ± 0%
Search/TagValueSuffixes/PrevVariableSeries/1000000-8                                                                                                  244.8Mi ± 1%
Search/TagValueSuffixes/PrevVariableTimeRange/1d-8                                                                                                    26.59Mi ± 0%
Search/TagValueSuffixes/PrevVariableTimeRange/1w-8                                                                                                    25.14Mi ± 0%
Search/TagValueSuffixes/PrevVariableTimeRange/1m-8                                                                                                    16.50Mi ± 0%
Search/TagValueSuffixes/PrevVariableTimeRange/2m-8                                                                                                    21.11Mi ± 0%
Search/TagValueSuffixes/PrevVariableTimeRange/6m-8                                                                                                    15.68Mi ± 0%
Search/GraphitePaths/PrevVariableSeries/100-8                                                                                                         54.55Ki ± 0%
Search/GraphitePaths/PrevVariableSeries/1000-8                                                                                                        431.8Ki ± 0%
Search/GraphitePaths/PrevVariableSeries/10000-8                                                                                                       3.480Mi ± 0%
Search/GraphitePaths/PrevVariableSeries/100000-8                                                                                                      49.01Mi ± 0%
Search/GraphitePaths/PrevVariableSeries/1000000-8                                                                                                     428.2Mi ± 0%
Search/GraphitePaths/PrevVariableTimeRange/1d-8                                                                                                       49.01Mi ± 0%
Search/GraphitePaths/PrevVariableTimeRange/1w-8                                                                                                       47.66Mi ± 0%
Search/GraphitePaths/PrevVariableTimeRange/1m-8                                                                                                       38.91Mi ± 0%
Search/GraphitePaths/PrevVariableTimeRange/2m-8                                                                                                       43.68Mi ± 0%
Search/GraphitePaths/PrevVariableTimeRange/6m-8                                                                                                       36.46Mi ± 0%
geomean                                                     7.768Mi        7.788Mi       +0.26%                 7.526Mi        -3.12%                 8.000Mi        -0.67%

                                                     │ v1.127.0-CurrOnly │        issue-7599-CurrOnly         │         issue-7599-PtOnly          │         issue-7599-CurrPt          │
                                                     │     allocs/op     │  allocs/op   vs base               │  allocs/op   vs base               │  allocs/op   vs base               │
Search/Data/VariableSeries/100-8                              244.0 ± 0%    259.0 ± 0%   +6.15% (p=0.002 n=6)    259.0 ± 0%   +6.15% (p=0.002 n=6)    273.0 ± 1%  +11.89% (p=0.002 n=6)
Search/Data/VariableSeries/1000-8                            2.050k ± 0%   2.065k ± 0%   +0.73% (p=0.002 n=6)   2.074k ± 0%   +1.15% (p=0.002 n=6)   2.085k ± 0%   +1.71% (p=0.002 n=6)
Search/Data/VariableSeries/10000-8                           20.09k ± 0%   20.25k ± 0%   +0.81% (p=0.002 n=6)   20.10k ± 0%   +0.07% (p=0.002 n=6)   20.20k ± 0%   +0.57% (p=0.002 n=6)
Search/Data/VariableSeries/100000-8                          201.5k ± 0%   202.7k ± 0%   +0.61% (p=0.002 n=6)   201.5k ± 0%        ~ (p=0.327 n=6)   201.5k ± 0%        ~ (p=0.119 n=6)
Search/Data/VariableSeries/1000000-8                         2.041M ± 0%   2.051M ± 0%   +0.49% (p=0.009 n=6)   2.040M ± 0%   -0.03% (p=0.041 n=6)   2.040M ± 0%   -0.02% (p=0.002 n=6)
Search/Data/VariableTimeRange/1d-8                           202.0k ± 0%   202.8k ± 1%        ~ (p=0.058 n=6)   205.4k ± 0%   +1.70% (p=0.002 n=6)   201.5k ± 0%   -0.25% (p=0.002 n=6)
Search/Data/VariableTimeRange/1w-8                           202.1k ± 0%   201.7k ± 1%        ~ (p=0.368 n=6)   204.9k ± 0%   +1.43% (p=0.002 n=6)   201.7k ± 0%   -0.16% (p=0.002 n=6)
Search/Data/VariableTimeRange/1m-8                           202.2k ± 0%   203.3k ± 0%   +0.56% (p=0.002 n=6)   205.2k ± 0%   +1.53% (p=0.002 n=6)   201.9k ± 1%        ~ (p=1.000 n=6)
Search/Data/VariableTimeRange/2m-8                           201.6k ± 0%   202.1k ± 0%   +0.29% (p=0.009 n=6)   203.5k ± 1%        ~ (p=0.225 n=6)   201.6k ± 1%        ~ (p=0.394 n=6)
Search/Data/VariableTimeRange/6m-8                           201.7k ± 0%   204.3k ± 0%   +1.32% (p=0.002 n=6)   201.8k ± 0%        ~ (p=0.383 n=6)   202.0k ± 1%   +0.18% (p=0.024 n=6)
Search/MetricNames/VariableSeries/100-8                       135.0 ± 0%    145.0 ± 0%   +7.41% (p=0.002 n=6)    146.0 ± 0%   +8.15% (p=0.002 n=6)    150.0 ± 1%  +11.11% (p=0.002 n=6)
Search/MetricNames/VariableSeries/1000-8                     1.041k ± 0%   1.052k ± 0%   +1.10% (p=0.002 n=6)   1.058k ± 0%   +1.63% (p=0.002 n=6)   1.062k ± 0%   +1.97% (p=0.002 n=6)
Search/MetricNames/VariableSeries/10000-8                    10.08k ± 0%   10.14k ± 0%   +0.55% (p=0.002 n=6)   10.15k ± 0%   +0.66% (p=0.002 n=6)   10.10k ± 0%   +0.15% (p=0.002 n=6)
Search/MetricNames/VariableSeries/100000-8                   100.5k ± 0%   101.0k ± 0%   +0.45% (p=0.002 n=6)   100.5k ± 0%   +0.02% (p=0.022 n=6)   100.7k ± 0%        ~ (p=0.554 n=6)
Search/MetricNames/VariableSeries/1000000-8                  1.020M ± 0%   1.030M ± 0%   +1.05% (p=0.002 n=6)   1.020M ± 0%   +0.00% (p=0.039 n=6)   1.012M ± 0%   -0.75% (p=0.002 n=6)
Search/MetricNames/VariableTimeRange/1d-8                    100.7k ± 0%   101.0k ± 0%   +0.27% (p=0.002 n=6)   101.9k ± 0%   +1.21% (p=0.002 n=6)   101.1k ± 1%        ~ (p=0.065 n=6)
Search/MetricNames/VariableTimeRange/1w-8                    100.7k ± 0%   100.8k ± 0%        ~ (p=1.000 n=6)   101.9k ± 0%   +1.20% (p=0.002 n=6)   101.2k ± 0%   +0.45% (p=0.002 n=6)
Search/MetricNames/VariableTimeRange/1m-8                    100.5k ± 0%   101.0k ± 0%   +0.51% (p=0.002 n=6)   101.6k ± 0%   +1.03% (p=0.002 n=6)   101.1k ± 0%   +0.60% (p=0.002 n=6)
Search/MetricNames/VariableTimeRange/2m-8                    100.5k ± 0%   101.0k ± 0%   +0.43% (p=0.002 n=6)   100.5k ± 1%        ~ (p=1.000 n=6)   100.9k ± 0%   +0.34% (p=0.002 n=6)
Search/MetricNames/VariableTimeRange/6m-8                    100.5k ± 0%   101.3k ± 0%   +0.76% (p=0.002 n=6)   100.5k ± 0%   -0.03% (p=0.002 n=6)   101.3k ± 1%        ~ (p=0.119 n=6)
Search/LabelNames/VariableSeries/100-8                        169.0 ± 0%    188.0 ± 1%  +11.24% (p=0.002 n=6)    190.0 ± 1%  +12.43% (p=0.002 n=6)    204.0 ± 0%  +20.71% (p=0.002 n=6)
Search/LabelNames/VariableSeries/1000-8                      1.096k ± 0%   1.115k ± 0%   +1.73% (p=0.002 n=6)   1.126k ± 0%   +2.74% (p=0.002 n=6)   1.153k ± 0%   +5.20% (p=0.002 n=6)
Search/LabelNames/VariableSeries/10000-8                     10.25k ± 0%   10.28k ± 1%   +0.28% (p=0.002 n=6)   10.39k ± 0%   +1.34% (p=0.002 n=6)   10.29k ± 0%   +0.38% (p=0.002 n=6)
Search/LabelNames/VariableSeries/100000-8                    101.4k ± 0%   101.9k ± 0%   +0.53% (p=0.002 n=6)   101.4k ± 0%   +0.02% (p=0.002 n=6)   101.5k ± 0%   +0.06% (p=0.002 n=6)
Search/LabelNames/VariableSeries/1000000-8                   1.021M ± 0%   1.031M ± 1%        ~ (p=0.394 n=6)   1.021M ± 0%   -0.02% (p=0.041 n=6)   1.021M ± 0%        ~ (p=0.065 n=6)
Search/LabelNames/VariableTimeRange/1d-8                     101.6k ± 0%   101.4k ± 0%        ~ (p=0.784 n=6)   103.2k ± 0%   +1.62% (p=0.002 n=6)   102.1k ± 1%   +0.56% (p=0.026 n=6)
Search/LabelNames/VariableTimeRange/1w-8                     101.8k ± 0%   102.1k ± 0%   +0.33% (p=0.002 n=6)   103.0k ± 0%   +1.15% (p=0.002 n=6)   102.3k ± 0%   +0.54% (p=0.002 n=6)
Search/LabelNames/VariableTimeRange/1m-8                     100.8k ± 0%   101.3k ± 0%   +0.48% (p=0.002 n=6)   101.8k ± 0%   +0.91% (p=0.002 n=6)   101.5k ± 0%   +0.66% (p=0.002 n=6)
Search/LabelNames/VariableTimeRange/2m-8                     102.2k ± 0%   102.6k ± 0%   +0.32% (p=0.002 n=6)   101.2k ± 1%        ~ (p=0.370 n=6)   102.3k ± 0%        ~ (p=0.394 n=6)
Search/LabelNames/VariableTimeRange/6m-8                     100.8k ± 0%   101.6k ± 0%   +0.71% (p=0.002 n=6)   101.1k ± 0%   +0.27% (p=0.002 n=6)   101.0k ± 1%   +0.18% (p=0.002 n=6)
Search/LabelValues/VariableSeries/100-8                       173.0 ± 0%    194.0 ± 1%  +12.14% (p=0.002 n=6)    194.0 ± 1%  +12.14% (p=0.002 n=6)    208.0 ± 0%  +20.23% (p=0.002 n=6)
Search/LabelValues/VariableSeries/1000-8                     1.100k ± 0%   1.121k ± 0%   +1.91% (p=0.002 n=6)   1.131k ± 0%   +2.82% (p=0.002 n=6)   1.154k ± 0%   +4.91% (p=0.002 n=6)
Search/LabelValues/VariableSeries/10000-8                    10.26k ± 0%   10.31k ± 0%   +0.47% (p=0.002 n=6)   10.39k ± 0%   +1.33% (p=0.002 n=6)   10.40k ± 0%   +1.37% (p=0.002 n=6)
Search/LabelValues/VariableSeries/100000-8                   101.4k ± 0%   101.9k ± 0%   +0.54% (p=0.002 n=6)   101.4k ± 0%   +0.02% (p=0.002 n=6)   101.5k ± 0%   +0.05% (p=0.002 n=6)
Search/LabelValues/VariableSeries/1000000-8                  1.021M ± 0%   1.031M ± 1%        ~ (p=0.132 n=6)   1.021M ± 0%        ~ (p=0.699 n=6)   1.021M ± 0%        ~ (p=1.000 n=6)
Search/LabelValues/VariableTimeRange/1d-8                    101.5k ± 0%   101.9k ± 0%   +0.40% (p=0.002 n=6)   103.2k ± 0%   +1.67% (p=0.002 n=6)   102.1k ± 0%   +0.63% (p=0.002 n=6)
Search/LabelValues/VariableTimeRange/1w-8                    101.7k ± 0%   102.1k ± 0%   +0.39% (p=0.002 n=6)   103.0k ± 0%   +1.24% (p=0.002 n=6)   102.2k ± 0%   +0.49% (p=0.002 n=6)
Search/LabelValues/VariableTimeRange/1m-8                    100.8k ± 0%   101.3k ± 0%   +0.50% (p=0.002 n=6)   101.8k ± 0%   +0.99% (p=0.002 n=6)   100.9k ± 0%   +0.08% (p=0.002 n=6)
Search/LabelValues/VariableTimeRange/2m-8                    102.2k ± 0%   102.5k ± 0%   +0.31% (p=0.002 n=6)   101.2k ± 1%        ~ (p=0.058 n=6)   102.3k ± 1%        ~ (p=0.383 n=6)
Search/LabelValues/VariableTimeRange/6m-8                    100.8k ± 0%   101.5k ± 1%   +0.67% (p=0.002 n=6)   101.1k ± 0%   +0.27% (p=0.002 n=6)   101.0k ± 1%   +0.18% (p=0.002 n=6)
Search/TagValueSuffixes/VariableSeries/100-8                  158.0 ± 0%    174.0 ± 1%  +10.13% (p=0.002 n=6)    174.0 ± 0%  +10.13% (p=0.002 n=6)    187.0 ± 1%  +18.35% (p=0.002 n=6)
Search/TagValueSuffixes/VariableSeries/1000-8                1.085k ± 0%   1.101k ± 0%   +1.43% (p=0.002 n=6)   1.110k ± 0%   +2.30% (p=0.002 n=6)   1.133k ± 1%   +4.42% (p=0.002 n=6)
Search/TagValueSuffixes/VariableSeries/10000-8               10.24k ± 0%   10.32k ± 0%   +0.77% (p=0.002 n=6)   10.36k ± 0%   +1.20% (p=0.002 n=6)   10.30k ± 0%   +0.61% (p=0.002 n=6)
Search/TagValueSuffixes/VariableSeries/100000-8              101.4k ± 0%   101.9k ± 0%   +0.50% (p=0.002 n=6)   101.4k ± 0%   +0.01% (p=0.002 n=6)   101.4k ± 0%   +0.05% (p=0.002 n=6)
Search/TagValueSuffixes/VariableSeries/1000000-8             1.021M ± 0%   1.028M ± 1%        ~ (p=0.394 n=6)   1.021M ± 0%        ~ (p=0.699 n=6)   1.021M ± 0%   -0.03% (p=0.002 n=6)
Search/TagValueSuffixes/VariableTimeRange/1d-8               101.4k ± 0%   101.8k ± 0%   +0.46% (p=0.002 n=6)   103.1k ± 0%   +1.72% (p=0.002 n=6)   101.4k ± 0%   +0.05% (p=0.002 n=6)
Search/TagValueSuffixes/VariableTimeRange/1w-8               101.7k ± 0%   102.0k ± 0%   +0.37% (p=0.002 n=6)   102.8k ± 0%   +1.11% (p=0.002 n=6)   101.7k ± 0%   +0.07% (p=0.002 n=6)
Search/TagValueSuffixes/VariableTimeRange/1m-8               100.8k ± 0%   101.2k ± 0%   +0.42% (p=0.002 n=6)   100.9k ± 1%   +0.04% (p=0.002 n=6)   101.1k ± 0%   +0.30% (p=0.002 n=6)
Search/TagValueSuffixes/VariableTimeRange/2m-8               102.0k ± 0%   102.3k ± 0%   +0.31% (p=0.002 n=6)   101.1k ± 0%   -0.91% (p=0.002 n=6)   102.1k ± 0%   +0.03% (p=0.002 n=6)
Search/TagValueSuffixes/VariableTimeRange/6m-8               100.8k ± 0%   101.5k ± 1%   +0.63% (p=0.002 n=6)   101.1k ± 0%   +0.25% (p=0.002 n=6)   101.6k ± 0%   +0.75% (p=0.002 n=6)
Search/GraphitePaths/VariableSeries/100-8                     316.0 ± 0%    335.0 ± 1%   +6.01% (p=0.002 n=6)    337.0 ± 0%   +6.65% (p=0.002 n=6)    394.0 ± 0%  +24.68% (p=0.002 n=6)
Search/GraphitePaths/VariableSeries/1000-8                   2.166k ± 0%   2.188k ± 0%   +0.99% (p=0.002 n=6)   2.208k ± 0%   +1.92% (p=0.002 n=6)   2.281k ± 0%   +5.31% (p=0.002 n=6)
Search/GraphitePaths/VariableSeries/10000-8                  20.46k ± 0%   20.63k ± 0%   +0.84% (p=0.002 n=6)   20.73k ± 0%   +1.34% (p=0.002 n=6)   20.54k ± 0%   +0.40% (p=0.002 n=6)
Search/GraphitePaths/VariableSeries/100000-8                 202.9k ± 0%   203.7k ± 0%   +0.39% (p=0.002 n=6)   202.5k ± 0%   -0.20% (p=0.002 n=6)   203.1k ± 0%        ~ (p=1.000 n=6)
Search/GraphitePaths/VariableSeries/1000000-8                2.038M ± 0%   2.048M ± 0%   +0.50% (p=0.002 n=6)   2.037M ± 0%   -0.01% (p=0.037 n=6)   2.037M ± 0%   -0.02% (p=0.002 n=6)
Search/GraphitePaths/VariableTimeRange/1d-8                  202.5k ± 0%   203.7k ± 0%   +0.60% (p=0.002 n=6)   206.8k ± 0%   +2.13% (p=0.002 n=6)   203.8k ± 1%   +0.64% (p=0.002 n=6)
Search/GraphitePaths/VariableTimeRange/1w-8                  202.8k ± 0%   204.0k ± 0%   +0.56% (p=0.002 n=6)   202.9k ± 2%   +0.03% (p=0.002 n=6)   204.3k ± 0%   +0.74% (p=0.002 n=6)
Search/GraphitePaths/VariableTimeRange/1m-8                  201.9k ± 0%   203.3k ± 0%   +0.65% (p=0.002 n=6)   202.0k ± 0%   +0.05% (p=0.002 n=6)   202.7k ± 0%   +0.40% (p=0.002 n=6)
Search/GraphitePaths/VariableTimeRange/2m-8                  203.7k ± 0%   204.3k ± 0%   +0.30% (p=0.002 n=6)   202.2k ± 0%   -0.73% (p=0.002 n=6)   202.9k ± 1%        ~ (p=0.394 n=6)
Search/GraphitePaths/VariableTimeRange/6m-8                  201.9k ± 0%   203.9k ± 1%   +0.97% (p=0.002 n=6)   202.7k ± 0%   +0.37% (p=0.002 n=6)   202.4k ± 1%   +0.24% (p=0.002 n=6)
Search/Data/PrevVariableSeries/100-8                                                                                                                  285.0 ± 0%
Search/Data/PrevVariableSeries/1000-8                                                                                                                2.128k ± 0%
Search/Data/PrevVariableSeries/10000-8                                                                                                               20.43k ± 0%
Search/Data/PrevVariableSeries/100000-8                                                                                                              202.9k ± 0%
Search/Data/PrevVariableSeries/1000000-8                                                                                                             2.040M ± 0%
Search/Data/PrevVariableTimeRange/1d-8                                                                                                               202.8k ± 0%
Search/Data/PrevVariableTimeRange/1w-8                                                                                                               202.3k ± 0%
Search/Data/PrevVariableTimeRange/1m-8                                                                                                               201.7k ± 0%
Search/Data/PrevVariableTimeRange/2m-8                                                                                                               201.8k ± 1%
Search/Data/PrevVariableTimeRange/6m-8                                                                                                               201.9k ± 0%
Search/MetricNames/PrevVariableSeries/100-8                                                                                                           154.0 ± 0%
Search/MetricNames/PrevVariableSeries/1000-8                                                                                                         1.073k ± 0%
Search/MetricNames/PrevVariableSeries/10000-8                                                                                                        10.17k ± 0%
Search/MetricNames/PrevVariableSeries/100000-8                                                                                                       100.5k ± 0%
Search/MetricNames/PrevVariableSeries/1000000-8                                                                                                      1.012M ± 0%
Search/MetricNames/PrevVariableTimeRange/1d-8                                                                                                        100.8k ± 0%
Search/MetricNames/PrevVariableTimeRange/1w-8                                                                                                        100.6k ± 0%
Search/MetricNames/PrevVariableTimeRange/1m-8                                                                                                        100.5k ± 0%
Search/MetricNames/PrevVariableTimeRange/2m-8                                                                                                        100.6k ± 0%
Search/MetricNames/PrevVariableTimeRange/6m-8                                                                                                        100.5k ± 0%
Search/LabelNames/PrevVariableSeries/100-8                                                                                                            223.0 ± 0%
Search/LabelNames/PrevVariableSeries/1000-8                                                                                                          1.175k ± 0%
Search/LabelNames/PrevVariableSeries/10000-8                                                                                                         10.37k ± 0%
Search/LabelNames/PrevVariableSeries/100000-8                                                                                                        102.0k ± 0%
Search/LabelNames/PrevVariableSeries/1000000-8                                                                                                       1.017M ± 0%
Search/LabelNames/PrevVariableTimeRange/1d-8                                                                                                         102.3k ± 0%
Search/LabelNames/PrevVariableTimeRange/1w-8                                                                                                         102.4k ± 0%
Search/LabelNames/PrevVariableTimeRange/1m-8                                                                                                         101.2k ± 0%
Search/LabelNames/PrevVariableTimeRange/2m-8                                                                                                         102.7k ± 0%
Search/LabelNames/PrevVariableTimeRange/6m-8                                                                                                         101.5k ± 0%
Search/LabelValues/PrevVariableSeries/100-8                                                                                                           225.0 ± 0%
Search/LabelValues/PrevVariableSeries/1000-8                                                                                                         1.175k ± 0%
Search/LabelValues/PrevVariableSeries/10000-8                                                                                                        10.37k ± 0%
Search/LabelValues/PrevVariableSeries/100000-8                                                                                                       102.0k ± 0%
Search/LabelValues/PrevVariableSeries/1000000-8                                                                                                      1.017M ± 0%
Search/LabelValues/PrevVariableTimeRange/1d-8                                                                                                        102.4k ± 0%
Search/LabelValues/PrevVariableTimeRange/1w-8                                                                                                        102.1k ± 0%
Search/LabelValues/PrevVariableTimeRange/1m-8                                                                                                        101.8k ± 1%
Search/LabelValues/PrevVariableTimeRange/2m-8                                                                                                        102.5k ± 0%
Search/LabelValues/PrevVariableTimeRange/6m-8                                                                                                        101.7k ± 0%
Search/TagValueSuffixes/PrevVariableSeries/100-8                                                                                                      203.0 ± 0%
Search/TagValueSuffixes/PrevVariableSeries/1000-8                                                                                                    1.155k ± 0%
Search/TagValueSuffixes/PrevVariableSeries/10000-8                                                                                                   10.34k ± 0%
Search/TagValueSuffixes/PrevVariableSeries/100000-8                                                                                                  102.3k ± 0%
Search/TagValueSuffixes/PrevVariableSeries/1000000-8                                                                                                 1.017M ± 0%
Search/TagValueSuffixes/PrevVariableTimeRange/1d-8                                                                                                   102.0k ± 1%
Search/TagValueSuffixes/PrevVariableTimeRange/1w-8                                                                                                   102.3k ± 0%
Search/TagValueSuffixes/PrevVariableTimeRange/1m-8                                                                                                   101.1k ± 1%
Search/TagValueSuffixes/PrevVariableTimeRange/2m-8                                                                                                   102.1k ± 0%
Search/TagValueSuffixes/PrevVariableTimeRange/6m-8                                                                                                   101.1k ± 0%
Search/GraphitePaths/PrevVariableSeries/100-8                                                                                                         459.0 ± 0%
Search/GraphitePaths/PrevVariableSeries/1000-8                                                                                                       2.344k ± 0%
Search/GraphitePaths/PrevVariableSeries/10000-8                                                                                                      20.64k ± 0%
Search/GraphitePaths/PrevVariableSeries/100000-8                                                                                                     203.8k ± 0%
Search/GraphitePaths/PrevVariableSeries/1000000-8                                                                                                    2.029M ± 0%
Search/GraphitePaths/PrevVariableTimeRange/1d-8                                                                                                      204.0k ± 0%
Search/GraphitePaths/PrevVariableTimeRange/1w-8                                                                                                      204.0k ± 0%
Search/GraphitePaths/PrevVariableTimeRange/1m-8                                                                                                      202.9k ± 1%
Search/GraphitePaths/PrevVariableTimeRange/2m-8                                                                                                      204.1k ± 0%
Search/GraphitePaths/PrevVariableTimeRange/6m-8                                                                                                      204.3k ± 1%
geomean                                                      42.27k        42.86k        +1.40%                 42.91k        +1.52%                 43.45k        +2.23%
